2025-02-17 16:24:57.267 [info] Extension host with pid 1229 started
2025-02-17 16:24:57.267 [error] Error: EEXIST: file already exists, open '/teamspace/studios/this_studio/.vscode-server/data/User/workspaceStorage/0fec79bbde99d7b81bcde7872e59ad5b/vscode.lock'
2025-02-17 16:24:57.270 [info] Lock '/teamspace/studios/this_studio/.vscode-server/data/User/workspaceStorage/0fec79bbde99d7b81bcde7872e59ad5b/vscode.lock': Could not acquire lock, checking if the file is stale.
2025-02-17 16:24:57.275 [info] Lock '/teamspace/studios/this_studio/.vscode-server/data/User/workspaceStorage/0fec79bbde99d7b81bcde7872e59ad5b/vscode.lock': The pid 36593 appears to be gone.
2025-02-17 16:24:57.275 [info] Lock '/teamspace/studios/this_studio/.vscode-server/data/User/workspaceStorage/0fec79bbde99d7b81bcde7872e59ad5b/vscode.lock': Deleting a stale lock.
2025-02-17 16:24:57.294 [info] Lock '/teamspace/studios/this_studio/.vscode-server/data/User/workspaceStorage/0fec79bbde99d7b81bcde7872e59ad5b/vscode.lock': Lock acquired.
2025-02-17 16:25:00.151 [info] ExtensionService#_doActivateExtension vscode.ipynb, startup: false, activationEvent: 'onNotebookSerializer:jupyter-notebook'
2025-02-17 16:25:00.166 [info] ExtensionService#_doActivateExtension vscode.git-base, startup: false, activationEvent: '*', root cause: vscode.git
2025-02-17 16:25:01.459 [info] ExtensionService#_doActivateExtension vscode.git, startup: false, activationEvent: '*'
2025-02-17 16:25:01.459 [info] ExtensionService#_doActivateExtension vscode.github, startup: false, activationEvent: '*'
2025-02-17 16:25:04.073 [info] Eager extensions activated
2025-02-17 16:25:04.073 [info] ExtensionService#_doActivateExtension vscode.debug-auto-launch, startup: false, activationEvent: 'onStartupFinished'
2025-02-17 16:25:04.074 [info] ExtensionService#_doActivateExtension vscode.merge-conflict, startup: false, activationEvent: 'onStartupFinished'
2025-02-17 16:25:08.351 [info] ExtensionService#_doActivateExtension ms-toolsai.jupyter, startup: false, activationEvent: 'onNotebook:jupyter-notebook'
2025-02-17 16:25:08.351 [info] ExtensionService#_doActivateExtension ms-toolsai.vscode-jupyter-cell-tags, startup: false, activationEvent: 'onNotebook:jupyter-notebook'
2025-02-17 16:25:08.351 [info] ExtensionService#_doActivateExtension ms-toolsai.vscode-jupyter-slideshow, startup: false, activationEvent: 'onNotebook:jupyter-notebook'
2025-02-17 16:25:11.057 [info] ExtensionService#_doActivateExtension ms-python.python, startup: false, activationEvent: 'api', root cause: ms-toolsai.jupyter
2025-02-17 16:25:11.298 [info] ExtensionService#_doActivateExtension ms-toolsai.jupyter-renderers, startup: false, activationEvent: 'api', root cause: ms-toolsai.jupyter
2025-02-17 16:25:13.922 [info] ExtensionService#_doActivateExtension ms-python.vscode-pylance, startup: false, activationEvent: 'api', root cause: ms-python.python
2025-02-17 16:25:22.165 [info] ExtensionService#_doActivateExtension ms-python.debugpy, startup: false, activationEvent: 'onLanguage:python'
2025-02-17 16:25:22.165 [info] ExtensionService#_doActivateExtension vscode.emmet, startup: false, activationEvent: 'onLanguage'
2025-02-17 16:25:24.699 [error] TypeError: Cannot read properties of undefined (reading 'toString')
	at /teamspace/studios/this_studio/.vscode-server/extensions/ms-python.debugpy-2025.0.1-linux-x64/dist/extension.js:2:849381
	at FSReqCallback.readFileAfterClose [as oncomplete] (node:internal/fs/read/context:52:12)
2025-02-17 17:40:44.566 [error] Error: Unknown system error -116: Unknown system error -116, open '/teamspace/studios/this_studio/.vscode-server/data/User/workspaceStorage/0fec79bbde99d7b81bcde7872e59ad5b/vscode.lock'
	at async open (node:internal/fs/promises:639:25)
	at async Object.readFile (node:internal/fs/promises:1242:14)
	at async Ly (file:///teamspace/studios/this_studio/.vscode-server/cli/servers/Stable-e54c774e0add60467559eb0d1e229c6452cf8447/server/out/vs/workbench/api/node/extensionHostProcess.js:190:6082)
	at async file:///teamspace/studios/this_studio/.vscode-server/cli/servers/Stable-e54c774e0add60467559eb0d1e229c6452cf8447/server/out/vs/workbench/api/node/extensionHostProcess.js:190:5089
2025-02-17 17:40:44.566 [info] Lock '/teamspace/studios/this_studio/.vscode-server/data/User/workspaceStorage/0fec79bbde99d7b81bcde7872e59ad5b/vscode.lock': The lock was lost unexpectedly.
2025-02-17 17:40:44.566 [error] Error: Unknown system error -116: Unknown system error -116, utime '/teamspace/studios/this_studio/.vscode-server/data/User/workspaceStorage/0fec79bbde99d7b81bcde7872e59ad5b/vscode.lock'
	at async Object.utimes (node:internal/fs/promises:1134:10)
	at async file:///teamspace/studios/this_studio/.vscode-server/cli/servers/Stable-e54c774e0add60467559eb0d1e229c6452cf8447/server/out/vs/workbench/api/node/extensionHostProcess.js:190:5207
2025-02-17 17:40:44.566 [info] Lock '/teamspace/studios/this_studio/.vscode-server/data/User/workspaceStorage/0fec79bbde99d7b81bcde7872e59ad5b/vscode.lock': Could not update mtime.
