2025-02-18 07:54:56.234 [info] [main] Log level: Info
2025-02-18 07:54:56.234 [info] [main] Validating found git in: "git"
2025-02-18 07:54:56.234 [info] [main] Using git "2.42.0" from "git"
2025-02-18 07:54:56.234 [info] [Model][doInitialScan] Initial repository scan started
2025-02-18 07:54:56.234 [info] > git rev-parse --show-toplevel [3ms]
2025-02-18 07:54:56.234 [info] fatal: not a git repository (or any parent up to mount point /teamspace/studios)
Stopping at filesystem boundary (GIT_DISCOVERY_ACROSS_FILESYSTEM not set).
2025-02-18 07:54:56.234 [info] > git rev-parse --show-toplevel [3ms]
2025-02-18 07:54:56.234 [info] fatal: not a git repository (or any parent up to mount point /teamspace/studios)
Stopping at filesystem boundary (GIT_DISCOVERY_ACROSS_FILESYSTEM not set).
2025-02-18 07:54:56.234 [info] > git rev-parse --show-toplevel [2ms]
2025-02-18 07:54:56.234 [info] fatal: not a git repository (or any parent up to mount point /teamspace/studios)
Stopping at filesystem boundary (GIT_DISCOVERY_ACROSS_FILESYSTEM not set).
2025-02-18 07:54:56.234 [info] > git rev-parse --show-toplevel [2ms]
2025-02-18 07:54:56.235 [info] fatal: not a git repository (or any parent up to mount point /teamspace/studios)
Stopping at filesystem boundary (GIT_DISCOVERY_ACROSS_FILESYSTEM not set).
2025-02-18 07:54:56.235 [info] > git rev-parse --show-toplevel [1ms]
2025-02-18 07:54:56.235 [info] fatal: not a git repository (or any parent up to mount point /teamspace/studios)
Stopping at filesystem boundary (GIT_DISCOVERY_ACROSS_FILESYSTEM not set).
2025-02-18 07:54:56.235 [info] > git rev-parse --show-toplevel [2ms]
2025-02-18 07:54:56.235 [info] fatal: not a git repository (or any parent up to mount point /teamspace/studios)
Stopping at filesystem boundary (GIT_DISCOVERY_ACROSS_FILESYSTEM not set).
2025-02-18 07:54:56.235 [info] > git rev-parse --show-toplevel [2ms]
2025-02-18 07:54:56.235 [info] fatal: not a git repository (or any parent up to mount point /teamspace/studios)
Stopping at filesystem boundary (GIT_DISCOVERY_ACROSS_FILESYSTEM not set).
2025-02-18 07:54:56.235 [info] > git rev-parse --show-toplevel [3ms]
2025-02-18 07:54:56.235 [info] fatal: not a git repository (or any parent up to mount point /teamspace/studios)
Stopping at filesystem boundary (GIT_DISCOVERY_ACROSS_FILESYSTEM not set).
2025-02-18 07:54:56.235 [info] > git rev-parse --show-toplevel [2ms]
2025-02-18 07:54:56.235 [info] fatal: not a git repository (or any parent up to mount point /teamspace/studios)
Stopping at filesystem boundary (GIT_DISCOVERY_ACROSS_FILESYSTEM not set).
2025-02-18 07:54:56.235 [info] > git rev-parse --show-toplevel [2ms]
2025-02-18 07:54:56.235 [info] fatal: not a git repository (or any parent up to mount point /teamspace/studios)
Stopping at filesystem boundary (GIT_DISCOVERY_ACROSS_FILESYSTEM not set).
2025-02-18 07:54:56.235 [info] > git rev-parse --show-toplevel [2ms]
2025-02-18 07:54:56.235 [info] fatal: not a git repository (or any parent up to mount point /teamspace/studios)
Stopping at filesystem boundary (GIT_DISCOVERY_ACROSS_FILESYSTEM not set).
2025-02-18 07:54:56.235 [info] > git rev-parse --show-toplevel [2ms]
2025-02-18 07:54:56.235 [info] fatal: not a git repository (or any parent up to mount point /teamspace/studios)
Stopping at filesystem boundary (GIT_DISCOVERY_ACROSS_FILESYSTEM not set).
2025-02-18 07:54:56.235 [info] [Model][doInitialScan] Initial repository scan completed - repositories (0), closed repositories (0), parent repositories (0), unsafe repositories (0)
2025-02-18 07:54:56.235 [info] > git rev-parse --show-toplevel [2ms]
2025-02-18 07:54:56.235 [info] fatal: not a git repository (or any parent up to mount point /teamspace/studios)
Stopping at filesystem boundary (GIT_DISCOVERY_ACROSS_FILESYSTEM not set).
2025-02-18 07:55:02.946 [info] > git rev-parse --show-toplevel [2ms]
2025-02-18 07:55:02.947 [info] fatal: not a git repository (or any parent up to mount point /teamspace/studios)
Stopping at filesystem boundary (GIT_DISCOVERY_ACROSS_FILESYSTEM not set).
2025-02-18 08:03:27.563 [info] > git rev-parse --show-toplevel [0ms]
2025-02-18 08:03:27.564 [info] fatal: not a git repository (or any parent up to mount point /teamspace/studios)
Stopping at filesystem boundary (GIT_DISCOVERY_ACROSS_FILESYSTEM not set).
2025-02-18 08:33:19.362 [info] > git rev-parse --show-toplevel [2ms]
2025-02-18 08:33:19.362 [info] fatal: not a git repository (or any parent up to mount point /teamspace/studios)
Stopping at filesystem boundary (GIT_DISCOVERY_ACROSS_FILESYSTEM not set).
2025-02-18 08:37:34.157 [info] > git rev-parse --show-toplevel [2ms]
2025-02-18 08:37:34.157 [info] fatal: not a git repository (or any parent up to mount point /teamspace/studios)
Stopping at filesystem boundary (GIT_DISCOVERY_ACROSS_FILESYSTEM not set).
2025-02-18 09:12:03.745 [info] > git rev-parse --show-toplevel [3ms]
2025-02-18 09:12:03.745 [info] fatal: not a git repository (or any parent up to mount point /teamspace/studios)
Stopping at filesystem boundary (GIT_DISCOVERY_ACROSS_FILESYSTEM not set).
2025-02-18 10:54:23.637 [info] > git rev-parse --show-toplevel [3ms]
2025-02-18 10:54:23.638 [info] fatal: not a git repository (or any parent up to mount point /teamspace/studios)
Stopping at filesystem boundary (GIT_DISCOVERY_ACROSS_FILESYSTEM not set).
2025-02-18 10:59:59.036 [info] > git rev-parse --show-toplevel [2ms]
2025-02-18 10:59:59.037 [info] fatal: not a git repository (or any parent up to mount point /teamspace/studios)
Stopping at filesystem boundary (GIT_DISCOVERY_ACROSS_FILESYSTEM not set).
