2025-02-17 13:13:23.817 [info] [main] Log level: Info
2025-02-17 13:13:23.817 [info] [main] Validating found git in: "git"
2025-02-17 13:13:23.817 [info] [main] Using git "2.42.0" from "git"
2025-02-17 13:13:23.817 [info] [Model][doInitialScan] Initial repository scan started
2025-02-17 13:13:23.817 [info] > git rev-parse --show-toplevel [3ms]
2025-02-17 13:13:23.817 [info] fatal: not a git repository (or any parent up to mount point /teamspace/studios)
Stopping at filesystem boundary (GIT_DISCOVERY_ACROSS_FILESYSTEM not set).
2025-02-17 13:13:23.817 [info] > git rev-parse --show-toplevel [2ms]
2025-02-17 13:13:23.817 [info] fatal: not a git repository (or any parent up to mount point /teamspace/studios)
Stopping at filesystem boundary (GIT_DISCOVERY_ACROSS_FILESYSTEM not set).
2025-02-17 13:13:23.817 [info] > git rev-parse --show-toplevel [2ms]
2025-02-17 13:13:23.817 [info] fatal: not a git repository (or any parent up to mount point /teamspace/studios)
Stopping at filesystem boundary (GIT_DISCOVERY_ACROSS_FILESYSTEM not set).
2025-02-17 13:13:23.818 [info] > git rev-parse --show-toplevel [4ms]
2025-02-17 13:13:23.818 [info] fatal: not a git repository (or any parent up to mount point /teamspace/studios)
Stopping at filesystem boundary (GIT_DISCOVERY_ACROSS_FILESYSTEM not set).
2025-02-17 13:13:23.818 [info] > git rev-parse --show-toplevel [2ms]
2025-02-17 13:13:23.818 [info] fatal: not a git repository (or any parent up to mount point /teamspace/studios)
Stopping at filesystem boundary (GIT_DISCOVERY_ACROSS_FILESYSTEM not set).
2025-02-17 13:13:23.818 [info] > git rev-parse --show-toplevel [2ms]
2025-02-17 13:13:23.818 [info] fatal: not a git repository (or any parent up to mount point /teamspace/studios)
Stopping at filesystem boundary (GIT_DISCOVERY_ACROSS_FILESYSTEM not set).
2025-02-17 13:13:23.818 [info] > git rev-parse --show-toplevel [2ms]
2025-02-17 13:13:23.818 [info] fatal: not a git repository (or any parent up to mount point /teamspace/studios)
Stopping at filesystem boundary (GIT_DISCOVERY_ACROSS_FILESYSTEM not set).
2025-02-17 13:13:23.818 [info] > git rev-parse --show-toplevel [3ms]
2025-02-17 13:13:23.818 [info] fatal: not a git repository (or any parent up to mount point /teamspace/studios)
Stopping at filesystem boundary (GIT_DISCOVERY_ACROSS_FILESYSTEM not set).
2025-02-17 13:13:23.818 [info] > git rev-parse --show-toplevel [2ms]
2025-02-17 13:13:23.818 [info] fatal: not a git repository (or any parent up to mount point /teamspace/studios)
Stopping at filesystem boundary (GIT_DISCOVERY_ACROSS_FILESYSTEM not set).
2025-02-17 13:13:23.818 [info] > git rev-parse --show-toplevel [1ms]
2025-02-17 13:13:23.819 [info] fatal: not a git repository (or any parent up to mount point /teamspace/studios)
Stopping at filesystem boundary (GIT_DISCOVERY_ACROSS_FILESYSTEM not set).
2025-02-17 13:13:23.819 [info] > git rev-parse --show-toplevel [2ms]
2025-02-17 13:13:23.819 [info] fatal: not a git repository (or any parent up to mount point /teamspace/studios)
Stopping at filesystem boundary (GIT_DISCOVERY_ACROSS_FILESYSTEM not set).
2025-02-17 13:13:23.819 [info] > git rev-parse --show-toplevel [2ms]
2025-02-17 13:13:23.819 [info] fatal: not a git repository (or any parent up to mount point /teamspace/studios)
Stopping at filesystem boundary (GIT_DISCOVERY_ACROSS_FILESYSTEM not set).
2025-02-17 13:13:23.819 [info] [Model][doInitialScan] Initial repository scan completed - repositories (0), closed repositories (0), parent repositories (0), unsafe repositories (0)
2025-02-17 13:13:27.499 [info] > git rev-parse --show-toplevel [69ms]
2025-02-17 13:13:27.503 [info] fatal: not a git repository (or any parent up to mount point /teamspace/studios)
Stopping at filesystem boundary (GIT_DISCOVERY_ACROSS_FILESYSTEM not set).
2025-02-17 13:13:28.688 [info] > git rev-parse --show-toplevel [3ms]
2025-02-17 13:13:28.688 [info] fatal: not a git repository (or any parent up to mount point /teamspace/studios)
Stopping at filesystem boundary (GIT_DISCOVERY_ACROSS_FILESYSTEM not set).
2025-02-17 14:13:27.160 [info] > git rev-parse --show-toplevel [2ms]
2025-02-17 14:13:27.161 [info] fatal: not a git repository (or any parent up to mount point /teamspace/studios)
Stopping at filesystem boundary (GIT_DISCOVERY_ACROSS_FILESYSTEM not set).
