2025-02-16 09:15:57.731 [info] (Client) Pylance async client (2025.2.1) started with python extension (2025.0.0)
2025-02-16 09:15:58.328 [info] [Info  - 9:15:58 AM] (6260) Server root directory: file:///teamspace/studios/this_studio/.vscode-server/extensions/ms-python.vscode-pylance-2025.2.1/dist
2025-02-16 09:15:58.330 [info] [Info  - 9:15:58 AM] (6260) Pylance language server 2025.2.1 (pyright version 1.1.393, commit 3763156f) starting
2025-02-16 09:15:58.330 [info] [Info  - 9:15:58 AM] (6260) Starting service instance "this_studio"
2025-02-16 09:15:58.396 [info] [Info  - 9:15:58 AM] (6260) Setting environmentName for service "this_studio": "3.10.10 (cloudspace conda)"
2025-02-16 09:15:58.397 [info] [Info  - 9:15:58 AM] (6260) Setting pythonPath for service "this_studio": "/home/zeus/miniconda3/envs/cloudspace/bin/python"
2025-02-16 09:15:58.397 [info] [Info  - 9:15:58 AM] (6260) No include entries specified; assuming /teamspace/studios/this_studio
2025-02-16 09:15:58.397 [info] [Info  - 9:15:58 AM] (6260) Auto-excluding **/node_modules
2025-02-16 09:15:58.397 [info] [Info  - 9:15:58 AM] (6260) Auto-excluding **/__pycache__
2025-02-16 09:15:58.397 [info] [Info  - 9:15:58 AM] (6260) Auto-excluding **/.*
2025-02-16 09:15:58.420 [info] [Info  - 9:15:58 AM] (6260) Assuming Python version 3.10.10.final.0
2025-02-16 09:15:58.551 [info] [Info  - 9:15:58 AM] (6260) No source files found.
2025-02-16 09:15:58.604 [info] [Info  - 9:15:58 AM] (6260) Starting service instance "this_studio"
2025-02-16 09:15:58.651 [info] [Info  - 9:15:58 AM] (6260) Setting environmentName for service "this_studio": "3.10.10 (cloudspace conda)"
2025-02-16 09:15:58.651 [info] [Info  - 9:15:58 AM] (6260) Setting pythonPath for service "this_studio": "/teamspace/studios/this_studio"
2025-02-16 09:15:58.651 [info] [Info  - 9:15:58 AM] (6260) No include entries specified; assuming /teamspace/studios/this_studio
2025-02-16 09:15:58.652 [info] [Info  - 9:15:58 AM] (6260) Auto-excluding **/node_modules
2025-02-16 09:15:58.652 [info] [Info  - 9:15:58 AM] (6260) Auto-excluding **/__pycache__
2025-02-16 09:15:58.652 [info] [Info  - 9:15:58 AM] (6260) Auto-excluding **/.*
2025-02-16 09:15:58.685 [info] [Info  - 9:15:58 AM] (6260) No source files found.
2025-02-16 09:15:58.958 [info] [Info  - 9:15:58 AM] (6260) Background analysis(1) root directory: file:///teamspace/studios/this_studio/.vscode-server/extensions/ms-python.vscode-pylance-2025.2.1/dist
2025-02-16 09:15:58.961 [info] [Info  - 9:15:58 AM] (6260) Background analysis(1) started
2025-02-16 09:15:59.338 [info] [Info  - 9:15:59 AM] (6260) Background analysis(2) root directory: file:///teamspace/studios/this_studio/.vscode-server/extensions/ms-python.vscode-pylance-2025.2.1/dist
2025-02-16 09:15:59.339 [info] [Info  - 9:15:59 AM] (6260) Background analysis(2) started
2025-02-16 09:15:59.372 [info] [Info  - 9:15:59 AM] (6260) Indexer background runner(3) root directory: file:///teamspace/studios/this_studio/.vscode-server/extensions/ms-python.vscode-pylance-2025.2.1/dist (index)
2025-02-16 09:15:59.373 [info] [Info  - 9:15:59 AM] (6260) Indexing(3) started
2025-02-16 09:15:59.784 [info] [Info  - 9:15:59 AM] (6260) scanned(3) 1 files over 1 exec env
2025-02-16 09:16:00.458 [info] [Info  - 9:16:00 AM] (6260) indexed(3) 1 files over 1 exec env
2025-02-16 09:16:00.474 [info] [Info  - 9:16:00 AM] (6260) Indexing finished(3).
2025-02-16 09:16:53.393 [info] [Info  - 9:16:53 AM] (6260) Indexer background runner(4) root directory: file:///teamspace/studios/this_studio/.vscode-server/extensions/ms-python.vscode-pylance-2025.2.1/dist (index)
2025-02-16 09:16:53.394 [info] [Info  - 9:16:53 AM] (6260) Indexing(4) started
2025-02-16 09:16:54.768 [info] [Info  - 9:16:54 AM] (6260) scanned(4) 359 files over 1 exec env
2025-02-16 09:16:59.497 [info] [Info  - 9:16:59 AM] (6260) [IDX(4)] Long operation: index execution environment file:///teamspace/studios/this_studio (4398ms)
2025-02-16 09:16:59.525 [info] [Info  - 9:16:59 AM] (6260) [IDX(4)] Long operation: index packages file:///teamspace/studios/this_studio (4453ms)
2025-02-16 09:16:59.526 [info] [Info  - 9:16:59 AM] (6260) indexed(4) 359 files over 1 exec env
2025-02-16 09:16:59.620 [info] [Info  - 9:16:59 AM] (6260) Indexing finished(4).
