2025-02-16 09:15:55.483 [info] Experiment 'pythonRecommendTensorboardExt' is active
2025-02-16 09:15:55.483 [info] Experiment 'pythonTerminalEnvVarActivation' is active
2025-02-16 09:15:55.483 [info] Experiment 'pythonTestAdapter' is active
2025-02-16 09:15:55.483 [info] Native locator: Refresh started
2025-02-16 09:15:55.483 [info] Poetry environment manager found at: /commands/poetry
2025-02-16 09:15:55.483 [info] Conda environment manager found at: /home/zeus/miniconda3/bin/conda
2025-02-16 09:15:55.483 [info] Using conda: /home/zeus/miniconda3/bin/conda
2025-02-16 09:15:55.483 [info] Native locator: Refresh finished in 203 ms
2025-02-16 09:15:55.483 [info] Native locator: Refresh started
2025-02-16 09:15:55.483 [info] > pyenv which python
2025-02-16 09:15:55.483 [info] cwd: .
2025-02-16 09:15:55.488 [info] Conda environment manager found at: /home/zeus/miniconda3/bin/conda
2025-02-16 09:15:55.488 [info] Conda set to: /home/zeus/miniconda3/bin/conda
2025-02-16 09:15:55.490 [info] Poetry environment manager found at: /commands/poetry
2025-02-16 09:15:55.494 [info] > /home/zeus/miniconda3/bin/conda info --json
2025-02-16 09:15:55.568 [info] Native locator: Refresh finished in 134 ms
2025-02-16 09:15:55.974 [info] Python interpreter path: /home/zeus/miniconda3/envs/cloudspace/bin/python
2025-02-16 09:15:56.819 [warning] Shell integration may not be active, environment activated may be overridden by the shell.
2025-02-16 09:15:58.348 [info] Starting Pylance language server.
2025-02-16 09:16:52.162 [info] > /home/zeus/miniconda3/bin/conda run -n cloudspace --no-capture-output python ./.vscode-server/extensions/ms-python.python-2025.0.0-linux-x64/python_files/get_output_via_markers.py ./.vscode-server/extensions/ms-python.python-2025.0.0-linux-x64/python_files/printEnvVariables.py
2025-02-16 09:16:52.163 [info] shell: bash
2025-02-16 09:16:52.163 [info] > /home/zeus/miniconda3/bin/conda run -n cloudspace --no-capture-output python ./.vscode-server/extensions/ms-python.python-2025.0.0-linux-x64/python_files/get_output_via_markers.py ./.vscode-server/extensions/ms-python.python-2025.0.0-linux-x64/python_files/printEnvVariables.py
2025-02-16 09:16:52.163 [info] shell: bash
2025-02-16 09:18:07.001 [info] Discover tests for workspace name: this_studio - uri: /teamspace/studios/this_studio
