2025-02-16 11:12:11.297 [info] Experiment 'pythonRecommendTensorboardExt' is active
2025-02-16 11:12:11.297 [info] Experiment 'pythonTerminalEnvVarActivation' is active
2025-02-16 11:12:11.297 [info] Experiment 'pythonTestAdapter' is active
2025-02-16 11:12:11.297 [info] Native locator: Refresh started
2025-02-16 11:12:11.297 [info] Conda environment manager found at: /home/zeus/miniconda3/bin/conda
2025-02-16 11:12:11.297 [info] Using conda: /home/zeus/miniconda3/bin/conda
2025-02-16 11:12:11.297 [info] Poetry environment manager found at: /commands/poetry
2025-02-16 11:12:11.297 [info] Native locator: Refresh finished in 190 ms
2025-02-16 11:12:11.384 [info] Native locator: Refresh started
2025-02-16 11:12:11.406 [info] > /home/zeus/miniconda3/bin/conda info --json
2025-02-16 11:12:11.407 [info] Conda environment manager found at: /home/zeus/miniconda3/bin/conda
2025-02-16 11:12:11.407 [info] Conda set to: /home/zeus/miniconda3/bin/conda
2025-02-16 11:12:11.408 [info] Poetry environment manager found at: /commands/poetry
2025-02-16 11:12:11.519 [info] Native locator: Refresh finished in 134 ms
2025-02-16 11:12:11.708 [info] > pyenv which python
2025-02-16 11:12:11.709 [info] cwd: .
2025-02-16 11:12:12.048 [info] Python interpreter path: /home/zeus/miniconda3/envs/cloudspace/bin/python
2025-02-16 11:12:12.783 [info] > /home/zeus/miniconda3/bin/conda run -n cloudspace --no-capture-output python ./.vscode-server/extensions/ms-python.python-2025.0.0-linux-x64/python_files/get_output_via_markers.py ./.vscode-server/extensions/ms-python.python-2025.0.0-linux-x64/python_files/printEnvVariables.py
2025-02-16 11:12:12.784 [info] shell: bash
2025-02-16 11:12:12.784 [info] > /home/zeus/miniconda3/bin/conda run -n cloudspace --no-capture-output python ./.vscode-server/extensions/ms-python.python-2025.0.0-linux-x64/python_files/get_output_via_markers.py ./.vscode-server/extensions/ms-python.python-2025.0.0-linux-x64/python_files/printEnvVariables.py
2025-02-16 11:12:12.784 [info] shell: bash
2025-02-16 11:12:13.335 [warning] Shell integration may not be active, environment activated may be overridden by the shell.
2025-02-16 11:12:14.463 [info] Starting Pylance language server.
