2025-02-16 09:00:32.275 [info] [main] Log level: Info
2025-02-16 09:00:32.275 [info] [main] Validating found git in: "git"
2025-02-16 09:00:32.275 [info] [main] Using git "2.42.0" from "git"
2025-02-16 09:00:32.275 [info] [Model][doInitialScan] Initial repository scan started
2025-02-16 09:00:32.275 [info] > git rev-parse --show-toplevel [6ms]
2025-02-16 09:00:32.275 [info] fatal: not a git repository (or any parent up to mount point /teamspace/studios)
Stopping at filesystem boundary (GIT_DISCOVERY_ACROSS_FILESYSTEM not set).
2025-02-16 09:00:32.275 [info] > git rev-parse --show-toplevel [2ms]
2025-02-16 09:00:32.275 [info] fatal: not a git repository (or any parent up to mount point /teamspace/studios)
Stopping at filesystem boundary (GIT_DISCOVERY_ACROSS_FILESYSTEM not set).
2025-02-16 09:00:32.275 [info] > git rev-parse --show-toplevel [2ms]
2025-02-16 09:00:32.275 [info] fatal: not a git repository (or any parent up to mount point /teamspace/studios)
Stopping at filesystem boundary (GIT_DISCOVERY_ACROSS_FILESYSTEM not set).
2025-02-16 09:00:32.275 [info] > git rev-parse --show-toplevel [2ms]
2025-02-16 09:00:32.275 [info] fatal: not a git repository (or any parent up to mount point /teamspace/studios)
Stopping at filesystem boundary (GIT_DISCOVERY_ACROSS_FILESYSTEM not set).
2025-02-16 09:00:32.275 [info] > git rev-parse --show-toplevel [1ms]
2025-02-16 09:00:32.275 [info] fatal: not a git repository (or any parent up to mount point /teamspace/studios)
Stopping at filesystem boundary (GIT_DISCOVERY_ACROSS_FILESYSTEM not set).
2025-02-16 09:00:32.275 [info] > git rev-parse --show-toplevel [1ms]
2025-02-16 09:00:32.275 [info] fatal: not a git repository (or any parent up to mount point /teamspace/studios)
Stopping at filesystem boundary (GIT_DISCOVERY_ACROSS_FILESYSTEM not set).
2025-02-16 09:00:32.275 [info] > git rev-parse --show-toplevel [2ms]
2025-02-16 09:00:32.275 [info] fatal: not a git repository (or any parent up to mount point /teamspace/studios)
Stopping at filesystem boundary (GIT_DISCOVERY_ACROSS_FILESYSTEM not set).
2025-02-16 09:00:32.275 [info] > git rev-parse --show-toplevel [2ms]
2025-02-16 09:00:32.275 [info] fatal: not a git repository (or any parent up to mount point /teamspace/studios)
Stopping at filesystem boundary (GIT_DISCOVERY_ACROSS_FILESYSTEM not set).
2025-02-16 09:00:32.275 [info] [Model][doInitialScan] Initial repository scan completed - repositories (0), closed repositories (0), parent repositories (0), unsafe repositories (0)
2025-02-16 09:00:33.923 [info] > git rev-parse --show-toplevel [2ms]
2025-02-16 09:00:33.924 [info] fatal: not a git repository (or any parent up to mount point /teamspace/studios)
Stopping at filesystem boundary (GIT_DISCOVERY_ACROSS_FILESYSTEM not set).
2025-02-16 09:01:51.299 [info] > git rev-parse --show-toplevel [2ms]
2025-02-16 09:01:51.300 [info] fatal: not a git repository (or any parent up to mount point /teamspace/studios)
Stopping at filesystem boundary (GIT_DISCOVERY_ACROSS_FILESYSTEM not set).
2025-02-16 09:12:18.169 [info] > git rev-parse --show-toplevel [2ms]
2025-02-16 09:12:18.169 [info] fatal: not a git repository (or any parent up to mount point /teamspace/studios)
Stopping at filesystem boundary (GIT_DISCOVERY_ACROSS_FILESYSTEM not set).
2025-02-16 09:12:39.420 [info] > git rev-parse --show-toplevel [20ms]
2025-02-16 09:12:39.421 [info] fatal: not a git repository (or any parent up to mount point /teamspace/studios)
Stopping at filesystem boundary (GIT_DISCOVERY_ACROSS_FILESYSTEM not set).
2025-02-16 09:13:26.206 [info] > git rev-parse --show-toplevel [2ms]
2025-02-16 09:13:26.207 [info] fatal: not a git repository (or any parent up to mount point /teamspace/studios)
Stopping at filesystem boundary (GIT_DISCOVERY_ACROSS_FILESYSTEM not set).
2025-02-16 09:13:27.991 [info] > git rev-parse --show-toplevel [2ms]
2025-02-16 09:13:27.991 [info] fatal: not a git repository (or any parent up to mount point /teamspace/studios)
Stopping at filesystem boundary (GIT_DISCOVERY_ACROSS_FILESYSTEM not set).
2025-02-16 09:13:38.908 [info] > git rev-parse --show-toplevel [2ms]
2025-02-16 09:13:38.910 [info] fatal: not a git repository (or any parent up to mount point /teamspace/studios)
Stopping at filesystem boundary (GIT_DISCOVERY_ACROSS_FILESYSTEM not set).
2025-02-16 09:13:40.880 [info] > git rev-parse --show-toplevel [2ms]
2025-02-16 09:13:40.880 [info] fatal: not a git repository (or any parent up to mount point /teamspace/studios)
Stopping at filesystem boundary (GIT_DISCOVERY_ACROSS_FILESYSTEM not set).
