2025-02-17 11:26:12.768 [info] Extension host with pid 1893 started
2025-02-17 11:26:12.769 [error] Error: EEXIST: file already exists, open '/teamspace/studios/this_studio/.vscode-server/data/User/workspaceStorage/0fec79bbde99d7b81bcde7872e59ad5b/vscode.lock'
2025-02-17 11:26:12.771 [info] Lock '/teamspace/studios/this_studio/.vscode-server/data/User/workspaceStorage/0fec79bbde99d7b81bcde7872e59ad5b/vscode.lock': Could not acquire lock, checking if the file is stale.
2025-02-17 11:26:12.776 [info] Lock '/teamspace/studios/this_studio/.vscode-server/data/User/workspaceStorage/0fec79bbde99d7b81bcde7872e59ad5b/vscode.lock': The pid 2865 appears to be gone.
2025-02-17 11:26:12.776 [info] Lock '/teamspace/studios/this_studio/.vscode-server/data/User/workspaceStorage/0fec79bbde99d7b81bcde7872e59ad5b/vscode.lock': Deleting a stale lock.
2025-02-17 11:26:12.804 [info] Lock '/teamspace/studios/this_studio/.vscode-server/data/User/workspaceStorage/0fec79bbde99d7b81bcde7872e59ad5b/vscode.lock': Lock acquired.
2025-02-17 11:26:13.108 [info] ExtensionService#_doActivateExtension vscode.ipynb, startup: false, activationEvent: 'onNotebookSerializer:jupyter-notebook'
2025-02-17 11:26:13.130 [info] ExtensionService#_doActivateExtension vscode.git-base, startup: false, activationEvent: '*', root cause: vscode.git
2025-02-17 11:26:13.498 [info] ExtensionService#_doActivateExtension vscode.git, startup: false, activationEvent: '*'
2025-02-17 11:26:13.498 [info] ExtensionService#_doActivateExtension vscode.github, startup: false, activationEvent: '*'
2025-02-17 11:26:13.987 [info] Eager extensions activated
2025-02-17 11:26:13.988 [info] ExtensionService#_doActivateExtension vscode.debug-auto-launch, startup: false, activationEvent: 'onStartupFinished'
2025-02-17 11:26:13.988 [info] ExtensionService#_doActivateExtension vscode.merge-conflict, startup: false, activationEvent: 'onStartupFinished'
2025-02-17 11:26:16.479 [info] ExtensionService#_doActivateExtension ms-toolsai.jupyter, startup: false, activationEvent: 'onNotebook:jupyter-notebook'
2025-02-17 11:26:16.480 [info] ExtensionService#_doActivateExtension ms-toolsai.vscode-jupyter-cell-tags, startup: false, activationEvent: 'onNotebook:jupyter-notebook'
2025-02-17 11:26:16.480 [info] ExtensionService#_doActivateExtension ms-toolsai.vscode-jupyter-slideshow, startup: false, activationEvent: 'onNotebook:jupyter-notebook'
2025-02-17 11:26:17.043 [info] ExtensionService#_doActivateExtension ms-python.python, startup: false, activationEvent: 'api', root cause: ms-toolsai.jupyter
2025-02-17 11:26:17.275 [info] ExtensionService#_doActivateExtension ms-toolsai.jupyter-renderers, startup: false, activationEvent: 'api', root cause: ms-toolsai.jupyter
2025-02-17 11:26:18.094 [info] ExtensionService#_doActivateExtension ms-python.vscode-pylance, startup: false, activationEvent: 'api', root cause: ms-python.python
2025-02-17 11:26:23.553 [info] ExtensionService#_doActivateExtension ms-python.debugpy, startup: false, activationEvent: 'onLanguage:python'
2025-02-17 11:26:23.554 [info] ExtensionService#_doActivateExtension vscode.emmet, startup: false, activationEvent: 'onLanguage'
2025-02-17 11:26:25.495 [error] TypeError: Cannot read properties of undefined (reading 'toString')
	at /teamspace/studios/this_studio/.vscode-server/extensions/ms-python.debugpy-2025.0.1-linux-x64/dist/extension.js:2:849381
	at FSReqCallback.readFileAfterClose [as oncomplete] (node:internal/fs/read/context:52:12)
2025-02-17 11:26:32.970 [info] ExtensionService#_doActivateExtension vscode.extension-editing, startup: false, activationEvent: 'onLanguage:markdown'
2025-02-17 11:26:32.971 [info] ExtensionService#_doActivateExtension vscode.markdown-language-features, startup: false, activationEvent: 'onLanguage:markdown'
2025-02-17 11:26:34.065 [info] ExtensionService#_doActivateExtension vscode.markdown-math, startup: false, activationEvent: 'api', root cause: vscode.markdown-language-features
2025-02-17 12:02:20.410 [error] Error: Request workspace/willRenameFiles failed with message: Debug Failure. Notebook file should not be passed to getWorkspaceForFile: file:///teamspace/studios/this_studio/test.ipynb
	at ae (/teamspace/studios/this_studio/.vscode-server/extensions/ms-python.python-2025.0.0-linux-x64/out/client/extension.js:2:1973990)
	at oe (/teamspace/studios/this_studio/.vscode-server/extensions/ms-python.python-2025.0.0-linux-x64/out/client/extension.js:2:1971950)
	at Immediate.<anonymous> (/teamspace/studios/this_studio/.vscode-server/extensions/ms-python.python-2025.0.0-linux-x64/out/client/extension.js:2:1968244)
	at process.processImmediate (node:internal/timers:483:21)
2025-02-17 12:02:22.325 [info] ExtensionService#_doActivateExtension vscode.configuration-editing, startup: false, activationEvent: 'onLanguage:json'
2025-02-17 12:02:22.325 [info] ExtensionService#_doActivateExtension vscode.json-language-features, startup: false, activationEvent: 'onLanguage:json'
2025-02-17 12:02:22.325 [info] ExtensionService#_doActivateExtension vscode.npm, startup: false, activationEvent: 'onLanguage:json'
2025-02-17 12:03:45.053 [warning] onWillSaveNotebookDocument-listener from extension {"value":"vscode.ipynb","_lower":"vscode.ipynb"} ignored due to invalid data
2025-02-17 14:18:26.523 [info] Extension host terminating: renderer disconnected for too long (2)
2025-02-17 14:18:26.525 [info] Lock '/teamspace/studios/this_studio/.vscode-server/data/User/workspaceStorage/0fec79bbde99d7b81bcde7872e59ad5b/vscode.lock': Marking the lockfile as scheduled to be released in 6000 ms.
2025-02-17 14:18:26.557 [error] Canceled: Canceled
	at jc (file:///teamspace/studios/this_studio/.vscode-server/cli/servers/Stable-e54c774e0add60467559eb0d1e229c6452cf8447/server/out/vs/workbench/api/node/extensionHostProcess.js:7:1218)
	at file:///teamspace/studios/this_studio/.vscode-server/cli/servers/Stable-e54c774e0add60467559eb0d1e229c6452cf8447/server/out/vs/workbench/api/node/extensionHostProcess.js:29:155152
	at Array.forEach (<anonymous>)
	at Uy.dispose (file:///teamspace/studios/this_studio/.vscode-server/cli/servers/Stable-e54c774e0add60467559eb0d1e229c6452cf8447/server/out/vs/workbench/api/node/extensionHostProcess.js:29:155092)
	at PW.terminate (file:///teamspace/studios/this_studio/.vscode-server/cli/servers/Stable-e54c774e0add60467559eb0d1e229c6452cf8447/server/out/vs/workbench/api/node/extensionHostProcess.js:116:10082)
	at wC.terminate (file:///teamspace/studios/this_studio/.vscode-server/cli/servers/Stable-e54c774e0add60467559eb0d1e229c6452cf8447/server/out/vs/workbench/api/node/extensionHostProcess.js:117:1434)
	at ts (file:///teamspace/studios/this_studio/.vscode-server/cli/servers/Stable-e54c774e0add60467559eb0d1e229c6452cf8447/server/out/vs/workbench/api/node/extensionHostProcess.js:190:15080)
	at M5.a (file:///teamspace/studios/this_studio/.vscode-server/cli/servers/Stable-e54c774e0add60467559eb0d1e229c6452cf8447/server/out/vs/workbench/api/node/extensionHostProcess.js:190:11993)
	at M5.h (file:///teamspace/studios/this_studio/.vscode-server/cli/servers/Stable-e54c774e0add60467559eb0d1e229c6452cf8447/server/out/vs/workbench/api/node/extensionHostProcess.js:28:74449)
	at listOnTimeout (node:internal/timers:581:17)
	at process.processTimers (node:internal/timers:519:7) setContext undefined
2025-02-17 14:18:26.557 [error] Canceled: Canceled
	at jc (file:///teamspace/studios/this_studio/.vscode-server/cli/servers/Stable-e54c774e0add60467559eb0d1e229c6452cf8447/server/out/vs/workbench/api/node/extensionHostProcess.js:7:1218)
	at file:///teamspace/studios/this_studio/.vscode-server/cli/servers/Stable-e54c774e0add60467559eb0d1e229c6452cf8447/server/out/vs/workbench/api/node/extensionHostProcess.js:29:155152
	at Array.forEach (<anonymous>)
	at Uy.dispose (file:///teamspace/studios/this_studio/.vscode-server/cli/servers/Stable-e54c774e0add60467559eb0d1e229c6452cf8447/server/out/vs/workbench/api/node/extensionHostProcess.js:29:155092)
	at PW.terminate (file:///teamspace/studios/this_studio/.vscode-server/cli/servers/Stable-e54c774e0add60467559eb0d1e229c6452cf8447/server/out/vs/workbench/api/node/extensionHostProcess.js:116:10082)
	at wC.terminate (file:///teamspace/studios/this_studio/.vscode-server/cli/servers/Stable-e54c774e0add60467559eb0d1e229c6452cf8447/server/out/vs/workbench/api/node/extensionHostProcess.js:117:1434)
	at ts (file:///teamspace/studios/this_studio/.vscode-server/cli/servers/Stable-e54c774e0add60467559eb0d1e229c6452cf8447/server/out/vs/workbench/api/node/extensionHostProcess.js:190:15080)
	at M5.a (file:///teamspace/studios/this_studio/.vscode-server/cli/servers/Stable-e54c774e0add60467559eb0d1e229c6452cf8447/server/out/vs/workbench/api/node/extensionHostProcess.js:190:11993)
	at M5.h (file:///teamspace/studios/this_studio/.vscode-server/cli/servers/Stable-e54c774e0add60467559eb0d1e229c6452cf8447/server/out/vs/workbench/api/node/extensionHostProcess.js:28:74449)
	at listOnTimeout (node:internal/timers:581:17)
	at process.processTimers (node:internal/timers:519:7) setContext undefined
2025-02-17 14:18:26.557 [error] Canceled: Canceled
	at jc (file:///teamspace/studios/this_studio/.vscode-server/cli/servers/Stable-e54c774e0add60467559eb0d1e229c6452cf8447/server/out/vs/workbench/api/node/extensionHostProcess.js:7:1218)
	at file:///teamspace/studios/this_studio/.vscode-server/cli/servers/Stable-e54c774e0add60467559eb0d1e229c6452cf8447/server/out/vs/workbench/api/node/extensionHostProcess.js:29:155152
	at Array.forEach (<anonymous>)
	at Uy.dispose (file:///teamspace/studios/this_studio/.vscode-server/cli/servers/Stable-e54c774e0add60467559eb0d1e229c6452cf8447/server/out/vs/workbench/api/node/extensionHostProcess.js:29:155092)
	at PW.terminate (file:///teamspace/studios/this_studio/.vscode-server/cli/servers/Stable-e54c774e0add60467559eb0d1e229c6452cf8447/server/out/vs/workbench/api/node/extensionHostProcess.js:116:10082)
	at wC.terminate (file:///teamspace/studios/this_studio/.vscode-server/cli/servers/Stable-e54c774e0add60467559eb0d1e229c6452cf8447/server/out/vs/workbench/api/node/extensionHostProcess.js:117:1434)
	at ts (file:///teamspace/studios/this_studio/.vscode-server/cli/servers/Stable-e54c774e0add60467559eb0d1e229c6452cf8447/server/out/vs/workbench/api/node/extensionHostProcess.js:190:15080)
	at M5.a (file:///teamspace/studios/this_studio/.vscode-server/cli/servers/Stable-e54c774e0add60467559eb0d1e229c6452cf8447/server/out/vs/workbench/api/node/extensionHostProcess.js:190:11993)
	at M5.h (file:///teamspace/studios/this_studio/.vscode-server/cli/servers/Stable-e54c774e0add60467559eb0d1e229c6452cf8447/server/out/vs/workbench/api/node/extensionHostProcess.js:28:74449)
	at listOnTimeout (node:internal/timers:581:17)
	at process.processTimers (node:internal/timers:519:7) setContext undefined
2025-02-17 14:18:26.557 [error] Canceled: Canceled
	at jc (file:///teamspace/studios/this_studio/.vscode-server/cli/servers/Stable-e54c774e0add60467559eb0d1e229c6452cf8447/server/out/vs/workbench/api/node/extensionHostProcess.js:7:1218)
	at file:///teamspace/studios/this_studio/.vscode-server/cli/servers/Stable-e54c774e0add60467559eb0d1e229c6452cf8447/server/out/vs/workbench/api/node/extensionHostProcess.js:29:155152
	at Array.forEach (<anonymous>)
	at Uy.dispose (file:///teamspace/studios/this_studio/.vscode-server/cli/servers/Stable-e54c774e0add60467559eb0d1e229c6452cf8447/server/out/vs/workbench/api/node/extensionHostProcess.js:29:155092)
	at PW.terminate (file:///teamspace/studios/this_studio/.vscode-server/cli/servers/Stable-e54c774e0add60467559eb0d1e229c6452cf8447/server/out/vs/workbench/api/node/extensionHostProcess.js:116:10082)
	at wC.terminate (file:///teamspace/studios/this_studio/.vscode-server/cli/servers/Stable-e54c774e0add60467559eb0d1e229c6452cf8447/server/out/vs/workbench/api/node/extensionHostProcess.js:117:1434)
	at ts (file:///teamspace/studios/this_studio/.vscode-server/cli/servers/Stable-e54c774e0add60467559eb0d1e229c6452cf8447/server/out/vs/workbench/api/node/extensionHostProcess.js:190:15080)
	at M5.a (file:///teamspace/studios/this_studio/.vscode-server/cli/servers/Stable-e54c774e0add60467559eb0d1e229c6452cf8447/server/out/vs/workbench/api/node/extensionHostProcess.js:190:11993)
	at M5.h (file:///teamspace/studios/this_studio/.vscode-server/cli/servers/Stable-e54c774e0add60467559eb0d1e229c6452cf8447/server/out/vs/workbench/api/node/extensionHostProcess.js:28:74449)
	at listOnTimeout (node:internal/timers:581:17)
	at process.processTimers (node:internal/timers:519:7) setContext undefined
2025-02-17 14:18:26.557 [error] Canceled: Canceled
	at jc (file:///teamspace/studios/this_studio/.vscode-server/cli/servers/Stable-e54c774e0add60467559eb0d1e229c6452cf8447/server/out/vs/workbench/api/node/extensionHostProcess.js:7:1218)
	at file:///teamspace/studios/this_studio/.vscode-server/cli/servers/Stable-e54c774e0add60467559eb0d1e229c6452cf8447/server/out/vs/workbench/api/node/extensionHostProcess.js:29:155152
	at Array.forEach (<anonymous>)
	at Uy.dispose (file:///teamspace/studios/this_studio/.vscode-server/cli/servers/Stable-e54c774e0add60467559eb0d1e229c6452cf8447/server/out/vs/workbench/api/node/extensionHostProcess.js:29:155092)
	at PW.terminate (file:///teamspace/studios/this_studio/.vscode-server/cli/servers/Stable-e54c774e0add60467559eb0d1e229c6452cf8447/server/out/vs/workbench/api/node/extensionHostProcess.js:116:10082)
	at wC.terminate (file:///teamspace/studios/this_studio/.vscode-server/cli/servers/Stable-e54c774e0add60467559eb0d1e229c6452cf8447/server/out/vs/workbench/api/node/extensionHostProcess.js:117:1434)
	at ts (file:///teamspace/studios/this_studio/.vscode-server/cli/servers/Stable-e54c774e0add60467559eb0d1e229c6452cf8447/server/out/vs/workbench/api/node/extensionHostProcess.js:190:15080)
	at M5.a (file:///teamspace/studios/this_studio/.vscode-server/cli/servers/Stable-e54c774e0add60467559eb0d1e229c6452cf8447/server/out/vs/workbench/api/node/extensionHostProcess.js:190:11993)
	at M5.h (file:///teamspace/studios/this_studio/.vscode-server/cli/servers/Stable-e54c774e0add60467559eb0d1e229c6452cf8447/server/out/vs/workbench/api/node/extensionHostProcess.js:28:74449)
	at listOnTimeout (node:internal/timers:581:17)
	at process.processTimers (node:internal/timers:519:7) setContext undefined
2025-02-17 14:18:26.557 [error] Canceled: Canceled
	at jc (file:///teamspace/studios/this_studio/.vscode-server/cli/servers/Stable-e54c774e0add60467559eb0d1e229c6452cf8447/server/out/vs/workbench/api/node/extensionHostProcess.js:7:1218)
	at file:///teamspace/studios/this_studio/.vscode-server/cli/servers/Stable-e54c774e0add60467559eb0d1e229c6452cf8447/server/out/vs/workbench/api/node/extensionHostProcess.js:29:155152
	at Array.forEach (<anonymous>)
	at Uy.dispose (file:///teamspace/studios/this_studio/.vscode-server/cli/servers/Stable-e54c774e0add60467559eb0d1e229c6452cf8447/server/out/vs/workbench/api/node/extensionHostProcess.js:29:155092)
	at PW.terminate (file:///teamspace/studios/this_studio/.vscode-server/cli/servers/Stable-e54c774e0add60467559eb0d1e229c6452cf8447/server/out/vs/workbench/api/node/extensionHostProcess.js:116:10082)
	at wC.terminate (file:///teamspace/studios/this_studio/.vscode-server/cli/servers/Stable-e54c774e0add60467559eb0d1e229c6452cf8447/server/out/vs/workbench/api/node/extensionHostProcess.js:117:1434)
	at ts (file:///teamspace/studios/this_studio/.vscode-server/cli/servers/Stable-e54c774e0add60467559eb0d1e229c6452cf8447/server/out/vs/workbench/api/node/extensionHostProcess.js:190:15080)
	at M5.a (file:///teamspace/studios/this_studio/.vscode-server/cli/servers/Stable-e54c774e0add60467559eb0d1e229c6452cf8447/server/out/vs/workbench/api/node/extensionHostProcess.js:190:11993)
	at M5.h (file:///teamspace/studios/this_studio/.vscode-server/cli/servers/Stable-e54c774e0add60467559eb0d1e229c6452cf8447/server/out/vs/workbench/api/node/extensionHostProcess.js:28:74449)
	at listOnTimeout (node:internal/timers:581:17)
	at process.processTimers (node:internal/timers:519:7) setContext undefined
2025-02-17 14:18:26.563 [info] Extension host with pid 1893 exiting with code 0
