2025-02-17 11:26:13.500 [warning] Shell integration cannot be enabled for executable "/bin/sh" and args ["-c","wget --version > /dev/null\nif [ $? -eq 0 ]\nthen\n\twget --no-config --connect-timeout=7 --tries=1 --dns-timeout=7 -q --header='Metadata:true' -O - http://169.254.169.254/metadata/instance?api-version=2019-03-11\nelse\n\tcurl --version > /dev/null\n\tif [ $? -eq 0 ]\n\tthen\n\t\tcurl --disable --connect-timeout 7 -s --header='Metadata:true' http://169.254.169.254/metadata/instance?api-version=2019-03-11\n\tfi\nfi\nexit 0"]
2025-02-17 11:26:13.503 [warning] Shell integration cannot be enabled for executable "/bin/sh" and args ["-c","wget --version > /dev/null\nif [ $? -eq 0 ]\nthen\n\twget --no-config --connect-timeout=7 --tries=1 --dns-timeout=7 -q  -O - http://169.254.169.254/latest/meta-data/instance-id\nelse\n\tcurl --version > /dev/null\n\tif [ $? -eq 0 ]\n\tthen\n\t\tcurl --disable --connect-timeout 7 -s  http://169.254.169.254/latest/meta-data/instance-id\n\tfi\nfi\nexit 0"]
2025-02-17 11:26:13.505 [warning] Shell integration cannot be enabled for executable "/bin/sh" and args ["-c","wget --version > /dev/null\nif [ $? -eq 0 ]\nthen\n\twget --no-config --connect-timeout=7 --tries=1 --dns-timeout=7 -q  -O - http://169.254.169.254/metadata/v1/id\nelse\n\tcurl --version > /dev/null\n\tif [ $? -eq 0 ]\n\tthen\n\t\tcurl --disable --connect-timeout 7 -s  http://169.254.169.254/metadata/v1/id\n\tfi\nfi\nexit 0"]
2025-02-17 11:26:13.506 [warning] Shell integration cannot be enabled for executable "/bin/sh" and args ["-c","wget --version > /dev/null\nif [ $? -eq 0 ]\nthen\n\twget --no-config --connect-timeout=7 --tries=1 --dns-timeout=7 -q --header='Metadata-Flavor:Google' -O - http://metadata.google.internal/computeMetadata/v1/instance/id\nelse\n\tcurl --version > /dev/null\n\tif [ $? -eq 0 ]\n\tthen\n\t\tcurl --disable --connect-timeout 7 -s --header='Metadata-Flavor:Google' http://metadata.google.internal/computeMetadata/v1/instance/id\n\tfi\nfi\nexit 0"]
2025-02-17 12:22:34.492 [error] [RPC Response] PtyService#updateIcon Could not find pty 2 on pty host
2025-02-17 12:22:34.492 [error] [RPC Response] PtyService#updateTitle Could not find pty 2 on pty host
2025-02-17 12:22:34.493 [error] [RPC Response] PtyService#updateTitle Could not find pty 2 on pty host
2025-02-17 12:22:34.493 [error] [RPC Response] PtyService#updateTitle Could not find pty 2 on pty host
2025-02-17 12:41:20.836 [error] [RPC Response] PtyService#updateIcon Could not find pty 3 on pty host
2025-02-17 12:41:20.837 [error] [RPC Response] PtyService#updateTitle Could not find pty 3 on pty host
2025-02-17 12:41:20.837 [error] [RPC Response] PtyService#updateIcon Could not find pty 4 on pty host
2025-02-17 12:41:20.837 [error] [RPC Response] PtyService#updateTitle Could not find pty 4 on pty host
2025-02-17 12:41:20.840 [error] [RPC Response] PtyService#updateIcon Could not find pty 5 on pty host
2025-02-17 12:41:20.840 [error] [RPC Response] PtyService#updateTitle Could not find pty 5 on pty host
2025-02-17 12:41:20.840 [error] [RPC Response] PtyService#updateIcon Could not find pty 6 on pty host
2025-02-17 12:41:20.840 [error] [RPC Response] PtyService#updateTitle Could not find pty 6 on pty host
2025-02-17 12:41:20.840 [error] [RPC Response] PtyService#updateIcon Could not find pty 9 on pty host
2025-02-17 12:41:20.840 [error] [RPC Response] PtyService#updateTitle Could not find pty 9 on pty host
2025-02-17 12:41:20.840 [error] [RPC Response] PtyService#updateIcon Could not find pty 10 on pty host
2025-02-17 12:41:20.840 [error] [RPC Response] PtyService#updateTitle Could not find pty 10 on pty host
2025-02-17 12:41:20.840 [error] [RPC Response] PtyService#updateIcon Could not find pty 11 on pty host
2025-02-17 12:41:20.840 [error] [RPC Response] PtyService#updateTitle Could not find pty 11 on pty host
2025-02-17 12:41:20.840 [error] [RPC Response] PtyService#updateIcon Could not find pty 12 on pty host
2025-02-17 12:41:20.840 [error] [RPC Response] PtyService#updateTitle Could not find pty 12 on pty host
2025-02-17 12:41:20.841 [error] [RPC Response] PtyService#updateIcon Could not find pty 13 on pty host
2025-02-17 12:41:20.841 [error] [RPC Response] PtyService#updateTitle Could not find pty 13 on pty host
2025-02-17 12:41:20.841 [error] [RPC Response] PtyService#updateIcon Could not find pty 14 on pty host
2025-02-17 12:41:20.841 [error] [RPC Response] PtyService#updateTitle Could not find pty 14 on pty host
2025-02-17 12:41:20.841 [error] [RPC Response] PtyService#updateIcon Could not find pty 15 on pty host
2025-02-17 12:41:20.841 [error] [RPC Response] PtyService#updateTitle Could not find pty 15 on pty host
2025-02-17 12:41:20.841 [error] [RPC Response] PtyService#updateIcon Could not find pty 16 on pty host
2025-02-17 12:41:20.841 [error] [RPC Response] PtyService#updateTitle Could not find pty 16 on pty host
2025-02-17 12:41:20.841 [error] [RPC Response] PtyService#updateIcon Could not find pty 17 on pty host
2025-02-17 12:41:20.841 [error] [RPC Response] PtyService#updateTitle Could not find pty 17 on pty host
2025-02-17 12:41:20.841 [error] [RPC Response] PtyService#updateIcon Could not find pty 18 on pty host
2025-02-17 12:41:20.841 [error] [RPC Response] PtyService#updateTitle Could not find pty 18 on pty host
2025-02-17 12:41:20.841 [error] [RPC Response] PtyService#updateIcon Could not find pty 19 on pty host
2025-02-17 12:41:20.841 [error] [RPC Response] PtyService#updateTitle Could not find pty 19 on pty host
2025-02-17 12:41:20.841 [error] [RPC Response] PtyService#updateIcon Could not find pty 20 on pty host
2025-02-17 12:41:20.841 [error] [RPC Response] PtyService#updateTitle Could not find pty 20 on pty host
2025-02-17 12:41:20.841 [error] [RPC Response] PtyService#updateIcon Could not find pty 21 on pty host
2025-02-17 12:41:20.841 [error] [RPC Response] PtyService#updateTitle Could not find pty 21 on pty host
2025-02-17 12:41:20.841 [error] [RPC Response] PtyService#updateIcon Could not find pty 22 on pty host
2025-02-17 12:41:20.841 [error] [RPC Response] PtyService#updateTitle Could not find pty 22 on pty host
2025-02-17 12:41:20.841 [error] [RPC Response] PtyService#updateIcon Could not find pty 23 on pty host
2025-02-17 12:41:20.841 [error] [RPC Response] PtyService#updateTitle Could not find pty 23 on pty host
2025-02-17 12:41:20.841 [error] [RPC Response] PtyService#updateIcon Could not find pty 24 on pty host
2025-02-17 12:41:20.841 [error] [RPC Response] PtyService#updateTitle Could not find pty 24 on pty host
2025-02-17 12:41:20.842 [error] [RPC Response] PtyService#updateIcon Could not find pty 25 on pty host
2025-02-17 12:41:20.842 [error] [RPC Response] PtyService#updateTitle Could not find pty 25 on pty host
2025-02-17 12:41:20.844 [error] [RPC Response] PtyService#updateIcon Could not find pty 26 on pty host
2025-02-17 12:41:20.845 [error] [RPC Response] PtyService#updateTitle Could not find pty 26 on pty host
2025-02-17 12:41:20.845 [error] [RPC Response] PtyService#updateIcon Could not find pty 27 on pty host
2025-02-17 12:41:20.845 [error] [RPC Response] PtyService#updateTitle Could not find pty 27 on pty host
2025-02-17 12:41:20.845 [error] [RPC Response] PtyService#updateIcon Could not find pty 28 on pty host
2025-02-17 12:41:20.845 [error] [RPC Response] PtyService#updateTitle Could not find pty 28 on pty host
2025-02-17 12:41:20.845 [error] [RPC Response] PtyService#updateIcon Could not find pty 29 on pty host
2025-02-17 12:41:20.845 [error] [RPC Response] PtyService#updateTitle Could not find pty 29 on pty host
2025-02-17 12:41:20.845 [error] [RPC Response] PtyService#updateIcon Could not find pty 30 on pty host
2025-02-17 12:41:20.845 [error] [RPC Response] PtyService#updateTitle Could not find pty 30 on pty host
2025-02-17 12:41:20.845 [error] [RPC Response] PtyService#updateIcon Could not find pty 31 on pty host
2025-02-17 12:41:20.845 [error] [RPC Response] PtyService#updateTitle Could not find pty 31 on pty host
2025-02-17 12:41:20.845 [error] [RPC Response] PtyService#updateIcon Could not find pty 32 on pty host
2025-02-17 12:41:20.845 [error] [RPC Response] PtyService#updateTitle Could not find pty 32 on pty host
2025-02-17 12:41:20.845 [error] [RPC Response] PtyService#updateIcon Could not find pty 33 on pty host
2025-02-17 12:41:20.845 [error] [RPC Response] PtyService#updateTitle Could not find pty 33 on pty host
2025-02-17 12:41:20.845 [error] [RPC Response] PtyService#updateTitle Could not find pty 33 on pty host
2025-02-17 12:41:20.845 [error] [RPC Response] PtyService#updateTitle Could not find pty 33 on pty host
2025-02-17 13:13:12.684 [info] Expanding terminal instance, old id 0fec79bbde99d7b81bcde7872e59ad5b-8 -> new id undefined
2025-02-17 13:13:19.645 [warning] Shell integration cannot be enabled for executable "/bin/sh" and args ["-c","wget --version > /dev/null\nif [ $? -eq 0 ]\nthen\n\twget --no-config --connect-timeout=7 --tries=1 --dns-timeout=7 -q --header='Metadata:true' -O - http://169.254.169.254/metadata/instance?api-version=2019-03-11\nelse\n\tcurl --version > /dev/null\n\tif [ $? -eq 0 ]\n\tthen\n\t\tcurl --disable --connect-timeout 7 -s --header='Metadata:true' http://169.254.169.254/metadata/instance?api-version=2019-03-11\n\tfi\nfi\nexit 0"]
2025-02-17 13:13:19.650 [warning] Shell integration cannot be enabled for executable "/bin/sh" and args ["-c","wget --version > /dev/null\nif [ $? -eq 0 ]\nthen\n\twget --no-config --connect-timeout=7 --tries=1 --dns-timeout=7 -q  -O - http://169.254.169.254/latest/meta-data/instance-id\nelse\n\tcurl --version > /dev/null\n\tif [ $? -eq 0 ]\n\tthen\n\t\tcurl --disable --connect-timeout 7 -s  http://169.254.169.254/latest/meta-data/instance-id\n\tfi\nfi\nexit 0"]
2025-02-17 13:13:19.652 [warning] Shell integration cannot be enabled for executable "/bin/sh" and args ["-c","wget --version > /dev/null\nif [ $? -eq 0 ]\nthen\n\twget --no-config --connect-timeout=7 --tries=1 --dns-timeout=7 -q  -O - http://169.254.169.254/metadata/v1/id\nelse\n\tcurl --version > /dev/null\n\tif [ $? -eq 0 ]\n\tthen\n\t\tcurl --disable --connect-timeout 7 -s  http://169.254.169.254/metadata/v1/id\n\tfi\nfi\nexit 0"]
2025-02-17 13:13:19.653 [warning] Shell integration cannot be enabled for executable "/bin/sh" and args ["-c","wget --version > /dev/null\nif [ $? -eq 0 ]\nthen\n\twget --no-config --connect-timeout=7 --tries=1 --dns-timeout=7 -q --header='Metadata-Flavor:Google' -O - http://metadata.google.internal/computeMetadata/v1/instance/id\nelse\n\tcurl --version > /dev/null\n\tif [ $? -eq 0 ]\n\tthen\n\t\tcurl --disable --connect-timeout 7 -s --header='Metadata-Flavor:Google' http://metadata.google.internal/computeMetadata/v1/instance/id\n\tfi\nfi\nexit 0"]
2025-02-17 13:13:23.206 [warning] Persistent process "8": Process had no disconnect runners but was an orphan
2025-02-17 13:13:23.206 [info] Persistent process reconnection "8"
2025-02-17 13:13:23.898 [info] Persistent process "8": Replaying 8410 chars and 1 size events
2025-02-17 14:13:26.692 [error] [RPC Response] PtyService#updateIcon Could not find pty 37 on pty host
2025-02-17 14:13:26.693 [error] [RPC Response] PtyService#updateTitle Could not find pty 37 on pty host
2025-02-17 14:13:26.693 [error] [RPC Response] PtyService#updateIcon Could not find pty 38 on pty host
2025-02-17 14:13:26.694 [error] [RPC Response] PtyService#updateTitle Could not find pty 38 on pty host
2025-02-17 14:13:26.694 [error] [RPC Response] PtyService#updateIcon Could not find pty 39 on pty host
2025-02-17 14:13:26.694 [error] [RPC Response] PtyService#updateTitle Could not find pty 39 on pty host
2025-02-17 14:13:26.694 [error] [RPC Response] PtyService#updateIcon Could not find pty 40 on pty host
2025-02-17 14:13:26.694 [error] [RPC Response] PtyService#updateTitle Could not find pty 40 on pty host
2025-02-17 14:13:26.694 [error] [RPC Response] PtyService#updateIcon Could not find pty 41 on pty host
2025-02-17 14:13:26.694 [error] [RPC Response] PtyService#updateTitle Could not find pty 41 on pty host
2025-02-17 14:13:26.694 [error] [RPC Response] PtyService#updateIcon Could not find pty 42 on pty host
2025-02-17 14:13:26.694 [error] [RPC Response] PtyService#updateTitle Could not find pty 42 on pty host
2025-02-17 14:13:26.695 [error] [RPC Response] PtyService#updateIcon Could not find pty 43 on pty host
2025-02-17 14:13:26.695 [error] [RPC Response] PtyService#updateTitle Could not find pty 43 on pty host
2025-02-17 14:13:26.695 [error] [RPC Response] PtyService#updateIcon Could not find pty 44 on pty host
2025-02-17 14:13:26.695 [error] [RPC Response] PtyService#updateTitle Could not find pty 44 on pty host
2025-02-17 14:13:26.695 [error] [RPC Response] PtyService#updateIcon Could not find pty 45 on pty host
2025-02-17 14:13:26.696 [error] [RPC Response] PtyService#updateTitle Could not find pty 45 on pty host
2025-02-17 14:13:26.696 [error] [RPC Response] PtyService#updateIcon Could not find pty 46 on pty host
2025-02-17 14:13:26.697 [error] [RPC Response] PtyService#updateTitle Could not find pty 46 on pty host
2025-02-17 14:13:26.697 [error] [RPC Response] PtyService#updateIcon Could not find pty 47 on pty host
2025-02-17 14:13:26.697 [error] [RPC Response] PtyService#updateTitle Could not find pty 47 on pty host
2025-02-17 14:13:26.697 [error] [RPC Response] PtyService#updateIcon Could not find pty 48 on pty host
2025-02-17 14:13:26.697 [error] [RPC Response] PtyService#updateTitle Could not find pty 48 on pty host
2025-02-17 14:13:26.698 [error] [RPC Response] PtyService#updateTitle Could not find pty 48 on pty host
2025-02-17 14:13:26.698 [error] [RPC Response] PtyService#updateIcon Could not find pty 49 on pty host
2025-02-17 14:13:26.698 [error] [RPC Response] PtyService#updateTitle Could not find pty 49 on pty host
2025-02-17 14:13:26.698 [error] [RPC Response] PtyService#updateTitle Could not find pty 49 on pty host
2025-02-17 14:13:26.698 [error] [RPC Response] PtyService#updateTitle Could not find pty 49 on pty host
2025-02-17 14:35:25.041 [info] Expanding terminal instance, old id 0fec79bbde99d7b81bcde7872e59ad5b-8 -> new id undefined
2025-02-17 14:35:28.460 [warning] Shell integration cannot be enabled for executable "/bin/sh" and args ["-c","wget --version > /dev/null\nif [ $? -eq 0 ]\nthen\n\twget --no-config --connect-timeout=7 --tries=1 --dns-timeout=7 -q --header='Metadata:true' -O - http://169.254.169.254/metadata/instance?api-version=2019-03-11\nelse\n\tcurl --version > /dev/null\n\tif [ $? -eq 0 ]\n\tthen\n\t\tcurl --disable --connect-timeout 7 -s --header='Metadata:true' http://169.254.169.254/metadata/instance?api-version=2019-03-11\n\tfi\nfi\nexit 0"]
2025-02-17 14:35:28.461 [warning] Shell integration cannot be enabled for executable "/bin/sh" and args ["-c","wget --version > /dev/null\nif [ $? -eq 0 ]\nthen\n\twget --no-config --connect-timeout=7 --tries=1 --dns-timeout=7 -q  -O - http://169.254.169.254/latest/meta-data/instance-id\nelse\n\tcurl --version > /dev/null\n\tif [ $? -eq 0 ]\n\tthen\n\t\tcurl --disable --connect-timeout 7 -s  http://169.254.169.254/latest/meta-data/instance-id\n\tfi\nfi\nexit 0"]
2025-02-17 14:35:28.463 [warning] Shell integration cannot be enabled for executable "/bin/sh" and args ["-c","wget --version > /dev/null\nif [ $? -eq 0 ]\nthen\n\twget --no-config --connect-timeout=7 --tries=1 --dns-timeout=7 -q  -O - http://169.254.169.254/metadata/v1/id\nelse\n\tcurl --version > /dev/null\n\tif [ $? -eq 0 ]\n\tthen\n\t\tcurl --disable --connect-timeout 7 -s  http://169.254.169.254/metadata/v1/id\n\tfi\nfi\nexit 0"]
2025-02-17 14:35:28.466 [warning] Shell integration cannot be enabled for executable "/bin/sh" and args ["-c","wget --version > /dev/null\nif [ $? -eq 0 ]\nthen\n\twget --no-config --connect-timeout=7 --tries=1 --dns-timeout=7 -q --header='Metadata-Flavor:Google' -O - http://metadata.google.internal/computeMetadata/v1/instance/id\nelse\n\tcurl --version > /dev/null\n\tif [ $? -eq 0 ]\n\tthen\n\t\tcurl --disable --connect-timeout 7 -s --header='Metadata-Flavor:Google' http://metadata.google.internal/computeMetadata/v1/instance/id\n\tfi\nfi\nexit 0"]
2025-02-17 14:35:30.377 [warning] Persistent process "8": Process had no disconnect runners but was an orphan
2025-02-17 14:35:30.378 [info] Persistent process reconnection "8"
2025-02-17 14:35:31.549 [info] Persistent process "8": Replaying 8230 chars and 1 size events
