2025-02-16 11:12:04.808 [info] Extension host with pid 3371 started
2025-02-16 11:12:04.822 [info] Lock '/teamspace/studios/this_studio/.vscode-server/data/User/workspaceStorage/0fec79bbde99d7b81bcde7872e59ad5b/vscode.lock': Lock acquired.
2025-02-16 11:12:05.643 [info] ExtensionService#_doActivateExtension vscode.ipynb, startup: false, activationEvent: 'onNotebookSerializer:jupyter-notebook'
2025-02-16 11:12:05.645 [info] ExtensionService#_doActivateExtension vscode.git-base, startup: false, activationEvent: '*', root cause: vscode.git
2025-02-16 11:12:05.997 [info] ExtensionService#_doActivateExtension vscode.git, startup: false, activationEvent: '*'
2025-02-16 11:12:05.998 [info] ExtensionService#_doActivateExtension vscode.github, startup: false, activationEvent: '*'
2025-02-16 11:12:06.572 [info] Eager extensions activated
2025-02-16 11:12:06.574 [info] ExtensionService#_doActivateExtension vscode.debug-auto-launch, startup: false, activationEvent: 'onStartupFinished'
2025-02-16 11:12:06.574 [info] ExtensionService#_doActivateExtension vscode.merge-conflict, startup: false, activationEvent: 'onStartupFinished'
2025-02-16 11:12:08.894 [info] ExtensionService#_doActivateExtension ms-toolsai.jupyter, startup: false, activationEvent: 'onNotebook:jupyter-notebook'
2025-02-16 11:12:08.896 [info] ExtensionService#_doActivateExtension ms-toolsai.vscode-jupyter-cell-tags, startup: false, activationEvent: 'onNotebook:jupyter-notebook'
2025-02-16 11:12:08.896 [info] ExtensionService#_doActivateExtension ms-toolsai.vscode-jupyter-slideshow, startup: false, activationEvent: 'onNotebook:jupyter-notebook'
2025-02-16 11:12:09.759 [info] ExtensionService#_doActivateExtension ms-python.python, startup: false, activationEvent: 'api', root cause: ms-toolsai.jupyter
2025-02-16 11:12:09.933 [info] ExtensionService#_doActivateExtension ms-toolsai.jupyter-renderers, startup: false, activationEvent: 'api', root cause: ms-toolsai.jupyter
2025-02-16 11:12:10.929 [info] ExtensionService#_doActivateExtension ms-python.vscode-pylance, startup: false, activationEvent: 'api', root cause: ms-python.python
2025-02-16 11:12:11.306 [info] ExtensionService#_doActivateExtension ms-python.debugpy, startup: false, activationEvent: 'onLanguage:python'
2025-02-16 11:12:11.306 [info] ExtensionService#_doActivateExtension vscode.emmet, startup: false, activationEvent: 'onLanguage'
2025-02-16 11:12:12.674 [error] TypeError: Cannot read properties of undefined (reading 'toString')
	at /teamspace/studios/this_studio/.vscode-server/extensions/ms-python.debugpy-2025.0.1-linux-x64/dist/extension.js:2:849381
	at FSReqCallback.readFileAfterClose [as oncomplete] (node:internal/fs/read/context:52:12)
2025-02-16 11:20:02.691 [info] ExtensionService#_doActivateExtension vscode.extension-editing, startup: false, activationEvent: 'onLanguage:markdown'
2025-02-16 11:20:02.692 [info] ExtensionService#_doActivateExtension vscode.markdown-language-features, startup: false, activationEvent: 'onLanguage:markdown'
2025-02-16 11:20:03.573 [info] ExtensionService#_doActivateExtension vscode.markdown-math, startup: false, activationEvent: 'api', root cause: vscode.markdown-language-features
2025-02-16 12:03:42.907 [warning] onWillSaveNotebookDocument-listener from extension {"value":"vscode.ipynb","_lower":"vscode.ipynb"} ignored due to invalid data
2025-02-16 12:03:42.908 [warning] onWillSaveNotebookDocument-listener from extension {"value":"vscode.ipynb","_lower":"vscode.ipynb"} ignored due to invalid data
2025-02-16 12:03:42.908 [warning] onWillSaveNotebookDocument-listener from extension {"value":"vscode.ipynb","_lower":"vscode.ipynb"} ignored due to invalid data
2025-02-16 12:03:42.908 [warning] onWillSaveNotebookDocument-listener from extension {"value":"vscode.ipynb","_lower":"vscode.ipynb"} ignored due to invalid data
2025-02-16 12:03:45.810 [info] Extension host terminating: received terminate message from renderer
2025-02-16 12:03:45.810 [info] Lock '/teamspace/studios/this_studio/.vscode-server/data/User/workspaceStorage/0fec79bbde99d7b81bcde7872e59ad5b/vscode.lock': Marking the lockfile as scheduled to be released in 6000 ms.
2025-02-16 12:03:45.847 [error] Canceled: Canceled
	at new XT (file:///teamspace/studios/this_studio/.vscode-server/cli/servers/Stable-e54c774e0add60467559eb0d1e229c6452cf8447/server/out/vs/workbench/api/node/extensionHostProcess.js:29:153701)
	at Uy.U (file:///teamspace/studios/this_studio/.vscode-server/cli/servers/Stable-e54c774e0add60467559eb0d1e229c6452cf8447/server/out/vs/workbench/api/node/extensionHostProcess.js:29:158311)
	at s.<computed>.n.charCodeAt.s.<computed> (file:///teamspace/studios/this_studio/.vscode-server/cli/servers/Stable-e54c774e0add60467559eb0d1e229c6452cf8447/server/out/vs/workbench/api/node/extensionHostProcess.js:29:155805)
	at mw.g (file:///teamspace/studios/this_studio/.vscode-server/cli/servers/Stable-e54c774e0add60467559eb0d1e229c6452cf8447/server/out/vs/workbench/api/node/extensionHostProcess.js:112:32221)
	at mw.executeCommand (file:///teamspace/studios/this_studio/.vscode-server/cli/servers/Stable-e54c774e0add60467559eb0d1e229c6452cf8447/server/out/vs/workbench/api/node/extensionHostProcess.js:112:31725)
	at r.registerCommand.description (file:///teamspace/studios/this_studio/.vscode-server/cli/servers/Stable-e54c774e0add60467559eb0d1e229c6452cf8447/server/out/vs/workbench/api/node/extensionHostProcess.js:112:31055)
	at mw.h (file:///teamspace/studios/this_studio/.vscode-server/cli/servers/Stable-e54c774e0add60467559eb0d1e229c6452cf8447/server/out/vs/workbench/api/node/extensionHostProcess.js:112:32741)
	at mw.g (file:///teamspace/studios/this_studio/.vscode-server/cli/servers/Stable-e54c774e0add60467559eb0d1e229c6452cf8447/server/out/vs/workbench/api/node/extensionHostProcess.js:112:31818)
	at mw.executeCommand (file:///teamspace/studios/this_studio/.vscode-server/cli/servers/Stable-e54c774e0add60467559eb0d1e229c6452cf8447/server/out/vs/workbench/api/node/extensionHostProcess.js:112:31725)
	at Object.executeCommand (file:///teamspace/studios/this_studio/.vscode-server/cli/servers/Stable-e54c774e0add60467559eb0d1e229c6452cf8447/server/out/vs/workbench/api/node/extensionHostProcess.js:172:37254)
	at ir.set (/teamspace/studios/this_studio/.vscode-server/extensions/ms-toolsai.jupyter-2025.1.0-linux-x64/dist/extension.node.js:304:165658)
	at dI.updateContextOfActiveNotebookKernel (/teamspace/studios/this_studio/.vscode-server/extensions/ms-toolsai.jupyter-2025.1.0-linux-x64/dist/extension.node.js:382:11182)
	at dI.onDidKernelStatusChange (/teamspace/studios/this_studio/.vscode-server/extensions/ms-toolsai.jupyter-2025.1.0-linux-x64/dist/extension.node.js:382:12834)
	at D.B (file:///teamspace/studios/this_studio/.vscode-server/cli/servers/Stable-e54c774e0add60467559eb0d1e229c6452cf8447/server/out/vs/workbench/api/node/extensionHostProcess.js:27:2373)
	at D.C (file:///teamspace/studios/this_studio/.vscode-server/cli/servers/Stable-e54c774e0add60467559eb0d1e229c6452cf8447/server/out/vs/workbench/api/node/extensionHostProcess.js:27:2443)
	at D.fire (file:///teamspace/studios/this_studio/.vscode-server/cli/servers/Stable-e54c774e0add60467559eb0d1e229c6452cf8447/server/out/vs/workbench/api/node/extensionHostProcess.js:27:2660)
	at Cy.<anonymous> (/teamspace/studios/this_studio/.vscode-server/extensions/ms-toolsai.jupyter-2025.1.0-linux-x64/dist/extension.node.js:299:2959)
	at D.B (file:///teamspace/studios/this_studio/.vscode-server/cli/servers/Stable-e54c774e0add60467559eb0d1e229c6452cf8447/server/out/vs/workbench/api/node/extensionHostProcess.js:27:2373)
	at D.C (file:///teamspace/studios/this_studio/.vscode-server/cli/servers/Stable-e54c774e0add60467559eb0d1e229c6452cf8447/server/out/vs/workbench/api/node/extensionHostProcess.js:27:2443)
	at D.fire (file:///teamspace/studios/this_studio/.vscode-server/cli/servers/Stable-e54c774e0add60467559eb0d1e229c6452cf8447/server/out/vs/workbench/api/node/extensionHostProcess.js:27:2660)
	at e (/teamspace/studios/this_studio/.vscode-server/extensions/ms-toolsai.jupyter-2025.1.0-linux-x64/dist/extension.node.js:285:32519)
	at I_.dispose (/teamspace/studios/this_studio/.vscode-server/extensions/ms-toolsai.jupyter-2025.1.0-linux-x64/dist/extension.node.js:285:32642)
	at /teamspace/studios/this_studio/.vscode-server/extensions/ms-toolsai.jupyter-2025.1.0-linux-x64/dist/extension.node.js:183:1926
	at Array.map (<anonymous>)
	at Pg.dispose (/teamspace/studios/this_studio/.vscode-server/extensions/ms-toolsai.jupyter-2025.1.0-linux-x64/dist/extension.node.js:183:1917)
	at Object.bhe (/teamspace/studios/this_studio/.vscode-server/extensions/ms-toolsai.jupyter-2025.1.0-linux-x64/dist/extension.node.js:445:3880)
	at Object.m (/teamspace/studios/this_studio/.vscode-server/extensions/ms-toolsai.jupyter-2025.1.0-linux-x64/dist/extension.node.proxy.js:1:963)
	at PW.eb (file:///teamspace/studios/this_studio/.vscode-server/cli/servers/Stable-e54c774e0add60467559eb0d1e229c6452cf8447/server/out/vs/workbench/api/node/extensionHostProcess.js:116:11724)
	at file:///teamspace/studios/this_studio/.vscode-server/cli/servers/Stable-e54c774e0add60467559eb0d1e229c6452cf8447/server/out/vs/workbench/api/node/extensionHostProcess.js:116:9874
	at Array.map (<anonymous>)
	at PW.$ (file:///teamspace/studios/this_studio/.vscode-server/cli/servers/Stable-e54c774e0add60467559eb0d1e229c6452cf8447/server/out/vs/workbench/api/node/extensionHostProcess.js:116:9862)
	at PW.terminate (file:///teamspace/studios/this_studio/.vscode-server/cli/servers/Stable-e54c774e0add60467559eb0d1e229c6452cf8447/server/out/vs/workbench/api/node/extensionHostProcess.js:116:10105)
	at wC.terminate (file:///teamspace/studios/this_studio/.vscode-server/cli/servers/Stable-e54c774e0add60467559eb0d1e229c6452cf8447/server/out/vs/workbench/api/node/extensionHostProcess.js:117:1434)
	at ts (file:///teamspace/studios/this_studio/.vscode-server/cli/servers/Stable-e54c774e0add60467559eb0d1e229c6452cf8447/server/out/vs/workbench/api/node/extensionHostProcess.js:190:15080)
	at Ah.value (file:///teamspace/studios/this_studio/.vscode-server/cli/servers/Stable-e54c774e0add60467559eb0d1e229c6452cf8447/server/out/vs/workbench/api/node/extensionHostProcess.js:190:13241)
	at D.B (file:///teamspace/studios/this_studio/.vscode-server/cli/servers/Stable-e54c774e0add60467559eb0d1e229c6452cf8447/server/out/vs/workbench/api/node/extensionHostProcess.js:27:2373)
	at D.fire (file:///teamspace/studios/this_studio/.vscode-server/cli/servers/Stable-e54c774e0add60467559eb0d1e229c6452cf8447/server/out/vs/workbench/api/node/extensionHostProcess.js:27:2591)
	at Xn.fire (file:///teamspace/studios/this_studio/.vscode-server/cli/servers/Stable-e54c774e0add60467559eb0d1e229c6452cf8447/server/out/vs/workbench/api/node/extensionHostProcess.js:29:9458)
	at Gm.A (file:///teamspace/studios/this_studio/.vscode-server/cli/servers/Stable-e54c774e0add60467559eb0d1e229c6452cf8447/server/out/vs/workbench/api/node/extensionHostProcess.js:29:12574)
	at Ah.value (file:///teamspace/studios/this_studio/.vscode-server/cli/servers/Stable-e54c774e0add60467559eb0d1e229c6452cf8447/server/out/vs/workbench/api/node/extensionHostProcess.js:29:11975)
	at D.B (file:///teamspace/studios/this_studio/.vscode-server/cli/servers/Stable-e54c774e0add60467559eb0d1e229c6452cf8447/server/out/vs/workbench/api/node/extensionHostProcess.js:27:2373)
	at D.fire (file:///teamspace/studios/this_studio/.vscode-server/cli/servers/Stable-e54c774e0add60467559eb0d1e229c6452cf8447/server/out/vs/workbench/api/node/extensionHostProcess.js:27:2591)
	at m6.acceptChunk (file:///teamspace/studios/this_studio/.vscode-server/cli/servers/Stable-e54c774e0add60467559eb0d1e229c6452cf8447/server/out/vs/workbench/api/node/extensionHostProcess.js:29:7941)
	at file:///teamspace/studios/this_studio/.vscode-server/cli/servers/Stable-e54c774e0add60467559eb0d1e229c6452cf8447/server/out/vs/workbench/api/node/extensionHostProcess.js:29:7227
	at Socket.t (file:///teamspace/studios/this_studio/.vscode-server/cli/servers/Stable-e54c774e0add60467559eb0d1e229c6452cf8447/server/out/vs/workbench/api/node/extensionHostProcess.js:29:14761)
	at Socket.emit (node:events:518:28)
	at addChunk (node:internal/streams/readable:561:12)
	at readableAddChunkPushByteMode (node:internal/streams/readable:512:3)
	at Readable.push (node:internal/streams/readable:392:5)
	at Pipe.onStreamRead (node:internal/stream_base_commons:191:23) setContext undefined
2025-02-16 12:03:45.855 [info] Extension host with pid 3371 exiting with code 0
