Visual Studio Code (1.97.2, ssh-remote, desktop)
Jupyter Extension Version: 2025.1.0.
Python Extension Version: 2025.0.0.
Pylance Extension Version: 2025.2.1.
Platform: linux (x64).
Home = /teamspace/studios/this_studio
Temp Storage folder ~/.vscode-server/data/User/globalStorage/ms-toolsai.jupyter/version-2025.1.0
Workspace folder /teamspace/studios/this_studio
11:12:11.815 [info] Starting Kernel (Python Path: /home/zeus/miniconda3/envs/cloudspace/bin/python, Conda, 3.10.10) for '~/model.ipynb' (disableUI=true)
11:12:13.859 [info] Process Execution: /home/zeus/miniconda3/envs/cloudspace/bin/python -m pip list
11:12:13.871 [info] Process Execution: /home/zeus/miniconda3/envs/cloudspace/bin/python -c "import ipykernel; print(ipykernel.__version__); print("5dc3a68c-e34e-4080-9c3e-2a532b2ccb4d"); print(ipykernel.__file__)"
11:12:13.875 [info] Process Execution: /home/zeus/miniconda3/envs/cloudspace/bin/python -m ipykernel_launcher --f=<username>/.local/share/jupyter/runtime/kernel-v36fd58be1b96354fd4457baf93fdcfc8ddee63fa2.json
    > cwd: <username>
11:12:14.405 [info] Kernel successfully started
11:12:14.425 [info] Process Execution: /home/zeus/miniconda3/envs/cloudspace/bin/python <username>/.vscode-server/extensions/ms-toolsai.jupyter-2025.1.0-linux-x64/pythonFiles/printJupyterDataDir.py
11:20:37.380 [info] Disposing request as the cell (-1) was deleted ~/model.ipynb
12:03:45.834 [info] Dispose Kernel '~/model.ipynb' associated with '~/model.ipynb'
12:03:45.850 [warn] Failed to delete connection file file://<username>/.local/share/jupyter/runtime/kernel-v36fd58be1b96354fd4457baf93fdcfc8ddee63fa2.json for pid 3881 [Canceled (FileSystemError): Canceled
	at Zi.e (file://<username>/.vscode-server/cli/servers/Stable-e54c774e0add60467559eb0d1e229c6452cf8447/server/out/vs/workbench/api/node/extensionHostProcess.js:112:9922)
	at Object.stat (file://<username>/.vscode-server/cli/servers/Stable-e54c774e0add60467559eb0d1e229c6452cf8447/server/out/vs/workbench/api/node/extensionHostProcess.js:112:7076)
	at async qc.delete (<username>/.vscode-server/extensions/ms-toolsai.jupyter-2025.1.0-linux-x64/dist/extension.node.js:239:15448)
	at async <username>/.vscode-server/extensions/ms-toolsai.jupyter-2025.1.0-linux-x64/dist/extension.node.js:303:469] {
  code: 'Unknown'
}
