2025-02-17 09:37:03.568 [info] [main] Log level: Info
2025-02-17 09:37:03.568 [info] [main] Validating found git in: "git"
2025-02-17 09:37:03.568 [info] [main] Using git "2.42.0" from "git"
2025-02-17 09:37:03.568 [info] [Model][doInitialScan] Initial repository scan started
2025-02-17 09:37:03.568 [info] > git rev-parse --show-toplevel [3ms]
2025-02-17 09:37:03.568 [info] fatal: not a git repository (or any parent up to mount point /teamspace/studios)
Stopping at filesystem boundary (GIT_DISCOVERY_ACROSS_FILESYSTEM not set).
2025-02-17 09:37:03.568 [info] > git rev-parse --show-toplevel [3ms]
2025-02-17 09:37:03.568 [info] fatal: not a git repository (or any parent up to mount point /teamspace/studios)
Stopping at filesystem boundary (GIT_DISCOVERY_ACROSS_FILESYSTEM not set).
2025-02-17 09:37:03.568 [info] > git rev-parse --show-toplevel [2ms]
2025-02-17 09:37:03.568 [info] fatal: not a git repository (or any parent up to mount point /teamspace/studios)
Stopping at filesystem boundary (GIT_DISCOVERY_ACROSS_FILESYSTEM not set).
2025-02-17 09:37:03.568 [info] > git rev-parse --show-toplevel [4ms]
2025-02-17 09:37:03.568 [info] fatal: not a git repository (or any parent up to mount point /teamspace/studios)
Stopping at filesystem boundary (GIT_DISCOVERY_ACROSS_FILESYSTEM not set).
2025-02-17 09:37:03.568 [info] > git rev-parse --show-toplevel [3ms]
2025-02-17 09:37:03.568 [info] fatal: not a git repository (or any parent up to mount point /teamspace/studios)
Stopping at filesystem boundary (GIT_DISCOVERY_ACROSS_FILESYSTEM not set).
2025-02-17 09:37:03.568 [info] > git rev-parse --show-toplevel [3ms]
2025-02-17 09:37:03.568 [info] fatal: not a git repository (or any parent up to mount point /teamspace/studios)
Stopping at filesystem boundary (GIT_DISCOVERY_ACROSS_FILESYSTEM not set).
2025-02-17 09:37:03.568 [info] > git rev-parse --show-toplevel [3ms]
2025-02-17 09:37:03.568 [info] fatal: not a git repository (or any parent up to mount point /teamspace/studios)
Stopping at filesystem boundary (GIT_DISCOVERY_ACROSS_FILESYSTEM not set).
2025-02-17 09:37:03.568 [info] > git rev-parse --show-toplevel [3ms]
2025-02-17 09:37:03.568 [info] fatal: not a git repository (or any parent up to mount point /teamspace/studios)
Stopping at filesystem boundary (GIT_DISCOVERY_ACROSS_FILESYSTEM not set).
2025-02-17 09:37:03.568 [info] > git rev-parse --show-toplevel [3ms]
2025-02-17 09:37:03.568 [info] fatal: not a git repository (or any parent up to mount point /teamspace/studios)
Stopping at filesystem boundary (GIT_DISCOVERY_ACROSS_FILESYSTEM not set).
2025-02-17 09:37:03.568 [info] > git rev-parse --show-toplevel [2ms]
2025-02-17 09:37:03.568 [info] fatal: not a git repository (or any parent up to mount point /teamspace/studios)
Stopping at filesystem boundary (GIT_DISCOVERY_ACROSS_FILESYSTEM not set).
2025-02-17 09:37:03.568 [info] [Model][doInitialScan] Initial repository scan completed - repositories (0), closed repositories (0), parent repositories (0), unsafe repositories (0)
2025-02-17 09:37:08.910 [info] > git rev-parse --show-toplevel [2ms]
2025-02-17 09:37:08.910 [info] fatal: not a git repository (or any parent up to mount point /teamspace/studios)
Stopping at filesystem boundary (GIT_DISCOVERY_ACROSS_FILESYSTEM not set).
2025-02-17 10:42:17.010 [info] > git rev-parse --show-toplevel [2ms]
2025-02-17 10:42:17.011 [info] fatal: not a git repository (or any parent up to mount point /teamspace/studios)
Stopping at filesystem boundary (GIT_DISCOVERY_ACROSS_FILESYSTEM not set).
