2025-02-18 11:48:55.203 [info] (Client) Pylance async client (2025.2.1) started with python extension (2025.0.0)
2025-02-18 11:48:55.690 [info] [Info  - 11:48:55 AM] (45749) Server root directory: file:///teamspace/studios/this_studio/.vscode-server/extensions/ms-python.vscode-pylance-2025.2.1/dist
2025-02-18 11:48:55.691 [info] [Info  - 11:48:55 AM] (45749) Pylance language server 2025.2.1 (pyright version 1.1.393, commit 3763156f) starting
2025-02-18 11:48:55.691 [info] [Info  - 11:48:55 AM] (45749) Starting service instance "this_studio"
2025-02-18 11:48:55.756 [info] [Info  - 11:48:55 AM] (45749) Setting environmentName for service "this_studio": "3.10.10 (cloudspace conda)"
2025-02-18 11:48:55.756 [info] [Info  - 11:48:55 AM] (45749) Setting pythonPath for service "this_studio": "/home/zeus/miniconda3/envs/cloudspace/bin/python"
2025-02-18 11:48:55.757 [info] [Info  - 11:48:55 AM] (45749) No include entries specified; assuming /teamspace/studios/this_studio
2025-02-18 11:48:55.758 [info] [Info  - 11:48:55 AM] (45749) Auto-excluding **/node_modules
2025-02-18 11:48:55.759 [info] [Info  - 11:48:55 AM] (45749) Auto-excluding **/__pycache__
2025-02-18 11:48:55.759 [info] [Info  - 11:48:55 AM] (45749) Auto-excluding **/.*
2025-02-18 11:48:55.782 [info] [Info  - 11:48:55 AM] (45749) Assuming Python version 3.10.10.final.0
2025-02-18 11:48:55.963 [info] [Info  - 11:48:55 AM] (45749) Found 1 source file
2025-02-18 11:48:56.004 [info] [Info  - 11:48:56 AM] (45749) Starting service instance "this_studio"
2025-02-18 11:48:56.037 [info] [Info  - 11:48:56 AM] (45749) Setting environmentName for service "this_studio": "3.10.10 (cloudspace conda)"
2025-02-18 11:48:56.038 [info] [Info  - 11:48:56 AM] (45749) Setting pythonPath for service "this_studio": "/teamspace/studios/this_studio"
2025-02-18 11:48:56.041 [info] [Info  - 11:48:56 AM] (45749) No include entries specified; assuming /teamspace/studios/this_studio
2025-02-18 11:48:56.041 [info] [Info  - 11:48:56 AM] (45749) Auto-excluding **/node_modules
2025-02-18 11:48:56.042 [info] [Info  - 11:48:56 AM] (45749) Auto-excluding **/__pycache__
2025-02-18 11:48:56.042 [info] [Info  - 11:48:56 AM] (45749) Auto-excluding **/.*
2025-02-18 11:48:56.098 [info] [Info  - 11:48:56 AM] (45749) Found 1 source file
2025-02-18 11:48:56.427 [info] [Info  - 11:48:56 AM] (45749) Background analysis(1) root directory: file:///teamspace/studios/this_studio/.vscode-server/extensions/ms-python.vscode-pylance-2025.2.1/dist
2025-02-18 11:48:56.433 [info] [Info  - 11:48:56 AM] (45749) Background analysis(1) started
2025-02-18 11:48:56.599 [info] [Info  - 11:48:56 AM] (45749) Indexer background runner(3) root directory: file:///teamspace/studios/this_studio/.vscode-server/extensions/ms-python.vscode-pylance-2025.2.1/dist (index)
2025-02-18 11:48:56.604 [info] [Info  - 11:48:56 AM] (45749) Indexing(3) started
2025-02-18 11:48:56.664 [info] [Info  - 11:48:56 AM] (45749) Background analysis(2) root directory: file:///teamspace/studios/this_studio/.vscode-server/extensions/ms-python.vscode-pylance-2025.2.1/dist
2025-02-18 11:48:56.667 [info] [Info  - 11:48:56 AM] (45749) Background analysis(2) started
2025-02-18 11:48:57.307 [info] [Info  - 11:48:57 AM] (45749) scanned(3) 1 files over 1 exec env
2025-02-18 11:48:57.629 [info] [Info  - 11:48:57 AM] (45749) indexed(3) 1 files over 1 exec env
2025-02-18 11:48:57.660 [info] [Info  - 11:48:57 AM] (45749) Indexing finished(3).
