2025-02-16 09:15:32.564 [info] [main] Log level: Info
2025-02-16 09:15:32.564 [info] [main] Validating found git in: "git"
2025-02-16 09:15:32.564 [info] [main] Using git "2.42.0" from "git"
2025-02-16 09:15:32.564 [info] [Model][doInitialScan] Initial repository scan started
2025-02-16 09:15:32.564 [info] > git rev-parse --show-toplevel [6ms]
2025-02-16 09:15:32.564 [info] fatal: not a git repository (or any parent up to mount point /teamspace/studios)
Stopping at filesystem boundary (GIT_DISCOVERY_ACROSS_FILESYSTEM not set).
2025-02-16 09:15:32.564 [info] > git rev-parse --show-toplevel [2ms]
2025-02-16 09:15:32.564 [info] fatal: not a git repository (or any parent up to mount point /teamspace/studios)
Stopping at filesystem boundary (GIT_DISCOVERY_ACROSS_FILESYSTEM not set).
2025-02-16 09:15:32.564 [info] > git rev-parse --show-toplevel [2ms]
2025-02-16 09:15:32.564 [info] fatal: not a git repository (or any parent up to mount point /teamspace/studios)
Stopping at filesystem boundary (GIT_DISCOVERY_ACROSS_FILESYSTEM not set).
2025-02-16 09:15:32.564 [info] > git rev-parse --show-toplevel [2ms]
2025-02-16 09:15:32.564 [info] fatal: not a git repository (or any parent up to mount point /teamspace/studios)
Stopping at filesystem boundary (GIT_DISCOVERY_ACROSS_FILESYSTEM not set).
2025-02-16 09:15:32.564 [info] > git rev-parse --show-toplevel [2ms]
2025-02-16 09:15:32.564 [info] fatal: not a git repository (or any parent up to mount point /teamspace/studios)
Stopping at filesystem boundary (GIT_DISCOVERY_ACROSS_FILESYSTEM not set).
2025-02-16 09:15:32.564 [info] > git rev-parse --show-toplevel [2ms]
2025-02-16 09:15:32.564 [info] fatal: not a git repository (or any parent up to mount point /teamspace/studios)
Stopping at filesystem boundary (GIT_DISCOVERY_ACROSS_FILESYSTEM not set).
2025-02-16 09:15:32.564 [info] > git rev-parse --show-toplevel [2ms]
2025-02-16 09:15:32.564 [info] fatal: not a git repository (or any parent up to mount point /teamspace/studios)
Stopping at filesystem boundary (GIT_DISCOVERY_ACROSS_FILESYSTEM not set).
2025-02-16 09:15:32.564 [info] > git rev-parse --show-toplevel [2ms]
2025-02-16 09:15:32.564 [info] fatal: not a git repository (or any parent up to mount point /teamspace/studios)
Stopping at filesystem boundary (GIT_DISCOVERY_ACROSS_FILESYSTEM not set).
2025-02-16 09:15:32.564 [info] > git rev-parse --show-toplevel [2ms]
2025-02-16 09:15:32.564 [info] fatal: not a git repository (or any parent up to mount point /teamspace/studios)
Stopping at filesystem boundary (GIT_DISCOVERY_ACROSS_FILESYSTEM not set).
2025-02-16 09:15:32.564 [info] > git rev-parse --show-toplevel [1ms]
2025-02-16 09:15:32.564 [info] fatal: not a git repository (or any parent up to mount point /teamspace/studios)
Stopping at filesystem boundary (GIT_DISCOVERY_ACROSS_FILESYSTEM not set).
2025-02-16 09:15:32.564 [info] [Model][doInitialScan] Initial repository scan completed - repositories (0), closed repositories (0), parent repositories (0), unsafe repositories (0)
2025-02-16 09:15:57.950 [info] > git rev-parse --show-toplevel [2ms]
2025-02-16 09:15:57.951 [info] fatal: not a git repository (or any parent up to mount point /teamspace/studios)
Stopping at filesystem boundary (GIT_DISCOVERY_ACROSS_FILESYSTEM not set).
