2025-02-16 10:53:40.936 [info] Starting Python Locator /teamspace/studios/this_studio/.vscode-server/extensions/ms-python.python-2025.0.0-linux-x64/python-env-tools/bin/pet server
2025-02-16 10:53:40.936 [info] Discovered manager: (Poetry) /commands/poetry
2025-02-16 10:53:40.936 [info] Discovered manager: (Conda) /home/zeus/miniconda3/bin/conda
2025-02-16 10:53:40.936 [info] Discovered env: /home/zeus/miniconda3/envs/cloudspace/bin/python
2025-02-16 10:53:40.936 [info] Discovered env: /bin/python3
2025-02-16 10:53:40.936 [info] Discovered env: /usr/bin/python3
2025-02-16 10:53:40.936 [info] Locator Conda took 44.561614ms
2025-02-16 10:53:40.936 [info] Locator Homebrew took 1.664489ms
2025-02-16 10:53:40.936 [info] Locator LinuxGlobal took 40.424503ms
2025-02-16 10:53:40.936 [info] Locator PipEnv took 164.419µs
2025-02-16 10:53:40.936 [info] Locator Poetry took 1.137649ms
2025-02-16 10:53:40.936 [info] Locator PyEnv took 503.078µs
2025-02-16 10:53:40.936 [info] Locator Venv took 18.863µs
2025-02-16 10:53:40.936 [info] Locator VirtualEnv took 1.08914ms
2025-02-16 10:53:40.936 [info] Locator VirtualEnvWrapper took 686.802µs
2025-02-16 10:53:40.936 [info] Locator GlobalVirtualEnvs took 1.341209ms
2025-02-16 10:53:40.936 [info] Locator Locators took 45.32905ms
2025-02-16 10:53:40.936 [info] Locator Path took 124.326582ms
2025-02-16 10:53:40.936 [info] Locator Workspaces took 27.59117ms
2025-02-16 10:53:40.936 [info] Refresh completed in 124ms
2025-02-16 10:53:40.937 [info] Resolved Python Environment /home/zeus/miniconda3/envs/cloudspace/bin/python
2025-02-16 10:53:41.391 [info] Discovered manager: (Poetry) /commands/poetry
2025-02-16 10:53:41.403 [info] Discovered manager: (Conda) /home/zeus/miniconda3/bin/conda
2025-02-16 10:53:41.436 [info] Discovered env: /home/zeus/miniconda3/envs/cloudspace/bin/python
2025-02-16 10:53:41.439 [info] Discovered env: /usr/bin/python3
2025-02-16 10:53:41.448 [info] Discovered env: /bin/python3
2025-02-16 10:53:41.496 [info] Locator Conda took 72.228091ms
2025-02-16 10:53:41.496 [info] Locator Homebrew took 57.671µs
2025-02-16 10:53:41.496 [info] Locator LinuxGlobal took 63.684432ms
2025-02-16 10:53:41.496 [info] Locator PipEnv took 8.17µs
2025-02-16 10:53:41.496 [info] Locator Poetry took 85.148µs
2025-02-16 10:53:41.496 [info] Locator PyEnv took 65.837µs
2025-02-16 10:53:41.496 [info] Locator Venv took 7.642µs
2025-02-16 10:53:41.496 [info] Locator VirtualEnv took 8.087µs
2025-02-16 10:53:41.496 [info] Locator VirtualEnvWrapper took 10.317µs
2025-02-16 10:53:41.496 [info] Locator GlobalVirtualEnvs took 141.725µs
2025-02-16 10:53:41.496 [info] Locator Locators took 75.412265ms
2025-02-16 10:53:41.496 [info] Locator Path took 119.219392ms
2025-02-16 10:53:41.496 [info] Locator Workspaces took 52.425847ms
2025-02-16 10:53:41.496 [info] Refresh completed in 119ms
2025-02-16 10:59:07.332 [info] Resolved Python Environment /home/zeus/miniconda3/envs/cloudspace/bin/python
2025-02-16 11:07:08.312 [info] Resolved Python Environment /home/zeus/miniconda3/envs/cloudspace/bin/python
