2025-02-16 10:53:40.934 [info] Experiment 'pythonRecommendTensorboardExt' is active
2025-02-16 10:53:40.935 [info] Experiment 'pythonTerminalEnvVarActivation' is active
2025-02-16 10:53:40.935 [info] Experiment 'pythonTestAdapter' is active
2025-02-16 10:53:40.935 [info] Native locator: Refresh started
2025-02-16 10:53:40.935 [info] Poetry environment manager found at: /commands/poetry
2025-02-16 10:53:40.935 [info] Conda environment manager found at: /home/zeus/miniconda3/bin/conda
2025-02-16 10:53:40.935 [info] Using conda: /home/zeus/miniconda3/bin/conda
2025-02-16 10:53:40.935 [info] Native locator: Refresh finished in 169 ms
2025-02-16 10:53:40.941 [info] > /home/zeus/miniconda3/bin/conda info --json
2025-02-16 10:53:41.360 [info] Native locator: Refresh started
2025-02-16 10:53:41.373 [info] Python interpreter path: /home/zeus/miniconda3/envs/cloudspace/bin/python
2025-02-16 10:53:41.391 [info] Poetry environment manager found at: /commands/poetry
2025-02-16 10:53:41.412 [info] Conda environment manager found at: /home/zeus/miniconda3/bin/conda
2025-02-16 10:53:41.416 [info] Conda set to: /home/zeus/miniconda3/bin/conda
2025-02-16 10:53:41.497 [info] Native locator: Refresh finished in 136 ms
2025-02-16 10:53:41.738 [info] > pyenv which python
2025-02-16 10:53:41.738 [info] cwd: .
2025-02-16 10:53:42.566 [info] > /home/zeus/miniconda3/bin/conda run -n cloudspace --no-capture-output python ./.vscode-server/extensions/ms-python.python-2025.0.0-linux-x64/python_files/get_output_via_markers.py ./.vscode-server/extensions/ms-python.python-2025.0.0-linux-x64/python_files/printEnvVariables.py
2025-02-16 10:53:42.566 [info] shell: bash
2025-02-16 10:53:42.566 [info] > /home/zeus/miniconda3/bin/conda run -n cloudspace --no-capture-output python ./.vscode-server/extensions/ms-python.python-2025.0.0-linux-x64/python_files/get_output_via_markers.py ./.vscode-server/extensions/ms-python.python-2025.0.0-linux-x64/python_files/printEnvVariables.py
2025-02-16 10:53:42.566 [info] shell: bash
2025-02-16 10:53:43.082 [warning] Shell integration may not be active, environment activated may be overridden by the shell.
2025-02-16 10:53:44.821 [info] Starting Pylance language server.
