2025-02-17 09:37:07.009 [info] Experiment 'pythonRecommendTensorboardExt' is active
2025-02-17 09:37:07.009 [info] Experiment 'pythonTerminalEnvVarActivation' is active
2025-02-17 09:37:07.009 [info] Experiment 'pythonTestAdapter' is active
2025-02-17 09:37:07.009 [info] Native locator: Refresh started
2025-02-17 09:37:07.009 [info] Poetry environment manager found at: /commands/poetry
2025-02-17 09:37:07.009 [info] Conda environment manager found at: /home/zeus/miniconda3/bin/conda
2025-02-17 09:37:07.009 [info] Using conda: /home/zeus/miniconda3/bin/conda
2025-02-17 09:37:07.010 [info] Native locator: Refresh finished in 165 ms
2025-02-17 09:37:07.028 [info] > /home/zeus/miniconda3/bin/conda info --json
2025-02-17 09:37:07.370 [info] > pyenv which python
2025-02-17 09:37:07.370 [info] cwd: .
2025-02-17 09:37:07.468 [info] Python interpreter path: /home/zeus/miniconda3/envs/cloudspace/bin/python
2025-02-17 09:37:08.720 [warning] Shell integration may not be active, environment activated may be overridden by the shell.
2025-02-17 09:37:10.568 [info] Native locator: Refresh started
2025-02-17 09:37:10.573 [info] Conda environment manager found at: /home/zeus/miniconda3/bin/conda
2025-02-17 09:37:10.573 [info] Conda set to: /home/zeus/miniconda3/bin/conda
2025-02-17 09:37:10.599 [info] Poetry environment manager found at: /commands/poetry
2025-02-17 09:37:10.714 [info] Native locator: Refresh finished in 146 ms
2025-02-17 09:37:11.862 [info] Starting Pylance language server.
2025-02-17 10:07:43.000 [info] > /home/zeus/miniconda3/bin/conda run -n cloudspace --no-capture-output python ./.vscode-server/extensions/ms-python.python-2025.0.0-linux-x64/python_files/get_output_via_markers.py ./.vscode-server/extensions/ms-python.python-2025.0.0-linux-x64/python_files/printEnvVariables.py
2025-02-17 10:07:43.001 [info] shell: bash
2025-02-17 10:07:43.016 [info] > /home/zeus/miniconda3/bin/conda run -n cloudspace --no-capture-output python ./.vscode-server/extensions/ms-python.python-2025.0.0-linux-x64/python_files/get_output_via_markers.py ./.vscode-server/extensions/ms-python.python-2025.0.0-linux-x64/python_files/printEnvVariables.py
2025-02-17 10:07:43.016 [info] shell: bash
