2025-02-16 12:04:12.549 [info] Extension host with pid 17062 started
2025-02-16 12:04:12.560 [info] Lock '/teamspace/studios/this_studio/.vscode-server/data/User/workspaceStorage/0fec79bbde99d7b81bcde7872e59ad5b/vscode.lock': Lock acquired.
2025-02-16 12:04:13.218 [info] ExtensionService#_doActivateExtension vscode.ipynb, startup: false, activationEvent: 'onNotebookSerializer:jupyter-notebook'
2025-02-16 12:04:13.219 [info] ExtensionService#_doActivateExtension vscode.git-base, startup: false, activationEvent: '*', root cause: vscode.git
2025-02-16 12:04:16.076 [info] ExtensionService#_doActivateExtension vscode.git, startup: false, activationEvent: '*'
2025-02-16 12:04:16.077 [info] ExtensionService#_doActivateExtension vscode.github, startup: false, activationEvent: '*'
2025-02-16 12:04:16.554 [info] Eager extensions activated
2025-02-16 12:04:16.554 [info] ExtensionService#_doActivateExtension vscode.debug-auto-launch, startup: false, activationEvent: 'onStartupFinished'
2025-02-16 12:04:16.554 [info] ExtensionService#_doActivateExtension vscode.merge-conflict, startup: false, activationEvent: 'onStartupFinished'
2025-02-16 12:04:18.412 [info] ExtensionService#_doActivateExtension ms-toolsai.jupyter, startup: false, activationEvent: 'onNotebook:jupyter-notebook'
2025-02-16 12:04:18.413 [info] ExtensionService#_doActivateExtension ms-toolsai.vscode-jupyter-cell-tags, startup: false, activationEvent: 'onNotebook:jupyter-notebook'
2025-02-16 12:04:18.413 [info] ExtensionService#_doActivateExtension ms-toolsai.vscode-jupyter-slideshow, startup: false, activationEvent: 'onNotebook:jupyter-notebook'
2025-02-16 12:04:18.907 [info] ExtensionService#_doActivateExtension ms-python.python, startup: false, activationEvent: 'api', root cause: ms-toolsai.jupyter
2025-02-16 12:04:19.119 [info] ExtensionService#_doActivateExtension ms-toolsai.jupyter-renderers, startup: false, activationEvent: 'api', root cause: ms-toolsai.jupyter
2025-02-16 12:04:20.427 [info] ExtensionService#_doActivateExtension ms-python.vscode-pylance, startup: false, activationEvent: 'api', root cause: ms-python.python
2025-02-16 12:04:25.053 [info] ExtensionService#_doActivateExtension ms-python.debugpy, startup: false, activationEvent: 'onLanguage:python'
2025-02-16 12:04:25.054 [info] ExtensionService#_doActivateExtension vscode.emmet, startup: false, activationEvent: 'onLanguage'
2025-02-16 12:04:25.571 [info] ExtensionService#_doActivateExtension vscode.extension-editing, startup: false, activationEvent: 'onLanguage:markdown'
2025-02-16 12:04:25.571 [info] ExtensionService#_doActivateExtension vscode.markdown-language-features, startup: false, activationEvent: 'onLanguage:markdown'
2025-02-16 12:04:28.261 [info] ExtensionService#_doActivateExtension vscode.markdown-math, startup: false, activationEvent: 'api', root cause: vscode.markdown-language-features
2025-02-16 12:14:10.174 [warning] onWillSaveNotebookDocument-listener from extension {"value":"vscode.ipynb","_lower":"vscode.ipynb"} ignored due to invalid data
2025-02-16 12:54:45.064 [info] Extension host terminating: received terminate message from renderer
2025-02-16 12:54:45.065 [info] Lock '/teamspace/studios/this_studio/.vscode-server/data/User/workspaceStorage/0fec79bbde99d7b81bcde7872e59ad5b/vscode.lock': Marking the lockfile as scheduled to be released in 6000 ms.
2025-02-16 12:54:45.107 [info] Extension host with pid 17062 exiting with code 0
