2025-02-16 09:14:04.187 [info] [main] Log level: Info
2025-02-16 09:14:04.187 [info] [main] Validating found git in: "git"
2025-02-16 09:14:04.187 [info] [main] Using git "2.42.0" from "git"
2025-02-16 09:14:04.187 [info] [Model][doInitialScan] Initial repository scan started
2025-02-16 09:14:04.187 [info] > git rev-parse --show-toplevel [2ms]
2025-02-16 09:14:04.187 [info] fatal: not a git repository (or any parent up to mount point /teamspace/studios)
Stopping at filesystem boundary (GIT_DISCOVERY_ACROSS_FILESYSTEM not set).
2025-02-16 09:14:04.187 [info] > git rev-parse --show-toplevel [1ms]
2025-02-16 09:14:04.187 [info] fatal: not a git repository (or any parent up to mount point /teamspace/studios)
Stopping at filesystem boundary (GIT_DISCOVERY_ACROSS_FILESYSTEM not set).
2025-02-16 09:14:04.187 [info] > git rev-parse --show-toplevel [2ms]
2025-02-16 09:14:04.187 [info] fatal: not a git repository (or any parent up to mount point /teamspace/studios)
Stopping at filesystem boundary (GIT_DISCOVERY_ACROSS_FILESYSTEM not set).
2025-02-16 09:14:04.187 [info] > git rev-parse --show-toplevel [2ms]
2025-02-16 09:14:04.187 [info] fatal: not a git repository (or any parent up to mount point /teamspace/studios)
Stopping at filesystem boundary (GIT_DISCOVERY_ACROSS_FILESYSTEM not set).
2025-02-16 09:14:04.187 [info] > git rev-parse --show-toplevel [2ms]
2025-02-16 09:14:04.187 [info] fatal: not a git repository (or any parent up to mount point /teamspace/studios)
Stopping at filesystem boundary (GIT_DISCOVERY_ACROSS_FILESYSTEM not set).
2025-02-16 09:14:04.187 [info] > git rev-parse --show-toplevel [2ms]
2025-02-16 09:14:04.187 [info] fatal: not a git repository (or any parent up to mount point /teamspace/studios)
Stopping at filesystem boundary (GIT_DISCOVERY_ACROSS_FILESYSTEM not set).
2025-02-16 09:14:04.187 [info] > git rev-parse --show-toplevel [2ms]
2025-02-16 09:14:04.187 [info] fatal: not a git repository (or any parent up to mount point /teamspace/studios)
Stopping at filesystem boundary (GIT_DISCOVERY_ACROSS_FILESYSTEM not set).
2025-02-16 09:14:04.187 [info] > git rev-parse --show-toplevel [2ms]
2025-02-16 09:14:04.188 [info] fatal: not a git repository (or any parent up to mount point /teamspace/studios)
Stopping at filesystem boundary (GIT_DISCOVERY_ACROSS_FILESYSTEM not set).
2025-02-16 09:14:04.188 [info] [Model][doInitialScan] Initial repository scan completed - repositories (0), closed repositories (0), parent repositories (0), unsafe repositories (0)
2025-02-16 09:14:08.581 [info] > git rev-parse --show-toplevel [2ms]
2025-02-16 09:14:08.582 [info] fatal: not a git repository (or any parent up to mount point /teamspace/studios)
Stopping at filesystem boundary (GIT_DISCOVERY_ACROSS_FILESYSTEM not set).
2025-02-16 09:14:11.607 [info] > git rev-parse --show-toplevel [3ms]
2025-02-16 09:14:11.607 [info] fatal: not a git repository (or any parent up to mount point /teamspace/studios)
Stopping at filesystem boundary (GIT_DISCOVERY_ACROSS_FILESYSTEM not set).
2025-02-16 09:14:17.231 [info] > git rev-parse --show-toplevel [2ms]
2025-02-16 09:14:17.232 [info] fatal: not a git repository (or any parent up to mount point /teamspace/studios)
Stopping at filesystem boundary (GIT_DISCOVERY_ACROSS_FILESYSTEM not set).
2025-02-16 09:14:19.449 [info] > git rev-parse --show-toplevel [2ms]
2025-02-16 09:14:19.449 [info] fatal: not a git repository (or any parent up to mount point /teamspace/studios)
Stopping at filesystem boundary (GIT_DISCOVERY_ACROSS_FILESYSTEM not set).
2025-02-16 09:14:27.492 [info] > git rev-parse --show-toplevel [2ms]
2025-02-16 09:14:27.493 [info] fatal: not a git repository (or any parent up to mount point /teamspace/studios)
Stopping at filesystem boundary (GIT_DISCOVERY_ACROSS_FILESYSTEM not set).
2025-02-16 09:14:29.403 [info] > git rev-parse --show-toplevel [2ms]
2025-02-16 09:14:29.403 [info] fatal: not a git repository (or any parent up to mount point /teamspace/studios)
Stopping at filesystem boundary (GIT_DISCOVERY_ACROSS_FILESYSTEM not set).
2025-02-16 09:14:43.916 [warning] [Model][getRepositoryExact] Failed to get repository realpath for: "/teamspace/studios/this_studio/.vscode-server/extensions/.54a16cba-d876-4102-9dc1-43ee3914904d/". Error:Error: ENOENT: no such file or directory, realpath '/teamspace/studios/this_studio/.vscode-server/extensions/.54a16cba-d876-4102-9dc1-43ee3914904d/'
2025-02-16 09:14:43.920 [warning] [Model][getRepositoryExact] Failed to get repository realpath for: "/teamspace/studios/this_studio/.vscode-server/extensions/.b9cb3945-0579-4fa5-bd7a-0d8cfea286b1/". Error:Error: ENOENT: no such file or directory, realpath '/teamspace/studios/this_studio/.vscode-server/extensions/.b9cb3945-0579-4fa5-bd7a-0d8cfea286b1/'
2025-02-16 09:14:44.092 [info] > git rev-parse --show-toplevel [2ms]
2025-02-16 09:14:44.092 [info] fatal: not a git repository (or any parent up to mount point /teamspace/studios)
Stopping at filesystem boundary (GIT_DISCOVERY_ACROSS_FILESYSTEM not set).
2025-02-16 09:14:44.587 [warning] [Model][getRepositoryExact] Failed to get repository realpath for: "/teamspace/studios/this_studio/.vscode-server/extensions/.d09138e8-a31d-4e72-8a69-c8465fe4b041/dist/node_modules/@aminya/node-gyp-build/". Error:Error: ENOENT: no such file or directory, realpath '/teamspace/studios/this_studio/.vscode-server/extensions/.d09138e8-a31d-4e72-8a69-c8465fe4b041/dist/node_modules/@aminya/node-gyp-build/'
2025-02-16 09:14:46.403 [info] > git rev-parse --show-toplevel [2ms]
2025-02-16 09:14:46.403 [info] fatal: not a git repository (or any parent up to mount point /teamspace/studios)
Stopping at filesystem boundary (GIT_DISCOVERY_ACROSS_FILESYSTEM not set).
2025-02-16 09:14:55.594 [warning] [Model][getRepositoryExact] Failed to get repository realpath for: "/teamspace/studios/this_studio/.vscode-server/extensions/.eecba3b5-423d-43d9-bc6a-a34e058845b7/bundled/libs/debugpy/_vendored/pydevd/_pydevd_frame_eval/". Error:Error: ENOENT: no such file or directory, realpath '/teamspace/studios/this_studio/.vscode-server/extensions/.eecba3b5-423d-43d9-bc6a-a34e058845b7/bundled/libs/debugpy/_vendored/pydevd/_pydevd_frame_eval/'
2025-02-16 09:14:55.601 [warning] [Model][getRepositoryExact] Failed to get repository realpath for: "/teamspace/studios/this_studio/.vscode-server/extensions/.eecba3b5-423d-43d9-bc6a-a34e058845b7/bundled/libs/debugpy/_vendored/pydevd/pydevd_attach_to_process/linux_and_mac/". Error:Error: ENOENT: no such file or directory, realpath '/teamspace/studios/this_studio/.vscode-server/extensions/.eecba3b5-423d-43d9-bc6a-a34e058845b7/bundled/libs/debugpy/_vendored/pydevd/pydevd_attach_to_process/linux_and_mac/'
