2025-02-16 09:14:00.039 [info] Extension host with pid 4859 started
2025-02-16 09:14:00.049 [info] Lock '/teamspace/studios/this_studio/.vscode-server/data/User/workspaceStorage/0fec79bbde99d7b81bcde7872e59ad5b/vscode.lock': Lock acquired.
2025-02-16 09:14:02.364 [info] ExtensionService#_doActivateExtension vscode.ipynb, startup: false, activationEvent: 'onNotebookSerializer:jupyter-notebook'
2025-02-16 09:14:02.365 [info] ExtensionService#_doActivateExtension vscode.emmet, startup: false, activationEvent: 'onLanguage'
2025-02-16 09:14:02.365 [info] ExtensionService#_doActivateExtension vscode.git-base, startup: false, activationEvent: '*', root cause: vscode.git
2025-02-16 09:14:02.952 [info] ExtensionService#_doActivateExtension vscode.git, startup: false, activationEvent: '*'
2025-02-16 09:14:02.954 [info] ExtensionService#_doActivateExtension vscode.github, startup: false, activationEvent: '*'
2025-02-16 09:14:03.641 [info] Eager extensions activated
2025-02-16 09:14:03.641 [info] ExtensionService#_doActivateExtension vscode.debug-auto-launch, startup: false, activationEvent: 'onStartupFinished'
2025-02-16 09:14:03.642 [info] ExtensionService#_doActivateExtension vscode.merge-conflict, startup: false, activationEvent: 'onStartupFinished'
2025-02-16 09:14:44.646 [info] ExtensionService#_doActivateExtension ms-toolsai.vscode-jupyter-slideshow, startup: false, activationEvent: 'onNotebook:jupyter-notebook'
2025-02-16 09:14:44.647 [info] ExtensionService#_doActivateExtension ms-toolsai.vscode-jupyter-cell-tags, startup: false, activationEvent: 'onNotebook:jupyter-notebook'
2025-02-16 09:14:44.648 [info] ExtensionService#_doActivateExtension ms-toolsai.jupyter, startup: false, activationEvent: 'onNotebook:jupyter-notebook'
2025-02-16 09:14:45.141 [info] ExtensionService#_doActivateExtension ms-toolsai.jupyter-renderers, startup: false, activationEvent: 'api', root cause: ms-toolsai.jupyter
2025-02-16 09:15:00.334 [info] Extension host terminating: received terminate message from renderer
2025-02-16 09:15:00.335 [info] Lock '/teamspace/studios/this_studio/.vscode-server/data/User/workspaceStorage/0fec79bbde99d7b81bcde7872e59ad5b/vscode.lock': Marking the lockfile as scheduled to be released in 6000 ms.
2025-02-16 09:15:00.363 [error] Canceled: Canceled
	at jc (file:///teamspace/studios/this_studio/.vscode-server/cli/servers/Stable-e54c774e0add60467559eb0d1e229c6452cf8447/server/out/vs/workbench/api/node/extensionHostProcess.js:7:1218)
	at file:///teamspace/studios/this_studio/.vscode-server/cli/servers/Stable-e54c774e0add60467559eb0d1e229c6452cf8447/server/out/vs/workbench/api/node/extensionHostProcess.js:29:155152
	at Array.forEach (<anonymous>)
	at Uy.dispose (file:///teamspace/studios/this_studio/.vscode-server/cli/servers/Stable-e54c774e0add60467559eb0d1e229c6452cf8447/server/out/vs/workbench/api/node/extensionHostProcess.js:29:155092)
	at PW.terminate (file:///teamspace/studios/this_studio/.vscode-server/cli/servers/Stable-e54c774e0add60467559eb0d1e229c6452cf8447/server/out/vs/workbench/api/node/extensionHostProcess.js:116:10082)
	at wC.terminate (file:///teamspace/studios/this_studio/.vscode-server/cli/servers/Stable-e54c774e0add60467559eb0d1e229c6452cf8447/server/out/vs/workbench/api/node/extensionHostProcess.js:117:1434)
	at ts (file:///teamspace/studios/this_studio/.vscode-server/cli/servers/Stable-e54c774e0add60467559eb0d1e229c6452cf8447/server/out/vs/workbench/api/node/extensionHostProcess.js:190:15080)
	at Ah.value (file:///teamspace/studios/this_studio/.vscode-server/cli/servers/Stable-e54c774e0add60467559eb0d1e229c6452cf8447/server/out/vs/workbench/api/node/extensionHostProcess.js:190:13241)
	at D.B (file:///teamspace/studios/this_studio/.vscode-server/cli/servers/Stable-e54c774e0add60467559eb0d1e229c6452cf8447/server/out/vs/workbench/api/node/extensionHostProcess.js:27:2373)
	at D.fire (file:///teamspace/studios/this_studio/.vscode-server/cli/servers/Stable-e54c774e0add60467559eb0d1e229c6452cf8447/server/out/vs/workbench/api/node/extensionHostProcess.js:27:2591)
	at Xn.fire (file:///teamspace/studios/this_studio/.vscode-server/cli/servers/Stable-e54c774e0add60467559eb0d1e229c6452cf8447/server/out/vs/workbench/api/node/extensionHostProcess.js:29:9458)
	at Gm.A (file:///teamspace/studios/this_studio/.vscode-server/cli/servers/Stable-e54c774e0add60467559eb0d1e229c6452cf8447/server/out/vs/workbench/api/node/extensionHostProcess.js:29:12574)
	at Ah.value (file:///teamspace/studios/this_studio/.vscode-server/cli/servers/Stable-e54c774e0add60467559eb0d1e229c6452cf8447/server/out/vs/workbench/api/node/extensionHostProcess.js:29:10994)
	at D.B (file:///teamspace/studios/this_studio/.vscode-server/cli/servers/Stable-e54c774e0add60467559eb0d1e229c6452cf8447/server/out/vs/workbench/api/node/extensionHostProcess.js:27:2373)
	at D.fire (file:///teamspace/studios/this_studio/.vscode-server/cli/servers/Stable-e54c774e0add60467559eb0d1e229c6452cf8447/server/out/vs/workbench/api/node/extensionHostProcess.js:27:2591)
	at m6.acceptChunk (file:///teamspace/studios/this_studio/.vscode-server/cli/servers/Stable-e54c774e0add60467559eb0d1e229c6452cf8447/server/out/vs/workbench/api/node/extensionHostProcess.js:29:7941)
	at file:///teamspace/studios/this_studio/.vscode-server/cli/servers/Stable-e54c774e0add60467559eb0d1e229c6452cf8447/server/out/vs/workbench/api/node/extensionHostProcess.js:29:7227
	at Socket.t (file:///teamspace/studios/this_studio/.vscode-server/cli/servers/Stable-e54c774e0add60467559eb0d1e229c6452cf8447/server/out/vs/workbench/api/node/extensionHostProcess.js:29:14761)
	at Socket.emit (node:events:518:28)
	at addChunk (node:internal/streams/readable:561:12)
	at readableAddChunkPushByteMode (node:internal/streams/readable:512:3)
	at Readable.push (node:internal/streams/readable:392:5)
	at Pipe.onStreamRead (node:internal/stream_base_commons:191:23) jupyter.installPythonExtensionViaKernelPicker {"value":"ms-toolsai.jupyter","_lower":"ms-toolsai.jupyter"}
2025-02-16 09:15:00.366 [error] Canceled: Canceled
	at lb.selectLocalKernel (/teamspace/studios/this_studio/.vscode-server/extensions/ms-toolsai.jupyter-2025.1.0-linux-x64/dist/extension.node.js:304:143833)
	at process.processTicksAndRejections (node:internal/process/task_queues:95:5)
	at async ob.onSelectLocalKernel (/teamspace/studios/this_studio/.vscode-server/extensions/ms-toolsai.jupyter-2025.1.0-linux-x64/dist/extension.node.js:304:119846)
	at async mw.h (file:///teamspace/studios/this_studio/.vscode-server/cli/servers/Stable-e54c774e0add60467559eb0d1e229c6452cf8447/server/out/vs/workbench/api/node/extensionHostProcess.js:112:32733) jupyter.kernel.selectLocalPythonEnvironment {"value":"ms-toolsai.jupyter","_lower":"ms-toolsai.jupyter"}
2025-02-16 09:15:00.369 [info] Extension host with pid 4859 exiting with code 0
