2025-02-17 13:13:25.644 [info] Starting Python Locator /teamspace/studios/this_studio/.vscode-server/extensions/ms-python.python-2025.0.0-linux-x64/python-env-tools/bin/pet server
2025-02-17 13:13:25.644 [info] Discovered manager: (Poetry) /commands/poetry
2025-02-17 13:13:25.644 [info] Discovered manager: (Conda) /home/zeus/miniconda3/bin/conda
2025-02-17 13:13:25.644 [info] Discovered env: /home/zeus/miniconda3/envs/cloudspace/bin/python
2025-02-17 13:13:25.644 [info] Discovered env: /usr/bin/python3
2025-02-17 13:13:25.644 [info] Discovered env: /bin/python3
2025-02-17 13:13:25.644 [info] Locator Conda took 68.385181ms
2025-02-17 13:13:25.644 [info] Locator Homebrew took 120.84µs
2025-02-17 13:13:25.644 [info] Locator LinuxGlobal took 61.561766ms
2025-02-17 13:13:25.644 [info] Locator PipEnv took 13.152µs
2025-02-17 13:13:25.644 [info] Locator Poetry took 184.886µs
2025-02-17 13:13:25.644 [info] Locator PyEnv took 135.314µs
2025-02-17 13:13:25.644 [info] Locator Venv took 24.784µs
2025-02-17 13:13:25.644 [info] Locator VirtualEnv took 9.178µs
2025-02-17 13:13:25.644 [info] Locator VirtualEnvWrapper took 15.393µs
2025-02-17 13:13:25.644 [info] Locator GlobalVirtualEnvs took 174.782µs
2025-02-17 13:13:25.644 [info] Locator Locators took 69.772558ms
2025-02-17 13:13:25.644 [info] Locator Path took 145.29536ms
2025-02-17 13:13:25.644 [info] Locator Workspaces took 13.943674ms
2025-02-17 13:13:25.644 [info] Refresh completed in 145ms
2025-02-17 13:13:26.036 [info] Resolved Python Environment /home/zeus/miniconda3/envs/cloudspace/bin/python
2025-02-17 13:13:26.324 [info] Discovered manager: (Conda) /home/zeus/miniconda3/bin/conda
2025-02-17 13:13:26.325 [info] Discovered env: /home/zeus/miniconda3/envs/cloudspace/bin/python
2025-02-17 13:13:26.337 [info] Discovered manager: (Poetry) /commands/poetry
2025-02-17 13:13:26.374 [info] Discovered env: /usr/bin/python3
2025-02-17 13:13:26.377 [info] Discovered env: /bin/python3
2025-02-17 13:13:26.477 [info] Locator Conda took 74.025984ms
2025-02-17 13:13:26.477 [info] Locator Homebrew took 125.258µs
2025-02-17 13:13:26.477 [info] Locator LinuxGlobal took 54.328348ms
2025-02-17 13:13:26.477 [info] Locator PipEnv took 332.302µs
2025-02-17 13:13:26.477 [info] Locator Poetry took 2.531352ms
2025-02-17 13:13:26.477 [info] Locator PyEnv took 372.786µs
2025-02-17 13:13:26.477 [info] Locator Venv took 210.338µs
2025-02-17 13:13:26.477 [info] Locator VirtualEnv took 308.445µs
2025-02-17 13:13:26.477 [info] Locator VirtualEnvWrapper took 263.107µs
2025-02-17 13:13:26.477 [info] Locator GlobalVirtualEnvs took 78.925µs
2025-02-17 13:13:26.477 [info] Locator Locators took 85.739255ms
2025-02-17 13:13:26.477 [info] Locator Path took 127.739182ms
2025-02-17 13:13:26.477 [info] Locator Workspaces took 61.124541ms
2025-02-17 13:13:26.477 [info] Refresh completed in 127ms
2025-02-17 13:13:57.606 [info] Resolved Python Environment /home/zeus/miniconda3/envs/cloudspace/bin/python
2025-02-17 13:15:15.804 [info] Resolved Python Environment /home/zeus/miniconda3/envs/cloudspace/bin/python
2025-02-17 13:16:03.698 [info] Resolved Python Environment /home/zeus/miniconda3/envs/cloudspace/bin/python
2025-02-17 13:17:16.177 [info] Resolved Python Environment /home/zeus/miniconda3/envs/cloudspace/bin/python
2025-02-17 13:17:59.728 [info] Resolved Python Environment /home/zeus/miniconda3/envs/cloudspace/bin/python
2025-02-17 13:18:31.273 [info] Resolved Python Environment /home/zeus/miniconda3/envs/cloudspace/bin/python
2025-02-17 13:19:56.562 [info] Resolved Python Environment /home/zeus/miniconda3/envs/cloudspace/bin/python
2025-02-17 14:05:50.985 [info] Resolved Python Environment /home/zeus/miniconda3/envs/cloudspace/bin/python
2025-02-17 14:08:00.461 [info] Resolved Python Environment /home/zeus/miniconda3/envs/cloudspace/bin/python
2025-02-17 14:13:26.927 [info] Resolved Python Environment /home/zeus/miniconda3/envs/cloudspace/bin/python
2025-02-17 14:24:18.387 [info] Resolved Python Environment /home/zeus/miniconda3/envs/cloudspace/bin/python
2025-02-17 14:24:56.345 [info] Resolved Python Environment /home/zeus/miniconda3/envs/cloudspace/bin/python
2025-02-17 14:25:26.514 [info] Resolved Python Environment /home/zeus/miniconda3/envs/cloudspace/bin/python
2025-02-17 14:26:02.661 [info] Resolved Python Environment /home/zeus/miniconda3/envs/cloudspace/bin/python
2025-02-17 14:26:32.902 [info] Resolved Python Environment /home/zeus/miniconda3/envs/cloudspace/bin/python
2025-02-17 14:27:10.193 [info] Resolved Python Environment /home/zeus/miniconda3/envs/cloudspace/bin/python
2025-02-17 14:27:54.686 [info] Resolved Python Environment /home/zeus/miniconda3/envs/cloudspace/bin/python
2025-02-17 14:28:35.078 [info] Resolved Python Environment /home/zeus/miniconda3/envs/cloudspace/bin/python
