2025-02-17 13:13:28.916 [info] (Client) Pylance async client (2025.2.1) started with python extension (2025.0.0)
2025-02-17 13:13:29.386 [info] [Info  - 1:13:29 PM] (22142) Server root directory: file:///teamspace/studios/this_studio/.vscode-server/extensions/ms-python.vscode-pylance-2025.2.1/dist
2025-02-17 13:13:29.388 [info] [Info  - 1:13:29 PM] (22142) Pylance language server 2025.2.1 (pyright version 1.1.393, commit 3763156f) starting
2025-02-17 13:13:29.389 [info] [Info  - 1:13:29 PM] (22142) Starting service instance "this_studio"
2025-02-17 13:13:29.490 [info] [Info  - 1:13:29 PM] (22142) Setting environmentName for service "this_studio": "3.10.10 (cloudspace conda)"
2025-02-17 13:13:29.491 [info] [Info  - 1:13:29 PM] (22142) Setting pythonPath for service "this_studio": "/home/zeus/miniconda3/envs/cloudspace/bin/python"
2025-02-17 13:13:29.491 [info] [Info  - 1:13:29 PM] (22142) No include entries specified; assuming /teamspace/studios/this_studio
2025-02-17 13:13:29.491 [info] [Info  - 1:13:29 PM] (22142) Auto-excluding **/node_modules
2025-02-17 13:13:29.492 [info] [Info  - 1:13:29 PM] (22142) Auto-excluding **/__pycache__
2025-02-17 13:13:29.492 [info] [Info  - 1:13:29 PM] (22142) Auto-excluding **/.*
2025-02-17 13:13:29.519 [info] [Info  - 1:13:29 PM] (22142) Assuming Python version 3.10.10.final.0
2025-02-17 13:13:29.807 [info] [Info  - 1:13:29 PM] (22142) Found 1 source file
2025-02-17 13:13:29.836 [info] [Info  - 1:13:29 PM] (22142) Starting service instance "this_studio"
2025-02-17 13:13:29.867 [info] [Info  - 1:13:29 PM] (22142) Setting environmentName for service "this_studio": "3.10.10 (cloudspace conda)"
2025-02-17 13:13:29.867 [info] [Info  - 1:13:29 PM] (22142) Setting pythonPath for service "this_studio": "/teamspace/studios/this_studio"
2025-02-17 13:13:29.867 [info] [Info  - 1:13:29 PM] (22142) No include entries specified; assuming /teamspace/studios/this_studio
2025-02-17 13:13:29.867 [info] [Info  - 1:13:29 PM] (22142) Auto-excluding **/node_modules
2025-02-17 13:13:29.867 [info] [Info  - 1:13:29 PM] (22142) Auto-excluding **/__pycache__
2025-02-17 13:13:29.867 [info] [Info  - 1:13:29 PM] (22142) Auto-excluding **/.*
2025-02-17 13:13:29.923 [info] [Info  - 1:13:29 PM] (22142) Found 1 source file
2025-02-17 13:13:30.012 [info] [Info  - 1:13:30 PM] (22142) Background analysis(1) root directory: file:///teamspace/studios/this_studio/.vscode-server/extensions/ms-python.vscode-pylance-2025.2.1/dist
2025-02-17 13:13:30.015 [info] [Info  - 1:13:30 PM] (22142) Background analysis(1) started
2025-02-17 13:13:30.349 [info] [Info  - 1:13:30 PM] (22142) Background analysis(2) root directory: file:///teamspace/studios/this_studio/.vscode-server/extensions/ms-python.vscode-pylance-2025.2.1/dist
2025-02-17 13:13:30.719 [info] [Info  - 1:13:30 PM] (22142) Background analysis(2) started
2025-02-17 13:13:30.719 [info] [Info  - 1:13:30 PM] (22142) Indexer background runner(3) root directory: file:///teamspace/studios/this_studio/.vscode-server/extensions/ms-python.vscode-pylance-2025.2.1/dist (index)
2025-02-17 13:13:30.719 [info] [Info  - 1:13:30 PM] (22142) Indexing(3) started
2025-02-17 13:13:31.094 [info] [Info  - 1:13:31 PM] (22142) scanned(3) 1 files over 1 exec env
2025-02-17 13:13:31.317 [info] [Info  - 1:13:31 PM] (22142) indexed(3) 1 files over 1 exec env
2025-02-17 13:13:31.353 [info] [Info  - 1:13:31 PM] (22142) Indexing finished(3).
