2025-02-16 10:23:38.669 [info] [main] Log level: Info
2025-02-16 10:23:38.669 [info] [main] Validating found git in: "git"
2025-02-16 10:23:38.669 [info] [main] Using git "2.42.0" from "git"
2025-02-16 10:23:38.669 [info] [Model][doInitialScan] Initial repository scan started
2025-02-16 10:23:38.669 [info] > git rev-parse --show-toplevel [3ms]
2025-02-16 10:23:38.669 [info] fatal: not a git repository (or any parent up to mount point /teamspace/studios)
Stopping at filesystem boundary (GIT_DISCOVERY_ACROSS_FILESYSTEM not set).
2025-02-16 10:23:38.669 [info] > git rev-parse --show-toplevel [2ms]
2025-02-16 10:23:38.669 [info] fatal: not a git repository (or any parent up to mount point /teamspace/studios)
Stopping at filesystem boundary (GIT_DISCOVERY_ACROSS_FILESYSTEM not set).
2025-02-16 10:23:38.669 [info] > git rev-parse --show-toplevel [2ms]
2025-02-16 10:23:38.669 [info] fatal: not a git repository (or any parent up to mount point /teamspace/studios)
Stopping at filesystem boundary (GIT_DISCOVERY_ACROSS_FILESYSTEM not set).
2025-02-16 10:23:38.669 [info] > git rev-parse --show-toplevel [2ms]
2025-02-16 10:23:38.669 [info] fatal: not a git repository (or any parent up to mount point /teamspace/studios)
Stopping at filesystem boundary (GIT_DISCOVERY_ACROSS_FILESYSTEM not set).
2025-02-16 10:23:38.669 [info] > git rev-parse --show-toplevel [2ms]
2025-02-16 10:23:38.669 [info] fatal: not a git repository (or any parent up to mount point /teamspace/studios)
Stopping at filesystem boundary (GIT_DISCOVERY_ACROSS_FILESYSTEM not set).
2025-02-16 10:23:38.670 [info] > git rev-parse --show-toplevel [1ms]
2025-02-16 10:23:38.670 [info] fatal: not a git repository (or any parent up to mount point /teamspace/studios)
Stopping at filesystem boundary (GIT_DISCOVERY_ACROSS_FILESYSTEM not set).
2025-02-16 10:23:38.670 [info] > git rev-parse --show-toplevel [1ms]
2025-02-16 10:23:38.670 [info] fatal: not a git repository (or any parent up to mount point /teamspace/studios)
Stopping at filesystem boundary (GIT_DISCOVERY_ACROSS_FILESYSTEM not set).
2025-02-16 10:23:38.670 [info] > git rev-parse --show-toplevel [2ms]
2025-02-16 10:23:38.670 [info] fatal: not a git repository (or any parent up to mount point /teamspace/studios)
Stopping at filesystem boundary (GIT_DISCOVERY_ACROSS_FILESYSTEM not set).
2025-02-16 10:23:38.670 [info] > git rev-parse --show-toplevel [2ms]
2025-02-16 10:23:38.670 [info] fatal: not a git repository (or any parent up to mount point /teamspace/studios)
Stopping at filesystem boundary (GIT_DISCOVERY_ACROSS_FILESYSTEM not set).
2025-02-16 10:23:38.670 [info] > git rev-parse --show-toplevel [2ms]
2025-02-16 10:23:38.670 [info] fatal: not a git repository (or any parent up to mount point /teamspace/studios)
Stopping at filesystem boundary (GIT_DISCOVERY_ACROSS_FILESYSTEM not set).
2025-02-16 10:23:38.670 [info] [Model][doInitialScan] Initial repository scan completed - repositories (0), closed repositories (0), parent repositories (0), unsafe repositories (0)
2025-02-16 10:23:45.526 [info] > git rev-parse --show-toplevel [2ms]
2025-02-16 10:23:45.527 [info] fatal: not a git repository (or any parent up to mount point /teamspace/studios)
Stopping at filesystem boundary (GIT_DISCOVERY_ACROSS_FILESYSTEM not set).
2025-02-16 10:23:46.683 [info] > git rev-parse --show-toplevel [2ms]
2025-02-16 10:23:46.683 [info] fatal: not a git repository (or any parent up to mount point /teamspace/studios)
Stopping at filesystem boundary (GIT_DISCOVERY_ACROSS_FILESYSTEM not set).
2025-02-16 10:53:18.930 [info] > git rev-parse --show-toplevel [2ms]
2025-02-16 10:53:18.931 [info] fatal: not a git repository (or any parent up to mount point /teamspace/studios)
Stopping at filesystem boundary (GIT_DISCOVERY_ACROSS_FILESYSTEM not set).
