2025-02-18 07:55:03.764 [info] (Client) Pylance async client (2025.2.1) started with python extension (2025.0.0)
2025-02-18 07:55:04.254 [info] [Info  - 7:55:04 AM] (2566) Server root directory: file:///teamspace/studios/this_studio/.vscode-server/extensions/ms-python.vscode-pylance-2025.2.1/dist
2025-02-18 07:55:04.255 [info] [Info  - 7:55:04 AM] (2566) Pylance language server 2025.2.1 (pyright version 1.1.393, commit 3763156f) starting
2025-02-18 07:55:04.256 [info] [Info  - 7:55:04 AM] (2566) Starting service instance "this_studio"
2025-02-18 07:55:04.325 [info] [Info  - 7:55:04 AM] (2566) Setting environmentName for service "this_studio": "3.10.10 (cloudspace conda)"
2025-02-18 07:55:04.326 [info] [Info  - 7:55:04 AM] (2566) Setting pythonPath for service "this_studio": "/home/zeus/miniconda3/envs/cloudspace/bin/python"
2025-02-18 07:55:04.326 [info] [Info  - 7:55:04 AM] (2566) No include entries specified; assuming /teamspace/studios/this_studio
2025-02-18 07:55:04.327 [info] [Info  - 7:55:04 AM] (2566) Auto-excluding **/node_modules
2025-02-18 07:55:04.327 [info] [Info  - 7:55:04 AM] (2566) Auto-excluding **/__pycache__
2025-02-18 07:55:04.328 [info] [Info  - 7:55:04 AM] (2566) Auto-excluding **/.*
2025-02-18 07:55:04.352 [info] [Info  - 7:55:04 AM] (2566) Assuming Python version 3.10.10.final.0
2025-02-18 07:55:04.805 [info] [Info  - 7:55:04 AM] (2566) Found 1 source file
2025-02-18 07:55:04.847 [info] [Info  - 7:55:04 AM] (2566) Starting service instance "this_studio"
2025-02-18 07:55:04.886 [info] [Info  - 7:55:04 AM] (2566) Setting environmentName for service "this_studio": "3.10.10 (cloudspace conda)"
2025-02-18 07:55:04.886 [info] [Info  - 7:55:04 AM] (2566) Setting pythonPath for service "this_studio": "/teamspace/studios/this_studio"
2025-02-18 07:55:04.886 [info] [Info  - 7:55:04 AM] (2566) No include entries specified; assuming /teamspace/studios/this_studio
2025-02-18 07:55:04.887 [info] [Info  - 7:55:04 AM] (2566) Auto-excluding **/node_modules
2025-02-18 07:55:04.887 [info] [Info  - 7:55:04 AM] (2566) Auto-excluding **/__pycache__
2025-02-18 07:55:04.887 [info] [Info  - 7:55:04 AM] (2566) Auto-excluding **/.*
2025-02-18 07:55:05.041 [info] [Info  - 7:55:05 AM] (2566) Found 1 source file
2025-02-18 07:55:05.075 [info] [Info  - 7:55:05 AM] (2566) Background analysis(1) root directory: file:///teamspace/studios/this_studio/.vscode-server/extensions/ms-python.vscode-pylance-2025.2.1/dist
2025-02-18 07:55:05.076 [info] [Info  - 7:55:05 AM] (2566) Background analysis(1) started
2025-02-18 07:55:05.645 [info] [Info  - 7:55:05 AM] (2566) Background analysis(2) root directory: file:///teamspace/studios/this_studio/.vscode-server/extensions/ms-python.vscode-pylance-2025.2.1/dist
2025-02-18 07:55:05.645 [info] [Info  - 7:55:05 AM] (2566) Background analysis(2) started
2025-02-18 07:55:05.744 [info] [Info  - 7:55:05 AM] (2566) Indexer background runner(3) root directory: file:///teamspace/studios/this_studio/.vscode-server/extensions/ms-python.vscode-pylance-2025.2.1/dist (index)
2025-02-18 07:55:05.744 [info] [Info  - 7:55:05 AM] (2566) Indexing(3) started
2025-02-18 07:55:07.178 [info] [Info  - 7:55:07 AM] (2566) scanned(3) 1 files over 1 exec env
2025-02-18 07:55:07.403 [info] [Info  - 7:55:07 AM] (2566) indexed(3) 1 files over 1 exec env
2025-02-18 07:55:07.423 [info] [Info  - 7:55:07 AM] (2566) Indexing finished(3).
2025-02-18 08:12:52.468 [info] [Info  - 8:12:52 AM] (2566) Indexer background runner(4) root directory: file:///teamspace/studios/this_studio/.vscode-server/extensions/ms-python.vscode-pylance-2025.2.1/dist (index)
2025-02-18 08:12:52.471 [info] [Info  - 8:12:52 AM] (2566) Indexing(4) started
2025-02-18 08:12:54.568 [info] [Info  - 8:12:54 AM] (2566) scanned(4) 369 files over 1 exec env
2025-02-18 08:12:55.001 [info] [Info  - 8:12:55 AM] (2566) indexed(4) 369 files over 1 exec env
2025-02-18 08:12:55.145 [info] [Info  - 8:12:55 AM] (2566) Indexing finished(4).
