Visual Studio Code (1.97.2, ssh-remote, desktop)
Jupyter Extension Version: 2025.1.0.
Python Extension Version: 2025.0.0.
Pylance Extension Version: 2025.2.1.
Platform: linux (x64).
Home = /teamspace/studios/this_studio
Temp Storage folder ~/.vscode-server/data/User/globalStorage/ms-toolsai.jupyter/version-2025.1.0
Workspace folder /teamspace/studios/this_studio
12:02:29.337 [info] Starting Kernel (Python Path: /home/zeus/miniconda3/envs/cloudspace/bin/python, Conda, 3.10.10) for '~/test.ipynb' (disableUI=false)
12:02:30.669 [info] Process Execution: /home/zeus/miniconda3/envs/cloudspace/bin/python -m pip list
12:02:30.704 [info] Process Execution: /home/zeus/miniconda3/envs/cloudspace/bin/python -c "import ipykernel; print(ipykernel.__version__); print("5dc3a68c-e34e-4080-9c3e-2a532b2ccb4d"); print(ipykernel.__file__)"
12:02:30.741 [info] Process Execution: /home/zeus/miniconda3/envs/cloudspace/bin/python -m ipykernel_launcher --f=<username>/.local/share/jupyter/runtime/kernel-v3e53402e91766ca09c2654d98ca622bd232c34276.json
    > cwd: <username>
12:02:31.461 [info] Kernel successfully started
12:02:31.469 [info] Process Execution: /home/zeus/miniconda3/envs/cloudspace/bin/python <username>/.vscode-server/extensions/ms-toolsai.jupyter-2025.1.0-linux-x64/pythonFiles/printJupyterDataDir.py
12:02:31.647 [warn] Cell completed with errors [su [Error]: No module named 'datasets'
	at n.execute (<username>/.vscode-server/extensions/ms-toolsai.jupyter-2025.1.0-linux-x64/dist/extension.node.js:297:4958)] {
  ename: 'ModuleNotFoundError',
  evalue: "No module named 'datasets'",
  traceback: [
    '\x1B[0;31m---------------------------------------------------------------------------\x1B[0m',
    '\x1B[0;31mModuleNotFoundError\x1B[0m                       Traceback (most recent call last)',
    'Cell \x1B[0;32mIn[1], line 1\x1B[0m\n' +
      '\x1B[0;32m----> 1\x1B[0m \x1B[38;5;28;01mfrom\x1B[39;00m\x1B[38;5;250m \x1B[39m\x1B[38;5;21;01mdatasets\x1B[39;00m\x1B[38;5;250m \x1B[39m\x1B[38;5;28;01mimport\x1B[39;00m load_dataset\n' +
      '\x1B[1;32m      3\x1B[0m \x1B[38;5;28;01mdef\x1B[39;00m\x1B[38;5;250m \x1B[39m\x1B[38;5;21mget_ds\x1B[39m(config):\n' +
      '\x1B[1;32m      4\x1B[0m     \x1B[38;5;66;03m# It only has the train split, so we divide it ourselves\x1B[39;00m\n' +
      '\x1B[1;32m      5\x1B[0m     ds_raw \x1B[38;5;241m=\x1B[39m load_dataset(\n' +
      `\x1B[1;32m      6\x1B[0m         \x1B[38;5;124mf\x1B[39m\x1B[38;5;124m"\x1B[39m\x1B[38;5;132;01m{\x1B[39;00mconfig[\x1B[38;5;124m'\x1B[39m\x1B[38;5;124mdatasource\x1B[39m\x1B[38;5;124m'\x1B[39m]\x1B[38;5;132;01m}\x1B[39;00m\x1B[38;5;124m"\x1B[39m, \n` +
      `\x1B[1;32m      7\x1B[0m         \x1B[38;5;124mf\x1B[39m\x1B[38;5;124m"\x1B[39m\x1B[38;5;132;01m{\x1B[39;00mconfig[\x1B[38;5;124m'\x1B[39m\x1B[38;5;124mlang_src\x1B[39m\x1B[38;5;124m'\x1B[39m]\x1B[38;5;132;01m}\x1B[39;00m\x1B[38;5;124m-\x1B[39m\x1B[38;5;132;01m{\x1B[39;00mconfig[\x1B[38;5;124m'\x1B[39m\x1B[38;5;124mlang_tgt\x1B[39m\x1B[38;5;124m'\x1B[39m]\x1B[38;5;132;01m}\x1B[39;00m\x1B[38;5;124m"\x1B[39m, \n` +
      "\x1B[1;32m      8\x1B[0m         split\x1B[38;5;241m=\x1B[39m\x1B[38;5;124m'\x1B[39m\x1B[38;5;124mtrain\x1B[39m\x1B[38;5;124m'\x1B[39m\n" +
      '\x1B[1;32m      9\x1B[0m     )\n',
    "\x1B[0;31mModuleNotFoundError\x1B[0m: No module named 'datasets'"
  ]
}
12:05:40.382 [warn] Cell completed with errors [su [Error]: 'model_name'
	at n.execute (<username>/.vscode-server/extensions/ms-toolsai.jupyter-2025.1.0-linux-x64/dist/extension.node.js:297:4958)] {
  ename: 'KeyError',
  evalue: "'model_name'",
  traceback: [
    '\x1B[0;31m---------------------------------------------------------------------------\x1B[0m',
    '\x1B[0;31mKeyError\x1B[0m                                  Traceback (most recent call last)',
    'Cell \x1B[0;32mIn[4], line 35\x1B[0m\n' +
      '\x1B[1;32m     32\x1B[0m \x1B[38;5;28mprint\x1B[39m(\x1B[38;5;124m"\x1B[39m\x1B[38;5;124mLatest weights file:\x1B[39m\x1B[38;5;124m"\x1B[39m, weights_file)\n' +
      '\x1B[1;32m     34\x1B[0m \x1B[38;5;66;03m# Now use the config with your dataset function\x1B[39;00m\n' +
      '\x1B[0;32m---> 35\x1B[0m dataset \x1B[38;5;241m=\x1B[39m \x1B[43mget_ds\x1B[49m\x1B[43m(\x1B[49m\x1B[43mconfig\x1B[49m\x1B[43m)\x1B[49m\n',
    'Cell \x1B[0;32mIn[4], line 16\x1B[0m, in \x1B[0;36mget_ds\x1B[0;34m(config)\x1B[0m\n' +
      '\x1B[1;32m      9\x1B[0m ds_raw \x1B[38;5;241m=\x1B[39m load_dataset(\n' +
      `\x1B[1;32m     10\x1B[0m     \x1B[38;5;124mf\x1B[39m\x1B[38;5;124m"\x1B[39m\x1B[38;5;132;01m{\x1B[39;00mconfig[\x1B[38;5;124m'\x1B[39m\x1B[38;5;124mdatasource\x1B[39m\x1B[38;5;124m'\x1B[39m]\x1B[38;5;132;01m}\x1B[39;00m\x1B[38;5;124m"\x1B[39m, \n` +
      `\x1B[1;32m     11\x1B[0m     \x1B[38;5;124mf\x1B[39m\x1B[38;5;124m"\x1B[39m\x1B[38;5;132;01m{\x1B[39;00mconfig[\x1B[38;5;124m'\x1B[39m\x1B[38;5;124mlang_src\x1B[39m\x1B[38;5;124m'\x1B[39m]\x1B[38;5;132;01m}\x1B[39;00m\x1B[38;5;124m-\x1B[39m\x1B[38;5;132;01m{\x1B[39;00mconfig[\x1B[38;5;124m'\x1B[39m\x1B[38;5;124mlang_tgt\x1B[39m\x1B[38;5;124m'\x1B[39m]\x1B[38;5;132;01m}\x1B[39;00m\x1B[38;5;124m"\x1B[39m, \n` +
      "\x1B[1;32m     12\x1B[0m     split\x1B[38;5;241m=\x1B[39m\x1B[38;5;124m'\x1B[39m\x1B[38;5;124mtrain\x1B[39m\x1B[38;5;124m'\x1B[39m\n" +
      '\x1B[1;32m     13\x1B[0m )\n' +
      '\x1B[1;32m     15\x1B[0m \x1B[38;5;66;03m# Load tokenizer using the model name from the config\x1B[39;00m\n' +
      "\x1B[0;32m---> 16\x1B[0m tokenizer \x1B[38;5;241m=\x1B[39m AutoTokenizer\x1B[38;5;241m.\x1B[39mfrom_pretrained(\x1B[43mconfig\x1B[49m\x1B[43m[\x1B[49m\x1B[38;5;124;43m'\x1B[39;49m\x1B[38;5;124;43mmodel_name\x1B[39;49m\x1B[38;5;124;43m'\x1B[39;49m\x1B[43m]\x1B[49m)\n" +
      '\x1B[1;32m     18\x1B[0m \x1B[38;5;66;03m# Tokenize the dataset (example)\x1B[39;00m\n' +
      '\x1B[1;32m     19\x1B[0m \x1B[38;5;28;01mdef\x1B[39;00m\x1B[38;5;250m \x1B[39m\x1B[38;5;21mtokenize_function\x1B[39m(examples):\n',
    "\x1B[0;31mKeyError\x1B[0m: 'model_name'"
  ]
}
12:11:37.938 [warn] Cell completed with errors [su [Error]: name 'ds_raw' is not defined
	at n.execute (<username>/.vscode-server/extensions/ms-toolsai.jupyter-2025.1.0-linux-x64/dist/extension.node.js:297:4958)] {
  ename: 'NameError',
  evalue: "name 'ds_raw' is not defined",
  traceback: [
    '\x1B[0;31m---------------------------------------------------------------------------\x1B[0m',
    '\x1B[0;31mNameError\x1B[0m                                 Traceback (most recent call last)',
    'Cell \x1B[0;32mIn[8], line 2\x1B[0m\n' +
      '\x1B[1;32m      1\x1B[0m \x1B[38;5;66;03m# Displaying the first few rows of the dataset\x1B[39;00m\n' +
      '\x1B[0;32m----> 2\x1B[0m \x1B[38;5;28mprint\x1B[39m(\x1B[43mds_raw\x1B[49m\x1B[38;5;241m.\x1B[39mhead())\n',
    "\x1B[0;31mNameError\x1B[0m: name 'ds_raw' is not defined"
  ]
}
12:11:44.237 [warn] Cell completed with errors [su [Error]: 'Dataset' object has no attribute 'head'
	at n.execute (<username>/.vscode-server/extensions/ms-toolsai.jupyter-2025.1.0-linux-x64/dist/extension.node.js:297:4958)] {
  ename: 'AttributeError',
  evalue: "'Dataset' object has no attribute 'head'",
  traceback: [
    '\x1B[0;31m---------------------------------------------------------------------------\x1B[0m',
    '\x1B[0;31mAttributeError\x1B[0m                            Traceback (most recent call last)',
    'Cell \x1B[0;32mIn[9], line 2\x1B[0m\n' +
      '\x1B[1;32m      1\x1B[0m \x1B[38;5;66;03m# Displaying the first few rows of the dataset\x1B[39;00m\n' +
      '\x1B[0;32m----> 2\x1B[0m \x1B[38;5;28mprint\x1B[39m(\x1B[43mdataset\x1B[49m\x1B[38;5;241;43m.\x1B[39;49m\x1B[43mhead\x1B[49m())\n',
    "\x1B[0;31mAttributeError\x1B[0m: 'Dataset' object has no attribute 'head'"
  ]
}
12:52:05.417 [info] Disposing request as the cell (0) was deleted ~/test.ipynb
12:52:05.417 [info] Disposing request as the cell (0) was deleted ~/test.ipynb
12:52:05.417 [info] Disposing request as the cell (0) was deleted ~/test.ipynb
12:52:05.417 [info] Disposing request as the cell (1) was deleted ~/test.ipynb
12:52:05.417 [info] Disposing request as the cell (1) was deleted ~/test.ipynb
12:52:05.418 [info] Disposing request as the cell (1) was deleted ~/test.ipynb
12:52:05.418 [info] Disposing request as the cell (2) was deleted ~/test.ipynb
12:52:05.418 [info] Disposing request as the cell (3) was deleted ~/test.ipynb
12:52:05.418 [info] Disposing request as the cell (3) was deleted ~/test.ipynb
12:52:05.418 [info] Dispose Kernel '~/test.ipynb' associated with '~/test.ipynb'
14:18:26.550 [info] Dispose Kernel '~/test.ipynb' associated with '~/test.ipynb'
14:18:26.558 [warn] Failed to set jupyter.HasCodeCells context [Canceled: Canceled
	at jc (file://<username>/.vscode-server/cli/servers/Stable-e54c774e0add60467559eb0d1e229c6452cf8447/server/out/vs/workbench/api/node/extensionHostProcess.js:7:1218)
	at file://<username>/.vscode-server/cli/servers/Stable-e54c774e0add60467559eb0d1e229c6452cf8447/server/out/vs/workbench/api/node/extensionHostProcess.js:29:155152
	at Array.forEach (<anonymous>)
	at Uy.dispose (file://<username>/.vscode-server/cli/servers/Stable-e54c774e0add60467559eb0d1e229c6452cf8447/server/out/vs/workbench/api/node/extensionHostProcess.js:29:155092)
	at PW.terminate (file://<username>/.vscode-server/cli/servers/Stable-e54c774e0add60467559eb0d1e229c6452cf8447/server/out/vs/workbench/api/node/extensionHostProcess.js:116:10082)
	at wC.terminate (file://<username>/.vscode-server/cli/servers/Stable-e54c774e0add60467559eb0d1e229c6452cf8447/server/out/vs/workbench/api/node/extensionHostProcess.js:117:1434)
	at ts (file://<username>/.vscode-server/cli/servers/Stable-e54c774e0add60467559eb0d1e229c6452cf8447/server/out/vs/workbench/api/node/extensionHostProcess.js:190:15080)
	at M5.a (file://<username>/.vscode-server/cli/servers/Stable-e54c774e0add60467559eb0d1e229c6452cf8447/server/out/vs/workbench/api/node/extensionHostProcess.js:190:11993)
	at M5.h (file://<username>/.vscode-server/cli/servers/Stable-e54c774e0add60467559eb0d1e229c6452cf8447/server/out/vs/workbench/api/node/extensionHostProcess.js:28:74449)
	at listOnTimeout (node:internal/timers:581:17)
	at process.processTimers (node:internal/timers:519:7)]
