2025-02-16 10:53:38.502 [info] [main] Log level: Info
2025-02-16 10:53:38.502 [info] [main] Validating found git in: "git"
2025-02-16 10:53:38.502 [info] [main] Using git "2.42.0" from "git"
2025-02-16 10:53:38.502 [info] [Model][doInitialScan] Initial repository scan started
2025-02-16 10:53:38.502 [info] > git rev-parse --show-toplevel [2ms]
2025-02-16 10:53:38.503 [info] fatal: not a git repository (or any parent up to mount point /teamspace/studios)
Stopping at filesystem boundary (GIT_DISCOVERY_ACROSS_FILESYSTEM not set).
2025-02-16 10:53:38.503 [info] > git rev-parse --show-toplevel [2ms]
2025-02-16 10:53:38.503 [info] fatal: not a git repository (or any parent up to mount point /teamspace/studios)
Stopping at filesystem boundary (GIT_DISCOVERY_ACROSS_FILESYSTEM not set).
2025-02-16 10:53:38.503 [info] > git rev-parse --show-toplevel [2ms]
2025-02-16 10:53:38.503 [info] fatal: not a git repository (or any parent up to mount point /teamspace/studios)
Stopping at filesystem boundary (GIT_DISCOVERY_ACROSS_FILESYSTEM not set).
2025-02-16 10:53:38.503 [info] > git rev-parse --show-toplevel [2ms]
2025-02-16 10:53:38.503 [info] fatal: not a git repository (or any parent up to mount point /teamspace/studios)
Stopping at filesystem boundary (GIT_DISCOVERY_ACROSS_FILESYSTEM not set).
2025-02-16 10:53:38.503 [info] > git rev-parse --show-toplevel [2ms]
2025-02-16 10:53:38.504 [info] fatal: not a git repository (or any parent up to mount point /teamspace/studios)
Stopping at filesystem boundary (GIT_DISCOVERY_ACROSS_FILESYSTEM not set).
2025-02-16 10:53:38.504 [info] > git rev-parse --show-toplevel [2ms]
2025-02-16 10:53:38.504 [info] fatal: not a git repository (or any parent up to mount point /teamspace/studios)
Stopping at filesystem boundary (GIT_DISCOVERY_ACROSS_FILESYSTEM not set).
2025-02-16 10:53:38.504 [info] > git rev-parse --show-toplevel [1ms]
2025-02-16 10:53:38.504 [info] fatal: not a git repository (or any parent up to mount point /teamspace/studios)
Stopping at filesystem boundary (GIT_DISCOVERY_ACROSS_FILESYSTEM not set).
2025-02-16 10:53:38.504 [info] > git rev-parse --show-toplevel [2ms]
2025-02-16 10:53:38.504 [info] fatal: not a git repository (or any parent up to mount point /teamspace/studios)
Stopping at filesystem boundary (GIT_DISCOVERY_ACROSS_FILESYSTEM not set).
2025-02-16 10:53:38.504 [info] > git rev-parse --show-toplevel [2ms]
2025-02-16 10:53:38.504 [info] fatal: not a git repository (or any parent up to mount point /teamspace/studios)
Stopping at filesystem boundary (GIT_DISCOVERY_ACROSS_FILESYSTEM not set).
2025-02-16 10:53:38.504 [info] > git rev-parse --show-toplevel [2ms]
2025-02-16 10:53:38.504 [info] fatal: not a git repository (or any parent up to mount point /teamspace/studios)
Stopping at filesystem boundary (GIT_DISCOVERY_ACROSS_FILESYSTEM not set).
2025-02-16 10:53:38.504 [info] [Model][doInitialScan] Initial repository scan completed - repositories (0), closed repositories (0), parent repositories (0), unsafe repositories (0)
2025-02-16 10:53:43.991 [info] > git rev-parse --show-toplevel [13ms]
2025-02-16 10:53:43.991 [info] fatal: not a git repository (or any parent up to mount point /teamspace/studios)
Stopping at filesystem boundary (GIT_DISCOVERY_ACROSS_FILESYSTEM not set).
2025-02-16 10:53:45.524 [info] > git rev-parse --show-toplevel [12ms]
2025-02-16 10:53:45.525 [info] fatal: not a git repository (or any parent up to mount point /teamspace/studios)
Stopping at filesystem boundary (GIT_DISCOVERY_ACROSS_FILESYSTEM not set).
