Visual Studio Code (1.97.2, ssh-remote, desktop)
Jupyter Extension Version: 2025.1.0.
Python Extension not installed.
Pylance Extension not installed.
Platform: linux (x64).
Home = /teamspace/studios/this_studio
Temp Storage folder ~/.vscode-server/data/User/globalStorage/ms-toolsai.jupyter/version-2025.1.0
Workspace folder /teamspace/studios/this_studio
09:15:00.367 [error] Failed to install the Python extension [Canceled: Canceled
	at jc (file://<username>/.vscode-server/cli/servers/Stable-e54c774e0add60467559eb0d1e229c6452cf8447/server/out/vs/workbench/api/node/extensionHostProcess.js:7:1218)
	at file://<username>/.vscode-server/cli/servers/Stable-e54c774e0add60467559eb0d1e229c6452cf8447/server/out/vs/workbench/api/node/extensionHostProcess.js:29:155152
	at Array.forEach (<anonymous>)
	at Uy.dispose (file://<username>/.vscode-server/cli/servers/Stable-e54c774e0add60467559eb0d1e229c6452cf8447/server/out/vs/workbench/api/node/extensionHostProcess.js:29:155092)
	at PW.terminate (file://<username>/.vscode-server/cli/servers/Stable-e54c774e0add60467559eb0d1e229c6452cf8447/server/out/vs/workbench/api/node/extensionHostProcess.js:116:10082)
	at wC.terminate (file://<username>/.vscode-server/cli/servers/Stable-e54c774e0add60467559eb0d1e229c6452cf8447/server/out/vs/workbench/api/node/extensionHostProcess.js:117:1434)
	at ts (file://<username>/.vscode-server/cli/servers/Stable-e54c774e0add60467559eb0d1e229c6452cf8447/server/out/vs/workbench/api/node/extensionHostProcess.js:190:15080)
	at Ah.value (file://<username>/.vscode-server/cli/servers/Stable-e54c774e0add60467559eb0d1e229c6452cf8447/server/out/vs/workbench/api/node/extensionHostProcess.js:190:13241)
	at D.B (file://<username>/.vscode-server/cli/servers/Stable-e54c774e0add60467559eb0d1e229c6452cf8447/server/out/vs/workbench/api/node/extensionHostProcess.js:27:2373)
	at D.fire (file://<username>/.vscode-server/cli/servers/Stable-e54c774e0add60467559eb0d1e229c6452cf8447/server/out/vs/workbench/api/node/extensionHostProcess.js:27:2591)
	at Xn.fire (file://<username>/.vscode-server/cli/servers/Stable-e54c774e0add60467559eb0d1e229c6452cf8447/server/out/vs/workbench/api/node/extensionHostProcess.js:29:9458)
	at Gm.A (file://<username>/.vscode-server/cli/servers/Stable-e54c774e0add60467559eb0d1e229c6452cf8447/server/out/vs/workbench/api/node/extensionHostProcess.js:29:12574)
	at Ah.value (file://<username>/.vscode-server/cli/servers/Stable-e54c774e0add60467559eb0d1e229c6452cf8447/server/out/vs/workbench/api/node/extensionHostProcess.js:29:10994)
	at D.B (file://<username>/.vscode-server/cli/servers/Stable-e54c774e0add60467559eb0d1e229c6452cf8447/server/out/vs/workbench/api/node/extensionHostProcess.js:27:2373)
	at D.fire (file://<username>/.vscode-server/cli/servers/Stable-e54c774e0add60467559eb0d1e229c6452cf8447/server/out/vs/workbench/api/node/extensionHostProcess.js:27:2591)
	at m6.acceptChunk (file://<username>/.vscode-server/cli/servers/Stable-e54c774e0add60467559eb0d1e229c6452cf8447/server/out/vs/workbench/api/node/extensionHostProcess.js:29:7941)
	at file://<username>/.vscode-server/cli/servers/Stable-e54c774e0add60467559eb0d1e229c6452cf8447/server/out/vs/workbench/api/node/extensionHostProcess.js:29:7227
	at Socket.t (file://<username>/.vscode-server/cli/servers/Stable-e54c774e0add60467559eb0d1e229c6452cf8447/server/out/vs/workbench/api/node/extensionHostProcess.js:29:14761)
	at Socket.emit (node:events:518:28)
	at addChunk (node:internal/streams/readable:561:12)
	at readableAddChunkPushByteMode (node:internal/streams/readable:512:3)
	at Readable.push (node:internal/streams/readable:392:5)
	at Pipe.onStreamRead (node:internal/stream_base_commons:191:23)]
