2025-02-16 12:04:20.772 [info] Experiment 'pythonRecommendTensorboardExt' is active
2025-02-16 12:04:20.772 [info] Experiment 'pythonTerminalEnvVarActivation' is active
2025-02-16 12:04:20.772 [info] Experiment 'pythonTestAdapter' is active
2025-02-16 12:04:20.772 [info] Native locator: Refresh started
2025-02-16 12:04:20.772 [info] Poetry environment manager found at: /commands/poetry
2025-02-16 12:04:20.772 [info] Conda environment manager found at: /home/zeus/miniconda3/bin/conda
2025-02-16 12:04:20.772 [info] Using conda: /home/zeus/miniconda3/bin/conda
2025-02-16 12:04:20.772 [info] Native locator: Refresh finished in 173 ms
2025-02-16 12:04:20.795 [info] > /home/zeus/miniconda3/bin/conda info --json
2025-02-16 12:04:21.373 [info] Python interpreter path: /home/zeus/miniconda3/envs/cloudspace/bin/python
2025-02-16 12:04:22.278 [info] > pyenv which python
2025-02-16 12:04:22.279 [info] cwd: .
2025-02-16 12:04:23.918 [warning] Shell integration may not be active, environment activated may be overridden by the shell.
2025-02-16 12:04:24.689 [info] > /home/zeus/miniconda3/bin/conda run -n cloudspace --no-capture-output python ./.vscode-server/extensions/ms-python.python-2025.0.0-linux-x64/python_files/get_output_via_markers.py ./.vscode-server/extensions/ms-python.python-2025.0.0-linux-x64/python_files/printEnvVariables.py
2025-02-16 12:04:24.689 [info] shell: bash
2025-02-16 12:04:24.689 [info] > /home/zeus/miniconda3/bin/conda run -n cloudspace --no-capture-output python ./.vscode-server/extensions/ms-python.python-2025.0.0-linux-x64/python_files/get_output_via_markers.py ./.vscode-server/extensions/ms-python.python-2025.0.0-linux-x64/python_files/printEnvVariables.py
2025-02-16 12:04:24.689 [info] shell: bash
2025-02-16 12:04:25.125 [info] Native locator: Refresh started
2025-02-16 12:04:25.131 [info] Conda environment manager found at: /home/zeus/miniconda3/bin/conda
2025-02-16 12:04:25.131 [info] Conda set to: /home/zeus/miniconda3/bin/conda
2025-02-16 12:04:25.141 [info] Poetry environment manager found at: /commands/poetry
2025-02-16 12:04:25.283 [info] Native locator: Refresh finished in 157 ms
2025-02-16 12:04:27.976 [info] Starting Pylance language server.
