2025-02-16 12:04:27.443 [info] (Client) Pylance async client (2025.2.1) started with python extension (2025.0.0)
2025-02-16 12:04:27.963 [info] [Info  - 12:04:27 PM] (17612) Server root directory: file:///teamspace/studios/this_studio/.vscode-server/extensions/ms-python.vscode-pylance-2025.2.1/dist
2025-02-16 12:04:27.964 [info] [Info  - 12:04:27 PM] (17612) Pylance language server 2025.2.1 (pyright version 1.1.393, commit 3763156f) starting
2025-02-16 12:04:27.964 [info] [Info  - 12:04:27 PM] (17612) Starting service instance "this_studio"
2025-02-16 12:04:28.036 [info] [Info  - 12:04:28 PM] (17612) Setting environmentName for service "this_studio": "3.10.10 (cloudspace conda)"
2025-02-16 12:04:28.036 [info] [Info  - 12:04:28 PM] (17612) Setting pythonPath for service "this_studio": "/home/zeus/miniconda3/envs/cloudspace/bin/python"
2025-02-16 12:04:28.036 [info] [Info  - 12:04:28 PM] (17612) No include entries specified; assuming /teamspace/studios/this_studio
2025-02-16 12:04:28.036 [info] [Info  - 12:04:28 PM] (17612) Auto-excluding **/node_modules
2025-02-16 12:04:28.036 [info] [Info  - 12:04:28 PM] (17612) Auto-excluding **/__pycache__
2025-02-16 12:04:28.036 [info] [Info  - 12:04:28 PM] (17612) Auto-excluding **/.*
2025-02-16 12:04:28.058 [info] [Info  - 12:04:28 PM] (17612) Assuming Python version 3.10.10.final.0
2025-02-16 12:04:28.272 [info] [Info  - 12:04:28 PM] (17612) No source files found.
2025-02-16 12:04:28.555 [info] [Info  - 12:04:28 PM] (17612) Background analysis(1) root directory: file:///teamspace/studios/this_studio/.vscode-server/extensions/ms-python.vscode-pylance-2025.2.1/dist
2025-02-16 12:04:28.557 [info] [Info  - 12:04:28 PM] (17612) Background analysis(1) started
2025-02-16 12:04:28.782 [info] [Info  - 12:04:28 PM] (17612) Indexer background runner(2) root directory: file:///teamspace/studios/this_studio/.vscode-server/extensions/ms-python.vscode-pylance-2025.2.1/dist (index)
2025-02-16 12:04:28.782 [info] [Info  - 12:04:28 PM] (17612) Indexing(2) started
2025-02-16 12:04:29.878 [info] [Info  - 12:04:29 PM] (17612) scanned(2) 359 files over 1 exec env
2025-02-16 12:04:30.350 [info] [Info  - 12:04:30 PM] (17612) indexed(2) 359 files over 1 exec env
2025-02-16 12:04:30.862 [info] [Info  - 12:04:30 PM] (17612) Indexing finished(2).
2025-02-16 12:22:44.063 [info] [Info  - 12:22:44 PM] (17612) Starting service instance "this_studio"
2025-02-16 12:22:44.135 [info] [Info  - 12:22:44 PM] (17612) Setting environmentName for service "this_studio": "3.10.10 (cloudspace conda)"
2025-02-16 12:22:44.136 [info] [Info  - 12:22:44 PM] (17612) Setting pythonPath for service "this_studio": "/teamspace/studios/this_studio"
2025-02-16 12:22:44.136 [info] [Info  - 12:22:44 PM] (17612) No include entries specified; assuming /teamspace/studios/this_studio
2025-02-16 12:22:44.136 [info] [Info  - 12:22:44 PM] (17612) Auto-excluding **/node_modules
2025-02-16 12:22:44.136 [info] [Info  - 12:22:44 PM] (17612) Auto-excluding **/__pycache__
2025-02-16 12:22:44.137 [info] [Info  - 12:22:44 PM] (17612) Auto-excluding **/.*
2025-02-16 12:22:44.207 [info] [Info  - 12:22:44 PM] (17612) No source files found.
2025-02-16 12:22:44.612 [info] [Info  - 12:22:44 PM] (17612) Background analysis(3) root directory: file:///teamspace/studios/this_studio/.vscode-server/extensions/ms-python.vscode-pylance-2025.2.1/dist
2025-02-16 12:22:44.614 [info] [Info  - 12:22:44 PM] (17612) Background analysis(3) started
2025-02-16 12:22:44.653 [info] [Info  - 12:22:44 PM] (17612) Indexer background runner(4) root directory: file:///teamspace/studios/this_studio/.vscode-server/extensions/ms-python.vscode-pylance-2025.2.1/dist (index)
2025-02-16 12:22:44.653 [info] [Info  - 12:22:44 PM] (17612) Indexing(4) started
2025-02-16 12:22:44.954 [info] [Info  - 12:22:44 PM] (17612) scanned(4) 1 files over 1 exec env
2025-02-16 12:22:45.259 [info] [Info  - 12:22:45 PM] (17612) indexed(4) 1 files over 1 exec env
2025-02-16 12:22:45.272 [info] [Info  - 12:22:45 PM] (17612) Indexing finished(4).
