2025-02-17 11:26:18.460 [info] Experiment 'pythonRecommendTensorboardExt' is active
2025-02-17 11:26:18.460 [info] Experiment 'pythonTerminalEnvVarActivation' is active
2025-02-17 11:26:18.460 [info] Experiment 'pythonTestAdapter' is active
2025-02-17 11:26:18.460 [info] Native locator: Refresh started
2025-02-17 11:26:18.460 [info] Conda environment manager found at: /home/zeus/miniconda3/bin/conda
2025-02-17 11:26:18.460 [info] Using conda: /home/zeus/miniconda3/bin/conda
2025-02-17 11:26:18.460 [info] Poetry environment manager found at: /commands/poetry
2025-02-17 11:26:18.460 [info] Native locator: Refresh finished in 201 ms
2025-02-17 11:26:18.484 [info] > /home/zeus/miniconda3/bin/conda info --json
2025-02-17 11:26:18.785 [info] > pyenv which python
2025-02-17 11:26:18.785 [info] cwd: .
2025-02-17 11:26:19.078 [info] Python interpreter path: /home/zeus/miniconda3/envs/cloudspace/bin/python
2025-02-17 11:26:20.139 [warning] Shell integration may not be active, environment activated may be overridden by the shell.
2025-02-17 11:26:21.264 [info] Starting Pylance language server.
2025-02-17 12:02:21.476 [info] Native locator: Refresh started
2025-02-17 12:02:21.480 [info] Poetry environment manager found at: /commands/poetry
2025-02-17 12:02:21.498 [info] Conda environment manager found at: /home/zeus/miniconda3/bin/conda
2025-02-17 12:02:21.498 [info] Conda set to: /home/zeus/miniconda3/bin/conda
2025-02-17 12:02:21.591 [info] Native locator: Refresh finished in 114 ms
2025-02-17 12:02:29.367 [info] > /home/zeus/miniconda3/bin/conda run -n cloudspace --no-capture-output python ./.vscode-server/extensions/ms-python.python-2025.0.0-linux-x64/python_files/get_output_via_markers.py ./.vscode-server/extensions/ms-python.python-2025.0.0-linux-x64/python_files/printEnvVariables.py
2025-02-17 12:02:29.368 [info] shell: bash
2025-02-17 12:02:29.382 [info] > /home/zeus/miniconda3/bin/conda run -n cloudspace --no-capture-output python ./.vscode-server/extensions/ms-python.python-2025.0.0-linux-x64/python_files/get_output_via_markers.py ./.vscode-server/extensions/ms-python.python-2025.0.0-linux-x64/python_files/printEnvVariables.py
2025-02-17 12:02:29.383 [info] shell: bash
2025-02-17 12:04:11.478 [info] Discover tests for workspace name: this_studio - uri: /teamspace/studios/this_studio/config.py
