2025-02-16 09:45:23.473 [info] Extension host with pid 12641 started
2025-02-16 09:45:23.473 [error] Error: EEXIST: file already exists, open '/teamspace/studios/this_studio/.vscode-server/data/User/workspaceStorage/0fec79bbde99d7b81bcde7872e59ad5b/vscode.lock'
2025-02-16 09:45:23.476 [info] Lock '/teamspace/studios/this_studio/.vscode-server/data/User/workspaceStorage/0fec79bbde99d7b81bcde7872e59ad5b/vscode.lock': Could not acquire lock, checking if the file is stale.
2025-02-16 09:45:23.482 [info] Lock '/teamspace/studios/this_studio/.vscode-server/data/User/workspaceStorage/0fec79bbde99d7b81bcde7872e59ad5b/vscode.lock': The lock does not look stale, elapsed: 844 ms, giving up.
2025-02-16 09:45:23.495 [info] Lock '/teamspace/studios/this_studio/.vscode-server/data/User/workspaceStorage/0fec79bbde99d7b81bcde7872e59ad5b-1/vscode.lock': Lock acquired.
2025-02-16 09:45:23.884 [info] ExtensionService#_doActivateExtension vscode.ipynb, startup: false, activationEvent: 'onNotebookSerializer:jupyter-notebook'
2025-02-16 09:45:23.885 [info] ExtensionService#_doActivateExtension vscode.git-base, startup: false, activationEvent: '*', root cause: vscode.git
2025-02-16 09:45:24.766 [info] ExtensionService#_doActivateExtension vscode.git, startup: false, activationEvent: '*'
2025-02-16 09:45:24.766 [info] ExtensionService#_doActivateExtension vscode.github, startup: false, activationEvent: '*'
2025-02-16 09:45:25.179 [info] Eager extensions activated
2025-02-16 09:45:25.180 [info] ExtensionService#_doActivateExtension vscode.debug-auto-launch, startup: false, activationEvent: 'onStartupFinished'
2025-02-16 09:45:25.180 [info] ExtensionService#_doActivateExtension vscode.merge-conflict, startup: false, activationEvent: 'onStartupFinished'
2025-02-16 09:45:26.421 [info] ExtensionService#_doActivateExtension ms-toolsai.jupyter, startup: false, activationEvent: 'onNotebook:jupyter-notebook'
2025-02-16 09:45:26.421 [info] ExtensionService#_doActivateExtension ms-toolsai.vscode-jupyter-cell-tags, startup: false, activationEvent: 'onNotebook:jupyter-notebook'
2025-02-16 09:45:26.422 [info] ExtensionService#_doActivateExtension ms-toolsai.vscode-jupyter-slideshow, startup: false, activationEvent: 'onNotebook:jupyter-notebook'
2025-02-16 09:45:26.422 [info] ExtensionService#_doActivateExtension ms-python.python, startup: false, activationEvent: 'onLanguage:python', root cause: ms-python.debugpy
2025-02-16 09:45:26.422 [info] ExtensionService#_doActivateExtension vscode.emmet, startup: false, activationEvent: 'onLanguage'
2025-02-16 09:45:29.137 [info] ExtensionService#_doActivateExtension ms-toolsai.jupyter-renderers, startup: false, activationEvent: 'api', root cause: ms-toolsai.jupyter
2025-02-16 09:45:30.171 [info] ExtensionService#_doActivateExtension ms-python.debugpy, startup: false, activationEvent: 'onLanguage:python'
2025-02-16 09:45:30.172 [info] ExtensionService#_doActivateExtension ms-python.vscode-pylance, startup: false, activationEvent: 'onLanguage:python'
2025-02-16 09:48:39.426 [info] ExtensionService#_doActivateExtension vscode.extension-editing, startup: false, activationEvent: 'onLanguage:markdown'
2025-02-16 09:48:39.428 [info] ExtensionService#_doActivateExtension vscode.markdown-language-features, startup: false, activationEvent: 'onLanguage:markdown'
2025-02-16 09:48:40.256 [info] ExtensionService#_doActivateExtension vscode.markdown-math, startup: false, activationEvent: 'api', root cause: vscode.markdown-language-features
2025-02-16 10:58:06.124 [info] Extension host terminating: renderer disconnected for too long (2)
2025-02-16 10:58:06.125 [info] Lock '/teamspace/studios/this_studio/.vscode-server/data/User/workspaceStorage/0fec79bbde99d7b81bcde7872e59ad5b-1/vscode.lock': Marking the lockfile as scheduled to be released in 6000 ms.
2025-02-16 10:58:06.159 [error] Canceled: Canceled
	at new XT (file:///teamspace/studios/this_studio/.vscode-server/cli/servers/Stable-e54c774e0add60467559eb0d1e229c6452cf8447/server/out/vs/workbench/api/node/extensionHostProcess.js:29:153701)
	at Uy.U (file:///teamspace/studios/this_studio/.vscode-server/cli/servers/Stable-e54c774e0add60467559eb0d1e229c6452cf8447/server/out/vs/workbench/api/node/extensionHostProcess.js:29:158311)
	at s.<computed>.n.charCodeAt.s.<computed> (file:///teamspace/studios/this_studio/.vscode-server/cli/servers/Stable-e54c774e0add60467559eb0d1e229c6452cf8447/server/out/vs/workbench/api/node/extensionHostProcess.js:29:155805)
	at mw.g (file:///teamspace/studios/this_studio/.vscode-server/cli/servers/Stable-e54c774e0add60467559eb0d1e229c6452cf8447/server/out/vs/workbench/api/node/extensionHostProcess.js:112:32221)
	at mw.executeCommand (file:///teamspace/studios/this_studio/.vscode-server/cli/servers/Stable-e54c774e0add60467559eb0d1e229c6452cf8447/server/out/vs/workbench/api/node/extensionHostProcess.js:112:31725)
	at r.registerCommand.description (file:///teamspace/studios/this_studio/.vscode-server/cli/servers/Stable-e54c774e0add60467559eb0d1e229c6452cf8447/server/out/vs/workbench/api/node/extensionHostProcess.js:112:31055)
	at mw.h (file:///teamspace/studios/this_studio/.vscode-server/cli/servers/Stable-e54c774e0add60467559eb0d1e229c6452cf8447/server/out/vs/workbench/api/node/extensionHostProcess.js:112:32741)
	at mw.g (file:///teamspace/studios/this_studio/.vscode-server/cli/servers/Stable-e54c774e0add60467559eb0d1e229c6452cf8447/server/out/vs/workbench/api/node/extensionHostProcess.js:112:31818)
	at mw.executeCommand (file:///teamspace/studios/this_studio/.vscode-server/cli/servers/Stable-e54c774e0add60467559eb0d1e229c6452cf8447/server/out/vs/workbench/api/node/extensionHostProcess.js:112:31725)
	at Object.executeCommand (file:///teamspace/studios/this_studio/.vscode-server/cli/servers/Stable-e54c774e0add60467559eb0d1e229c6452cf8447/server/out/vs/workbench/api/node/extensionHostProcess.js:172:37254)
	at ir.set (/teamspace/studios/this_studio/.vscode-server/extensions/ms-toolsai.jupyter-2025.1.0-linux-x64/dist/extension.node.js:304:165658)
	at dI.updateContextOfActiveNotebookKernel (/teamspace/studios/this_studio/.vscode-server/extensions/ms-toolsai.jupyter-2025.1.0-linux-x64/dist/extension.node.js:382:11182)
	at dI.onDidKernelStatusChange (/teamspace/studios/this_studio/.vscode-server/extensions/ms-toolsai.jupyter-2025.1.0-linux-x64/dist/extension.node.js:382:12834)
	at D.B (file:///teamspace/studios/this_studio/.vscode-server/cli/servers/Stable-e54c774e0add60467559eb0d1e229c6452cf8447/server/out/vs/workbench/api/node/extensionHostProcess.js:27:2373)
	at D.C (file:///teamspace/studios/this_studio/.vscode-server/cli/servers/Stable-e54c774e0add60467559eb0d1e229c6452cf8447/server/out/vs/workbench/api/node/extensionHostProcess.js:27:2443)
	at D.fire (file:///teamspace/studios/this_studio/.vscode-server/cli/servers/Stable-e54c774e0add60467559eb0d1e229c6452cf8447/server/out/vs/workbench/api/node/extensionHostProcess.js:27:2660)
	at Cy.<anonymous> (/teamspace/studios/this_studio/.vscode-server/extensions/ms-toolsai.jupyter-2025.1.0-linux-x64/dist/extension.node.js:299:2959)
	at D.B (file:///teamspace/studios/this_studio/.vscode-server/cli/servers/Stable-e54c774e0add60467559eb0d1e229c6452cf8447/server/out/vs/workbench/api/node/extensionHostProcess.js:27:2373)
	at D.C (file:///teamspace/studios/this_studio/.vscode-server/cli/servers/Stable-e54c774e0add60467559eb0d1e229c6452cf8447/server/out/vs/workbench/api/node/extensionHostProcess.js:27:2443)
	at D.fire (file:///teamspace/studios/this_studio/.vscode-server/cli/servers/Stable-e54c774e0add60467559eb0d1e229c6452cf8447/server/out/vs/workbench/api/node/extensionHostProcess.js:27:2660)
	at e (/teamspace/studios/this_studio/.vscode-server/extensions/ms-toolsai.jupyter-2025.1.0-linux-x64/dist/extension.node.js:285:32519)
	at I_.dispose (/teamspace/studios/this_studio/.vscode-server/extensions/ms-toolsai.jupyter-2025.1.0-linux-x64/dist/extension.node.js:285:32642)
	at /teamspace/studios/this_studio/.vscode-server/extensions/ms-toolsai.jupyter-2025.1.0-linux-x64/dist/extension.node.js:183:1926
	at Array.map (<anonymous>)
	at Pg.dispose (/teamspace/studios/this_studio/.vscode-server/extensions/ms-toolsai.jupyter-2025.1.0-linux-x64/dist/extension.node.js:183:1917)
	at Object.bhe (/teamspace/studios/this_studio/.vscode-server/extensions/ms-toolsai.jupyter-2025.1.0-linux-x64/dist/extension.node.js:445:3880)
	at Object.m (/teamspace/studios/this_studio/.vscode-server/extensions/ms-toolsai.jupyter-2025.1.0-linux-x64/dist/extension.node.proxy.js:1:963)
	at PW.eb (file:///teamspace/studios/this_studio/.vscode-server/cli/servers/Stable-e54c774e0add60467559eb0d1e229c6452cf8447/server/out/vs/workbench/api/node/extensionHostProcess.js:116:11724)
	at file:///teamspace/studios/this_studio/.vscode-server/cli/servers/Stable-e54c774e0add60467559eb0d1e229c6452cf8447/server/out/vs/workbench/api/node/extensionHostProcess.js:116:9874
	at Array.map (<anonymous>)
	at PW.$ (file:///teamspace/studios/this_studio/.vscode-server/cli/servers/Stable-e54c774e0add60467559eb0d1e229c6452cf8447/server/out/vs/workbench/api/node/extensionHostProcess.js:116:9862)
	at PW.terminate (file:///teamspace/studios/this_studio/.vscode-server/cli/servers/Stable-e54c774e0add60467559eb0d1e229c6452cf8447/server/out/vs/workbench/api/node/extensionHostProcess.js:116:10105)
	at wC.terminate (file:///teamspace/studios/this_studio/.vscode-server/cli/servers/Stable-e54c774e0add60467559eb0d1e229c6452cf8447/server/out/vs/workbench/api/node/extensionHostProcess.js:117:1434)
	at ts (file:///teamspace/studios/this_studio/.vscode-server/cli/servers/Stable-e54c774e0add60467559eb0d1e229c6452cf8447/server/out/vs/workbench/api/node/extensionHostProcess.js:190:15080)
	at M5.a (file:///teamspace/studios/this_studio/.vscode-server/cli/servers/Stable-e54c774e0add60467559eb0d1e229c6452cf8447/server/out/vs/workbench/api/node/extensionHostProcess.js:190:11993)
	at M5.h (file:///teamspace/studios/this_studio/.vscode-server/cli/servers/Stable-e54c774e0add60467559eb0d1e229c6452cf8447/server/out/vs/workbench/api/node/extensionHostProcess.js:28:74449)
	at listOnTimeout (node:internal/timers:581:17)
	at process.processTimers (node:internal/timers:519:7) setContext undefined
2025-02-16 10:58:06.170 [info] Extension host with pid 12641 exiting with code 0
