2025-02-17 16:25:05.106 [info] [main] Log level: Info
2025-02-17 16:25:05.106 [info] [main] Validating found git in: "git"
2025-02-17 16:25:05.106 [info] [main] Using git "2.42.0" from "git"
2025-02-17 16:25:05.106 [info] [Model][doInitialScan] Initial repository scan started
2025-02-17 16:25:05.106 [info] > git rev-parse --show-toplevel [2ms]
2025-02-17 16:25:05.107 [info] fatal: not a git repository (or any parent up to mount point /teamspace/studios)
Stopping at filesystem boundary (GIT_DISCOVERY_ACROSS_FILESYSTEM not set).
2025-02-17 16:25:05.107 [info] > git rev-parse --show-toplevel [2ms]
2025-02-17 16:25:05.107 [info] fatal: not a git repository (or any parent up to mount point /teamspace/studios)
Stopping at filesystem boundary (GIT_DISCOVERY_ACROSS_FILESYSTEM not set).
2025-02-17 16:25:05.107 [info] > git rev-parse --show-toplevel [2ms]
2025-02-17 16:25:05.107 [info] fatal: not a git repository (or any parent up to mount point /teamspace/studios)
Stopping at filesystem boundary (GIT_DISCOVERY_ACROSS_FILESYSTEM not set).
2025-02-17 16:25:05.107 [info] > git rev-parse --show-toplevel [2ms]
2025-02-17 16:25:05.107 [info] fatal: not a git repository (or any parent up to mount point /teamspace/studios)
Stopping at filesystem boundary (GIT_DISCOVERY_ACROSS_FILESYSTEM not set).
2025-02-17 16:25:05.107 [info] > git rev-parse --show-toplevel [2ms]
2025-02-17 16:25:05.107 [info] fatal: not a git repository (or any parent up to mount point /teamspace/studios)
Stopping at filesystem boundary (GIT_DISCOVERY_ACROSS_FILESYSTEM not set).
2025-02-17 16:25:05.107 [info] > git rev-parse --show-toplevel [3ms]
2025-02-17 16:25:05.107 [info] fatal: not a git repository (or any parent up to mount point /teamspace/studios)
Stopping at filesystem boundary (GIT_DISCOVERY_ACROSS_FILESYSTEM not set).
2025-02-17 16:25:05.107 [info] > git rev-parse --show-toplevel [2ms]
2025-02-17 16:25:05.107 [info] fatal: not a git repository (or any parent up to mount point /teamspace/studios)
Stopping at filesystem boundary (GIT_DISCOVERY_ACROSS_FILESYSTEM not set).
2025-02-17 16:25:05.107 [info] > git rev-parse --show-toplevel [2ms]
2025-02-17 16:25:05.107 [info] fatal: not a git repository (or any parent up to mount point /teamspace/studios)
Stopping at filesystem boundary (GIT_DISCOVERY_ACROSS_FILESYSTEM not set).
2025-02-17 16:25:05.107 [info] > git rev-parse --show-toplevel [2ms]
2025-02-17 16:25:05.107 [info] fatal: not a git repository (or any parent up to mount point /teamspace/studios)
Stopping at filesystem boundary (GIT_DISCOVERY_ACROSS_FILESYSTEM not set).
2025-02-17 16:25:05.107 [info] > git rev-parse --show-toplevel [2ms]
2025-02-17 16:25:05.107 [info] fatal: not a git repository (or any parent up to mount point /teamspace/studios)
Stopping at filesystem boundary (GIT_DISCOVERY_ACROSS_FILESYSTEM not set).
2025-02-17 16:25:05.107 [info] > git rev-parse --show-toplevel [1ms]
2025-02-17 16:25:05.107 [info] fatal: not a git repository (or any parent up to mount point /teamspace/studios)
Stopping at filesystem boundary (GIT_DISCOVERY_ACROSS_FILESYSTEM not set).
2025-02-17 16:25:05.107 [info] > git rev-parse --show-toplevel [2ms]
2025-02-17 16:25:05.107 [info] fatal: not a git repository (or any parent up to mount point /teamspace/studios)
Stopping at filesystem boundary (GIT_DISCOVERY_ACROSS_FILESYSTEM not set).
2025-02-17 16:25:05.107 [info] [Model][doInitialScan] Initial repository scan completed - repositories (0), closed repositories (0), parent repositories (0), unsafe repositories (0)
2025-02-17 16:25:12.317 [info] > git rev-parse --show-toplevel [2ms]
2025-02-17 16:25:12.318 [info] fatal: not a git repository (or any parent up to mount point /teamspace/studios)
Stopping at filesystem boundary (GIT_DISCOVERY_ACROSS_FILESYSTEM not set).
2025-02-17 16:25:14.259 [info] > git rev-parse --show-toplevel [4ms]
2025-02-17 16:25:14.259 [info] fatal: not a git repository (or any parent up to mount point /teamspace/studios)
Stopping at filesystem boundary (GIT_DISCOVERY_ACROSS_FILESYSTEM not set).
2025-02-17 16:25:16.208 [info] > git rev-parse --show-toplevel [2ms]
2025-02-17 16:25:16.208 [info] fatal: not a git repository (or any parent up to mount point /teamspace/studios)
Stopping at filesystem boundary (GIT_DISCOVERY_ACROSS_FILESYSTEM not set).
2025-02-17 16:25:23.216 [info] > git rev-parse --show-toplevel [2ms]
2025-02-17 16:25:23.216 [info] fatal: not a git repository (or any parent up to mount point /teamspace/studios)
Stopping at filesystem boundary (GIT_DISCOVERY_ACROSS_FILESYSTEM not set).
2025-02-17 16:25:56.033 [info] > git rev-parse --show-toplevel [2ms]
2025-02-17 16:25:56.034 [info] fatal: not a git repository (or any parent up to mount point /teamspace/studios)
Stopping at filesystem boundary (GIT_DISCOVERY_ACROSS_FILESYSTEM not set).
