2025-02-16 10:23:42.896 [info] Starting Python Locator /teamspace/studios/this_studio/.vscode-server/extensions/ms-python.python-2025.0.0-linux-x64/python-env-tools/bin/pet server
2025-02-16 10:23:42.896 [info] Discovered manager: (Poetry) /commands/poetry
2025-02-16 10:23:42.896 [info] Discovered manager: (Conda) /home/zeus/miniconda3/bin/conda
2025-02-16 10:23:42.896 [info] Discovered env: /home/zeus/miniconda3/envs/cloudspace/bin/python
2025-02-16 10:23:42.897 [info] Discovered env: /bin/python3
2025-02-16 10:23:42.897 [info] Discovered env: /usr/bin/python3
2025-02-16 10:23:42.897 [info] Locator Conda took 54.613003ms
2025-02-16 10:23:42.897 [info] Locator Homebrew took 496.172µs
2025-02-16 10:23:42.898 [info] Locator LinuxGlobal took 33.096868ms
2025-02-16 10:23:42.898 [info] Locator PipEnv took 16.653µs
2025-02-16 10:23:42.898 [info] Locator Poetry took 680.592µs
2025-02-16 10:23:42.898 [info] Locator PyEnv took 176.077µs
2025-02-16 10:23:42.899 [info] Locator Venv took 27.68µs
2025-02-16 10:23:42.899 [info] Locator VirtualEnv took 13.327µs
2025-02-16 10:23:42.899 [info] Locator VirtualEnvWrapper took 288.736µs
2025-02-16 10:23:42.899 [info] Locator GlobalVirtualEnvs took 364.709µs
2025-02-16 10:23:42.900 [info] Locator Locators took 54.92405ms
2025-02-16 10:23:42.900 [info] Locator Path took 115.617508ms
2025-02-16 10:23:42.900 [info] Locator Workspaces took 37.330501ms
2025-02-16 10:23:42.900 [info] Refresh completed in 115ms
2025-02-16 10:23:42.908 [info] Resolved Python Environment /home/zeus/miniconda3/envs/cloudspace/bin/python
2025-02-16 10:23:43.254 [info] Discovered manager: (Conda) /home/zeus/miniconda3/bin/conda
2025-02-16 10:23:43.263 [info] Discovered env: /home/zeus/miniconda3/envs/cloudspace/bin/python
2025-02-16 10:23:43.269 [info] Discovered manager: (Poetry) /commands/poetry
2025-02-16 10:23:43.346 [info] Discovered env: /bin/python3
2025-02-16 10:23:43.360 [info] Discovered env: /usr/bin/python3
2025-02-16 10:23:43.435 [info] Locator Conda took 105.365214ms
2025-02-16 10:23:43.435 [info] Locator Homebrew took 408.064µs
2025-02-16 10:23:43.435 [info] Locator LinuxGlobal took 95.621603ms
2025-02-16 10:23:43.435 [info] Locator PipEnv took 21.065µs
2025-02-16 10:23:43.435 [info] Locator Poetry took 140.219µs
2025-02-16 10:23:43.435 [info] Locator PyEnv took 139.008µs
2025-02-16 10:23:43.435 [info] Locator Venv took 14.878µs
2025-02-16 10:23:43.435 [info] Locator VirtualEnv took 19.885µs
2025-02-16 10:23:43.435 [info] Locator VirtualEnvWrapper took 22.703µs
2025-02-16 10:23:43.435 [info] Locator GlobalVirtualEnvs took 43.509µs
2025-02-16 10:23:43.435 [info] Locator Locators took 110.885938ms
2025-02-16 10:23:43.435 [info] Locator Path took 189.626296ms
2025-02-16 10:23:43.435 [info] Locator Workspaces took 130.5848ms
2025-02-16 10:23:43.435 [info] Refresh completed in 189ms
2025-02-16 10:44:12.633 [info] Resolved Python Environment /home/zeus/miniconda3/envs/cloudspace/bin/python
2025-02-16 10:44:52.281 [info] Resolved Python Environment /home/zeus/miniconda3/envs/cloudspace/bin/python
2025-02-16 10:46:50.787 [info] Resolved Python Environment /home/zeus/miniconda3/envs/cloudspace/bin/python
2025-02-16 10:47:25.445 [info] Resolved Python Environment /home/zeus/miniconda3/envs/cloudspace/bin/python
2025-02-16 10:47:55.809 [info] Resolved Python Environment /home/zeus/miniconda3/envs/cloudspace/bin/python
2025-02-16 10:49:02.236 [info] Resolved Python Environment /home/zeus/miniconda3/envs/cloudspace/bin/python
2025-02-16 10:53:18.720 [info] Resolved Python Environment /home/zeus/miniconda3/envs/cloudspace/bin/python
