2025-02-16 09:45:30.498 [info] Experiment 'pythonRecommendTensorboardExt' is active
2025-02-16 09:45:30.498 [info] Experiment 'pythonTerminalEnvVarActivation' is active
2025-02-16 09:45:30.498 [info] Experiment 'pythonTestAdapter' is active
2025-02-16 09:45:30.498 [info] Native locator: Refresh started
2025-02-16 09:45:30.498 [info] Poetry environment manager found at: /commands/poetry
2025-02-16 09:45:30.498 [info] Conda environment manager found at: /home/zeus/miniconda3/bin/conda
2025-02-16 09:45:30.498 [info] Using conda: /home/zeus/miniconda3/bin/conda
2025-02-16 09:45:30.498 [info] Native locator: Refresh finished in 250 ms
2025-02-16 09:45:30.504 [info] > /home/zeus/miniconda3/bin/conda info --json
2025-02-16 09:45:30.839 [info] Native locator: Refresh started
2025-02-16 09:45:30.842 [info] Conda environment manager found at: /home/zeus/miniconda3/bin/conda
2025-02-16 09:45:30.842 [info] Conda set to: /home/zeus/miniconda3/bin/conda
2025-02-16 09:45:30.846 [info] Poetry environment manager found at: /commands/poetry
2025-02-16 09:45:31.005 [info] Python interpreter path: /home/zeus/miniconda3/envs/cloudspace/bin/python
2025-02-16 09:45:31.013 [info] > pyenv which python
2025-02-16 09:45:31.013 [info] cwd: .
2025-02-16 09:45:31.041 [info] Native locator: Refresh finished in 203 ms
2025-02-16 09:45:31.684 [info] > /home/zeus/miniconda3/bin/conda run -n cloudspace --no-capture-output python ./.vscode-server/extensions/ms-python.python-2025.0.0-linux-x64/python_files/get_output_via_markers.py ./.vscode-server/extensions/ms-python.python-2025.0.0-linux-x64/python_files/printEnvVariables.py
2025-02-16 09:45:31.685 [info] shell: bash
2025-02-16 09:45:31.685 [info] > /home/zeus/miniconda3/bin/conda run -n cloudspace --no-capture-output python ./.vscode-server/extensions/ms-python.python-2025.0.0-linux-x64/python_files/get_output_via_markers.py ./.vscode-server/extensions/ms-python.python-2025.0.0-linux-x64/python_files/printEnvVariables.py
2025-02-16 09:45:31.685 [info] shell: bash
2025-02-16 09:45:32.356 [warning] Shell integration may not be active, environment activated may be overridden by the shell.
2025-02-16 09:45:33.591 [info] Starting Pylance language server.
