2025-02-17 14:35:30.754 [info] [main] Log level: Info
2025-02-17 14:35:30.754 [info] [main] Validating found git in: "git"
2025-02-17 14:35:30.754 [info] [main] Using git "2.42.0" from "git"
2025-02-17 14:35:30.754 [info] [Model][doInitialScan] Initial repository scan started
2025-02-17 14:35:30.754 [info] > git rev-parse --show-toplevel [2ms]
2025-02-17 14:35:30.754 [info] fatal: not a git repository (or any parent up to mount point /teamspace/studios)
Stopping at filesystem boundary (GIT_DISCOVERY_ACROSS_FILESYSTEM not set).
2025-02-17 14:35:30.754 [info] > git rev-parse --show-toplevel [2ms]
2025-02-17 14:35:30.754 [info] fatal: not a git repository (or any parent up to mount point /teamspace/studios)
Stopping at filesystem boundary (GIT_DISCOVERY_ACROSS_FILESYSTEM not set).
2025-02-17 14:35:30.754 [info] > git rev-parse --show-toplevel [2ms]
2025-02-17 14:35:30.754 [info] fatal: not a git repository (or any parent up to mount point /teamspace/studios)
Stopping at filesystem boundary (GIT_DISCOVERY_ACROSS_FILESYSTEM not set).
2025-02-17 14:35:30.754 [info] > git rev-parse --show-toplevel [2ms]
2025-02-17 14:35:30.754 [info] fatal: not a git repository (or any parent up to mount point /teamspace/studios)
Stopping at filesystem boundary (GIT_DISCOVERY_ACROSS_FILESYSTEM not set).
2025-02-17 14:35:30.754 [info] > git rev-parse --show-toplevel [2ms]
2025-02-17 14:35:30.754 [info] fatal: not a git repository (or any parent up to mount point /teamspace/studios)
Stopping at filesystem boundary (GIT_DISCOVERY_ACROSS_FILESYSTEM not set).
2025-02-17 14:35:30.754 [info] > git rev-parse --show-toplevel [1ms]
2025-02-17 14:35:30.754 [info] fatal: not a git repository (or any parent up to mount point /teamspace/studios)
Stopping at filesystem boundary (GIT_DISCOVERY_ACROSS_FILESYSTEM not set).
2025-02-17 14:35:30.754 [info] > git rev-parse --show-toplevel [2ms]
2025-02-17 14:35:30.754 [info] fatal: not a git repository (or any parent up to mount point /teamspace/studios)
Stopping at filesystem boundary (GIT_DISCOVERY_ACROSS_FILESYSTEM not set).
2025-02-17 14:35:30.754 [info] > git rev-parse --show-toplevel [2ms]
2025-02-17 14:35:30.754 [info] fatal: not a git repository (or any parent up to mount point /teamspace/studios)
Stopping at filesystem boundary (GIT_DISCOVERY_ACROSS_FILESYSTEM not set).
2025-02-17 14:35:30.754 [info] > git rev-parse --show-toplevel [2ms]
2025-02-17 14:35:30.754 [info] fatal: not a git repository (or any parent up to mount point /teamspace/studios)
Stopping at filesystem boundary (GIT_DISCOVERY_ACROSS_FILESYSTEM not set).
2025-02-17 14:35:30.754 [info] > git rev-parse --show-toplevel [2ms]
2025-02-17 14:35:30.754 [info] fatal: not a git repository (or any parent up to mount point /teamspace/studios)
Stopping at filesystem boundary (GIT_DISCOVERY_ACROSS_FILESYSTEM not set).
2025-02-17 14:35:30.754 [info] > git rev-parse --show-toplevel [2ms]
2025-02-17 14:35:30.754 [info] fatal: not a git repository (or any parent up to mount point /teamspace/studios)
Stopping at filesystem boundary (GIT_DISCOVERY_ACROSS_FILESYSTEM not set).
2025-02-17 14:35:30.754 [info] > git rev-parse --show-toplevel [2ms]
2025-02-17 14:35:30.754 [info] fatal: not a git repository (or any parent up to mount point /teamspace/studios)
Stopping at filesystem boundary (GIT_DISCOVERY_ACROSS_FILESYSTEM not set).
2025-02-17 14:35:30.754 [info] [Model][doInitialScan] Initial repository scan completed - repositories (0), closed repositories (0), parent repositories (0), unsafe repositories (0)
2025-02-17 14:35:36.856 [info] > git rev-parse --show-toplevel [13ms]
2025-02-17 14:35:36.870 [info] fatal: not a git repository (or any parent up to mount point /teamspace/studios)
Stopping at filesystem boundary (GIT_DISCOVERY_ACROSS_FILESYSTEM not set).
2025-02-17 14:35:38.158 [info] > git rev-parse --show-toplevel [4ms]
2025-02-17 14:35:38.158 [info] fatal: not a git repository (or any parent up to mount point /teamspace/studios)
Stopping at filesystem boundary (GIT_DISCOVERY_ACROSS_FILESYSTEM not set).
2025-02-17 14:44:58.901 [info] > git rev-parse --show-toplevel [16ms]
2025-02-17 14:44:58.907 [info] fatal: not a git repository (or any parent up to mount point /teamspace/studios)
Stopping at filesystem boundary (GIT_DISCOVERY_ACROSS_FILESYSTEM not set).
2025-02-17 14:52:19.093 [info] > git rev-parse --show-toplevel [12ms]
2025-02-17 14:52:19.094 [info] fatal: not a git repository (or any parent up to mount point /teamspace/studios)
Stopping at filesystem boundary (GIT_DISCOVERY_ACROSS_FILESYSTEM not set).
2025-02-17 14:55:09.498 [info] > git rev-parse --show-toplevel [3ms]
2025-02-17 14:55:09.499 [info] fatal: not a git repository (or any parent up to mount point /system)
Stopping at filesystem boundary (GIT_DISCOVERY_ACROSS_FILESYSTEM not set).
2025-02-17 14:56:11.056 [info] > git rev-parse --show-toplevel [3ms]
2025-02-17 14:56:11.058 [info] fatal: not a git repository (or any parent up to mount point /system)
Stopping at filesystem boundary (GIT_DISCOVERY_ACROSS_FILESYSTEM not set).
2025-02-17 14:56:15.087 [info] > git rev-parse --show-toplevel [3ms]
2025-02-17 14:56:15.087 [info] fatal: not a git repository (or any parent up to mount point /system)
Stopping at filesystem boundary (GIT_DISCOVERY_ACROSS_FILESYSTEM not set).
2025-02-17 14:56:15.093 [info] > git rev-parse --show-toplevel [3ms]
2025-02-17 14:56:15.093 [info] fatal: not a git repository (or any parent up to mount point /system)
Stopping at filesystem boundary (GIT_DISCOVERY_ACROSS_FILESYSTEM not set).
2025-02-17 14:56:17.103 [info] > git rev-parse --show-toplevel [2ms]
2025-02-17 14:56:17.103 [info] fatal: not a git repository (or any parent up to mount point /system)
Stopping at filesystem boundary (GIT_DISCOVERY_ACROSS_FILESYSTEM not set).
2025-02-17 14:56:20.755 [info] > git rev-parse --show-toplevel [2ms]
2025-02-17 14:56:20.756 [info] fatal: not a git repository (or any parent up to mount point /system)
Stopping at filesystem boundary (GIT_DISCOVERY_ACROSS_FILESYSTEM not set).
2025-02-17 14:56:22.763 [info] > git rev-parse --show-toplevel [3ms]
2025-02-17 14:56:22.763 [info] fatal: not a git repository (or any parent up to mount point /system)
Stopping at filesystem boundary (GIT_DISCOVERY_ACROSS_FILESYSTEM not set).
2025-02-17 14:58:21.458 [info] > git rev-parse --show-toplevel [4ms]
2025-02-17 14:58:21.458 [info] fatal: not a git repository (or any parent up to mount point /system)
Stopping at filesystem boundary (GIT_DISCOVERY_ACROSS_FILESYSTEM not set).
2025-02-17 14:58:22.128 [info] > git rev-parse --show-toplevel [2ms]
2025-02-17 14:58:22.128 [info] fatal: not a git repository (or any parent up to mount point /system)
Stopping at filesystem boundary (GIT_DISCOVERY_ACROSS_FILESYSTEM not set).
2025-02-17 14:58:22.216 [info] > git rev-parse --show-toplevel [2ms]
2025-02-17 14:58:22.216 [info] fatal: not a git repository (or any parent up to mount point /system)
Stopping at filesystem boundary (GIT_DISCOVERY_ACROSS_FILESYSTEM not set).
2025-02-17 14:58:22.815 [info] > git rev-parse --show-toplevel [2ms]
2025-02-17 14:58:22.815 [info] fatal: not a git repository (or any parent up to mount point /system)
Stopping at filesystem boundary (GIT_DISCOVERY_ACROSS_FILESYSTEM not set).
2025-02-17 14:59:22.559 [info] > git rev-parse --show-toplevel [2ms]
2025-02-17 14:59:22.560 [info] fatal: not a git repository (or any parent up to mount point /system)
Stopping at filesystem boundary (GIT_DISCOVERY_ACROSS_FILESYSTEM not set).
