2025-02-17 16:25:23.832 [info] (Client) Pylance async client (2025.2.1) started with python extension (2025.0.0)
2025-02-17 16:25:24.335 [info] [Info  - 4:25:24 PM] (1952) Server root directory: file:///teamspace/studios/this_studio/.vscode-server/extensions/ms-python.vscode-pylance-2025.2.1/dist
2025-02-17 16:25:24.336 [info] [Info  - 4:25:24 PM] (1952) Pylance language server 2025.2.1 (pyright version 1.1.393, commit 3763156f) starting
2025-02-17 16:25:24.336 [info] [Info  - 4:25:24 PM] (1952) Starting service instance "this_studio"
2025-02-17 16:25:24.398 [info] [Info  - 4:25:24 PM] (1952) Setting environmentName for service "this_studio": "3.10.10 (cloudspace conda)"
2025-02-17 16:25:24.398 [info] [Info  - 4:25:24 PM] (1952) Setting pythonPath for service "this_studio": "/home/zeus/miniconda3/envs/cloudspace/bin/python"
2025-02-17 16:25:24.399 [info] [Info  - 4:25:24 PM] (1952) No include entries specified; assuming /teamspace/studios/this_studio
2025-02-17 16:25:24.400 [info] [Info  - 4:25:24 PM] (1952) Auto-excluding **/node_modules
2025-02-17 16:25:24.400 [info] [Info  - 4:25:24 PM] (1952) Auto-excluding **/__pycache__
2025-02-17 16:25:24.400 [info] [Info  - 4:25:24 PM] (1952) Auto-excluding **/.*
2025-02-17 16:25:24.420 [info] [Info  - 4:25:24 PM] (1952) Assuming Python version 3.10.10.final.0
2025-02-17 16:25:24.661 [info] [Info  - 4:25:24 PM] (1952) Found 1 source file
2025-02-17 16:25:24.695 [info] [Info  - 4:25:24 PM] (1952) Starting service instance "this_studio"
2025-02-17 16:25:24.722 [info] [Info  - 4:25:24 PM] (1952) Setting environmentName for service "this_studio": "3.10.10 (cloudspace conda)"
2025-02-17 16:25:24.723 [info] [Info  - 4:25:24 PM] (1952) Setting pythonPath for service "this_studio": "/teamspace/studios/this_studio"
2025-02-17 16:25:24.723 [info] [Info  - 4:25:24 PM] (1952) No include entries specified; assuming /teamspace/studios/this_studio
2025-02-17 16:25:24.723 [info] [Info  - 4:25:24 PM] (1952) Auto-excluding **/node_modules
2025-02-17 16:25:24.723 [info] [Info  - 4:25:24 PM] (1952) Auto-excluding **/__pycache__
2025-02-17 16:25:24.723 [info] [Info  - 4:25:24 PM] (1952) Auto-excluding **/.*
2025-02-17 16:25:24.819 [info] [Info  - 4:25:24 PM] (1952) Found 1 source file
2025-02-17 16:25:24.991 [info] [Info  - 4:25:24 PM] (1952) Background analysis(1) root directory: file:///teamspace/studios/this_studio/.vscode-server/extensions/ms-python.vscode-pylance-2025.2.1/dist
2025-02-17 16:25:24.991 [info] [Info  - 4:25:24 PM] (1952) Background analysis(1) started
2025-02-17 16:25:25.323 [info] [Info  - 4:25:25 PM] (1952) Background analysis(2) root directory: file:///teamspace/studios/this_studio/.vscode-server/extensions/ms-python.vscode-pylance-2025.2.1/dist
2025-02-17 16:25:25.326 [info] [Info  - 4:25:25 PM] (1952) Background analysis(2) started
2025-02-17 16:25:25.423 [info] [Info  - 4:25:25 PM] (1952) Indexer background runner(3) root directory: file:///teamspace/studios/this_studio/.vscode-server/extensions/ms-python.vscode-pylance-2025.2.1/dist (index)
2025-02-17 16:25:25.423 [info] [Info  - 4:25:25 PM] (1952) Indexing(3) started
2025-02-17 16:25:26.378 [info] [Info  - 4:25:26 PM] (1952) scanned(3) 1 files over 1 exec env
2025-02-17 16:25:26.526 [info] [Info  - 4:25:26 PM] (1952) indexed(3) 1 files over 1 exec env
2025-02-17 16:25:26.539 [info] [Info  - 4:25:26 PM] (1952) Indexing finished(3).
