2025-02-17 11:26:16.507 [info] [main] Log level: Info
2025-02-17 11:26:16.507 [info] [main] Validating found git in: "git"
2025-02-17 11:26:16.507 [info] [main] Using git "2.42.0" from "git"
2025-02-17 11:26:16.507 [info] [Model][doInitialScan] Initial repository scan started
2025-02-17 11:26:16.507 [info] > git rev-parse --show-toplevel [3ms]
2025-02-17 11:26:16.507 [info] fatal: not a git repository (or any parent up to mount point /teamspace/studios)
Stopping at filesystem boundary (GIT_DISCOVERY_ACROSS_FILESYSTEM not set).
2025-02-17 11:26:16.507 [info] > git rev-parse --show-toplevel [2ms]
2025-02-17 11:26:16.507 [info] fatal: not a git repository (or any parent up to mount point /teamspace/studios)
Stopping at filesystem boundary (GIT_DISCOVERY_ACROSS_FILESYSTEM not set).
2025-02-17 11:26:16.507 [info] > git rev-parse --show-toplevel [3ms]
2025-02-17 11:26:16.507 [info] fatal: not a git repository (or any parent up to mount point /teamspace/studios)
Stopping at filesystem boundary (GIT_DISCOVERY_ACROSS_FILESYSTEM not set).
2025-02-17 11:26:16.507 [info] > git rev-parse --show-toplevel [3ms]
2025-02-17 11:26:16.507 [info] fatal: not a git repository (or any parent up to mount point /teamspace/studios)
Stopping at filesystem boundary (GIT_DISCOVERY_ACROSS_FILESYSTEM not set).
2025-02-17 11:26:16.507 [info] > git rev-parse --show-toplevel [2ms]
2025-02-17 11:26:16.507 [info] fatal: not a git repository (or any parent up to mount point /teamspace/studios)
Stopping at filesystem boundary (GIT_DISCOVERY_ACROSS_FILESYSTEM not set).
2025-02-17 11:26:16.507 [info] > git rev-parse --show-toplevel [2ms]
2025-02-17 11:26:16.507 [info] fatal: not a git repository (or any parent up to mount point /teamspace/studios)
Stopping at filesystem boundary (GIT_DISCOVERY_ACROSS_FILESYSTEM not set).
2025-02-17 11:26:16.507 [info] > git rev-parse --show-toplevel [3ms]
2025-02-17 11:26:16.507 [info] fatal: not a git repository (or any parent up to mount point /teamspace/studios)
Stopping at filesystem boundary (GIT_DISCOVERY_ACROSS_FILESYSTEM not set).
2025-02-17 11:26:16.507 [info] > git rev-parse --show-toplevel [2ms]
2025-02-17 11:26:16.507 [info] fatal: not a git repository (or any parent up to mount point /teamspace/studios)
Stopping at filesystem boundary (GIT_DISCOVERY_ACROSS_FILESYSTEM not set).
2025-02-17 11:26:16.507 [info] > git rev-parse --show-toplevel [2ms]
2025-02-17 11:26:16.507 [info] fatal: not a git repository (or any parent up to mount point /teamspace/studios)
Stopping at filesystem boundary (GIT_DISCOVERY_ACROSS_FILESYSTEM not set).
2025-02-17 11:26:16.507 [info] > git rev-parse --show-toplevel [2ms]
2025-02-17 11:26:16.507 [info] fatal: not a git repository (or any parent up to mount point /teamspace/studios)
Stopping at filesystem boundary (GIT_DISCOVERY_ACROSS_FILESYSTEM not set).
2025-02-17 11:26:16.507 [info] > git rev-parse --show-toplevel [2ms]
2025-02-17 11:26:16.507 [info] fatal: not a git repository (or any parent up to mount point /teamspace/studios)
Stopping at filesystem boundary (GIT_DISCOVERY_ACROSS_FILESYSTEM not set).
2025-02-17 11:26:16.507 [info] [Model][doInitialScan] Initial repository scan completed - repositories (0), closed repositories (0), parent repositories (0), unsafe repositories (0)
2025-02-17 11:26:16.507 [info] > git rev-parse --show-toplevel [2ms]
2025-02-17 11:26:16.507 [info] fatal: not a git repository (or any parent up to mount point /teamspace/studios)
Stopping at filesystem boundary (GIT_DISCOVERY_ACROSS_FILESYSTEM not set).
2025-02-17 11:26:20.685 [info] > git rev-parse --show-toplevel [2ms]
2025-02-17 11:26:20.686 [info] fatal: not a git repository (or any parent up to mount point /teamspace/studios)
Stopping at filesystem boundary (GIT_DISCOVERY_ACROSS_FILESYSTEM not set).
2025-02-17 12:02:13.190 [info] > git rev-parse --show-toplevel [4ms]
2025-02-17 12:02:13.191 [info] fatal: not a git repository (or any parent up to mount point /teamspace/studios)
Stopping at filesystem boundary (GIT_DISCOVERY_ACROSS_FILESYSTEM not set).
2025-02-17 12:04:07.879 [info] > git rev-parse --show-toplevel [13ms]
2025-02-17 12:04:07.881 [info] fatal: not a git repository (or any parent up to mount point /teamspace/studios)
Stopping at filesystem boundary (GIT_DISCOVERY_ACROSS_FILESYSTEM not set).
2025-02-17 12:22:51.085 [info] > git rev-parse --show-toplevel [2ms]
2025-02-17 12:22:51.085 [info] fatal: not a git repository (or any parent up to mount point /teamspace/studios)
Stopping at filesystem boundary (GIT_DISCOVERY_ACROSS_FILESYSTEM not set).
2025-02-17 12:41:22.439 [info] > git rev-parse --show-toplevel [1ms]
2025-02-17 12:41:22.440 [info] fatal: not a git repository (or any parent up to mount point /teamspace/studios)
Stopping at filesystem boundary (GIT_DISCOVERY_ACROSS_FILESYSTEM not set).
